Compilación iniciada a las 16/05/2014 9:05:23.
     1>Proyecto "C:\Users\Aitor\SkyDrive\Documentos\MGEP\1\Programazioa II\src\EskolaProiektua\EskolaProiektua 1.3.1\EskolaProiektua\EskolaProiektua.vcxproj" en el nodo 2 (Build destinos).
     1>ClCompile:
         C:\Program Files (x86)\Microsoft Visual Studio 12.0\VC\bin\CL.exe /c /ZI /nologo /W3 /WX- /Od /Oy- /D WIN32 /D _DEBUG /D _CONSOLE /D _LIB /D _UNICODE /D UNICODE /Gm /EHsc /RTC1 /MDd /GS /fp:precise /Zc:wchar_t /Zc:forScope /Fo"Debug\\" /Fd"Debug\vc120.pdb" /Gd /TC /analyze- /errorReport:prompt bistaratu.c datuenModifikazioa.c fitxeroetakoDatuak.c main.c menua.c
         menua.c
     1>c:\users\aitor\skydrive\documentos\mgep\1\programazioa ii\src\eskolaproiektua\eskolaproiektua 1.3.1\eskolaproiektua\menua.c(8): error C2065: 'ESKOLAMAX' : identificador no declarado
     1>c:\users\aitor\skydrive\documentos\mgep\1\programazioa ii\src\eskolaproiektua\eskolaproiektua 1.3.1\eskolaproiektua\menua.c(8): error C2057: se esperaba una expresión constante
     1>c:\users\aitor\skydrive\documentos\mgep\1\programazioa ii\src\eskolaproiektua\eskolaproiektua 1.3.1\eskolaproiektua\menua.c(8): error C2466: no se puede asignar una matriz de tamaño constante 0
     1>c:\users\aitor\skydrive\documentos\mgep\1\programazioa ii\src\eskolaproiektua\eskolaproiektua 1.3.1\eskolaproiektua\menua.c(8): error C2133: 'eskolak' : tamaño desconocido
     1>c:\users\aitor\skydrive\documentos\mgep\1\programazioa ii\src\eskolaproiektua\eskolaproiektua 1.3.1\eskolaproiektua\menua.c(16): error C2065: 'ESKOLAMAX' : identificador no declarado
     1>c:\users\aitor\skydrive\documentos\mgep\1\programazioa ii\src\eskolaproiektua\eskolaproiektua 1.3.1\eskolaproiektua\menua.c(21): error C2065: 'ESKOLAMAX' : identificador no declarado
     1>c:\users\aitor\skydrive\documentos\mgep\1\programazioa ii\src\eskolaproiektua\eskolaproiektua 1.3.1\eskolaproiektua\menua.c(50): warning C4013: 'MENUA_eskolaAukeratuAdministratzailea' sin definir; se supone que extern devuelve como resultado int
     1>c:\users\aitor\skydrive\documentos\mgep\1\programazioa ii\src\eskolaproiektua\eskolaproiektua 1.3.1\eskolaproiektua\menua.c(81): warning C4013: 'DATUENMODIFIKAZIOA_ikasleBatSartu' sin definir; se supone que extern devuelve como resultado int
     1>c:\users\aitor\skydrive\documentos\mgep\1\programazioa ii\src\eskolaproiektua\eskolaproiektua 1.3.1\eskolaproiektua\menua.c(84): warning C4013: 'DATUENMODIFIKAZIOA_eskolakoDatuakModifikatu' sin definir; se supone que extern devuelve como resultado int
     1>c:\users\aitor\skydrive\documentos\mgep\1\programazioa ii\src\eskolaproiektua\eskolaproiektua 1.3.1\eskolaproiektua\menua.c(87): warning C4013: 'DATUENMODIFIKAZIOA_gelaFisikoaAsignatu' sin definir; se supone que extern devuelve como resultado int
     1>c:\users\aitor\skydrive\documentos\mgep\1\programazioa ii\src\eskolaproiektua\eskolaproiektua 1.3.1\eskolaproiektua\menua.c(90): warning C4013: 'DATUENMODIFIKAZIOA_irakasleakAsignatu' sin definir; se supone que extern devuelve como resultado int
     1>c:\users\aitor\skydrive\documentos\mgep\1\programazioa ii\src\eskolaproiektua\eskolaproiektua 1.3.1\eskolaproiektua\menua.c(93): warning C4013: 'DATUENMODIFIKAZIOA_tutoreaAsignatu' sin definir; se supone que extern devuelve como resultado int
     1>c:\users\aitor\skydrive\documentos\mgep\1\programazioa ii\src\eskolaproiektua\eskolaproiektua 1.3.1\eskolaproiektua\menua.c(96): warning C4013: 'DATUENMODIFIKAZIOA_ikasgaiakSartuAdministrazioa' sin definir; se supone que extern devuelve como resultado int
     1>c:\users\aitor\skydrive\documentos\mgep\1\programazioa ii\src\eskolaproiektua\eskolaproiektua 1.3.1\eskolaproiektua\menua.c(99): warning C4013: 'DATUENMODIFIKAZIOA_eskolakoMailakJarri' sin definir; se supone que extern devuelve como resultado int
     1>c:\users\aitor\skydrive\documentos\mgep\1\programazioa ii\src\eskolaproiektua\eskolaproiektua 1.3.1\eskolaproiektua\menua.c(116): warning C4013: 'DATUENMODIFIKAZIOA_notakSartu' sin definir; se supone que extern devuelve como resultado int
     1>c:\users\aitor\skydrive\documentos\mgep\1\programazioa ii\src\eskolaproiektua\eskolaproiektua 1.3.1\eskolaproiektua\menua.c(119): warning C4013: 'BISTARATU_notakBistaratuIrakaslearentzat' sin definir; se supone que extern devuelve como resultado int
     1>c:\users\aitor\skydrive\documentos\mgep\1\programazioa ii\src\eskolaproiektua\eskolaproiektua 1.3.1\eskolaproiektua\menua.c(122): warning C4013: 'BISTARATU_ikaslearenBatezbestekoa' sin definir; se supone que extern devuelve como resultado int
     1>c:\users\aitor\skydrive\documentos\mgep\1\programazioa ii\src\eskolaproiektua\eskolaproiektua 1.3.1\eskolaproiektua\menua.c(125): warning C4013: 'BISTARATU_taldekoIkasgaikoBatezbestekoa' sin definir; se supone que extern devuelve como resultado int
     1>c:\users\aitor\skydrive\documentos\mgep\1\programazioa ii\src\eskolaproiektua\eskolaproiektua 1.3.1\eskolaproiektua\menua.c(128): warning C4013: 'BISTARATU_taldekoBatezbestekoa' sin definir; se supone que extern devuelve como resultado int
     1>c:\users\aitor\skydrive\documentos\mgep\1\programazioa ii\src\eskolaproiektua\eskolaproiektua 1.3.1\eskolaproiektua\menua.c(131): warning C4013: 'BISTARATU_taldekoBatezbestekoHoberena' sin definir; se supone que extern devuelve como resultado int
     1>c:\users\aitor\skydrive\documentos\mgep\1\programazioa ii\src\eskolaproiektua\eskolaproiektua 1.3.1\eskolaproiektua\menua.c(134): warning C4013: 'BISTARATU_taldekoIkasleakBatezbestekoarenArabera' sin definir; se supone que extern devuelve como resultado int
     1>c:\users\aitor\skydrive\documentos\mgep\1\programazioa ii\src\eskolaproiektua\eskolaproiektua 1.3.1\eskolaproiektua\menua.c(155): warning C4013: 'BISTARATU_notakBistaratuIkaslearentzat' sin definir; se supone que extern devuelve como resultado int
     1>c:\users\aitor\skydrive\documentos\mgep\1\programazioa ii\src\eskolaproiektua\eskolaproiektua 1.3.1\eskolaproiektua\menua.c(193): error C2065: 'IKASLEA' : identificador no declarado
     1>c:\users\aitor\skydrive\documentos\mgep\1\programazioa ii\src\eskolaproiektua\eskolaproiektua 1.3.1\eskolaproiektua\menua.c(193): error C2146: error de sintaxis : falta ';' delante del identificador 'ikasleak'
     1>c:\users\aitor\skydrive\documentos\mgep\1\programazioa ii\src\eskolaproiektua\eskolaproiektua 1.3.1\eskolaproiektua\menua.c(193): error C2065: 'ikasleak' : identificador no declarado
     1>c:\users\aitor\skydrive\documentos\mgep\1\programazioa ii\src\eskolaproiektua\eskolaproiektua 1.3.1\eskolaproiektua\menua.c(193): error C2109: el subíndice requiere una matriz o tipo de puntero
     1>c:\users\aitor\skydrive\documentos\mgep\1\programazioa ii\src\eskolaproiektua\eskolaproiektua 1.3.1\eskolaproiektua\menua.c(202): error C2065: 'ikasleak' : identificador no declarado
     1>c:\users\aitor\skydrive\documentos\mgep\1\programazioa ii\src\eskolaproiektua\eskolaproiektua 1.3.1\eskolaproiektua\menua.c(202): error C2109: el subíndice requiere una matriz o tipo de puntero
     1>c:\users\aitor\skydrive\documentos\mgep\1\programazioa ii\src\eskolaproiektua\eskolaproiektua 1.3.1\eskolaproiektua\menua.c(202): error C2065: 'IKASLEA' : identificador no declarado
     1>c:\users\aitor\skydrive\documentos\mgep\1\programazioa ii\src\eskolaproiektua\eskolaproiektua 1.3.1\eskolaproiektua\menua.c(202): warning C4022: 'fread' : no coincide el puntero para el parámetro real 1
     1>c:\users\aitor\skydrive\documentos\mgep\1\programazioa ii\src\eskolaproiektua\eskolaproiektua 1.3.1\eskolaproiektua\menua.c(202): warning C4047: 'función' : 'size_t' es distinto en los niveles de direccionamiento indirecto de 'FILE *'
     1>c:\users\aitor\skydrive\documentos\mgep\1\programazioa ii\src\eskolaproiektua\eskolaproiektua 1.3.1\eskolaproiektua\menua.c(202): warning C4024: 'fread' : tipos distintos para el parámetro formal y el parámetro real 3
     1>c:\users\aitor\skydrive\documentos\mgep\1\programazioa ii\src\eskolaproiektua\eskolaproiektua 1.3.1\eskolaproiektua\menua.c(202): error C2198: 'fread' : no hay suficientes argumentos para la llamada
     1>c:\users\aitor\skydrive\documentos\mgep\1\programazioa ii\src\eskolaproiektua\eskolaproiektua 1.3.1\eskolaproiektua\menua.c(205): error C2065: 'ikasleak' : identificador no declarado
     1>c:\users\aitor\skydrive\documentos\mgep\1\programazioa ii\src\eskolaproiektua\eskolaproiektua 1.3.1\eskolaproiektua\menua.c(205): error C2109: el subíndice requiere una matriz o tipo de puntero
     1>c:\users\aitor\skydrive\documentos\mgep\1\programazioa ii\src\eskolaproiektua\eskolaproiektua 1.3.1\eskolaproiektua\menua.c(221): error C2065: 'IRAKASLEA' : identificador no declarado
     1>c:\users\aitor\skydrive\documentos\mgep\1\programazioa ii\src\eskolaproiektua\eskolaproiektua 1.3.1\eskolaproiektua\menua.c(221): error C2146: error de sintaxis : falta ';' delante del identificador 'irakasleak'
     1>c:\users\aitor\skydrive\documentos\mgep\1\programazioa ii\src\eskolaproiektua\eskolaproiektua 1.3.1\eskolaproiektua\menua.c(221): error C2065: 'irakasleak' : identificador no declarado
     1>c:\users\aitor\skydrive\documentos\mgep\1\programazioa ii\src\eskolaproiektua\eskolaproiektua 1.3.1\eskolaproiektua\menua.c(221): error C2109: el subíndice requiere una matriz o tipo de puntero
     1>c:\users\aitor\skydrive\documentos\mgep\1\programazioa ii\src\eskolaproiektua\eskolaproiektua 1.3.1\eskolaproiektua\menua.c(229): error C2065: 'irakasleak' : identificador no declarado
     1>c:\users\aitor\skydrive\documentos\mgep\1\programazioa ii\src\eskolaproiektua\eskolaproiektua 1.3.1\eskolaproiektua\menua.c(229): error C2109: el subíndice requiere una matriz o tipo de puntero
     1>c:\users\aitor\skydrive\documentos\mgep\1\programazioa ii\src\eskolaproiektua\eskolaproiektua 1.3.1\eskolaproiektua\menua.c(229): error C2065: 'IRAKASLEA' : identificador no declarado
     1>c:\users\aitor\skydrive\documentos\mgep\1\programazioa ii\src\eskolaproiektua\eskolaproiektua 1.3.1\eskolaproiektua\menua.c(229): warning C4022: 'fread' : no coincide el puntero para el parámetro real 1
     1>c:\users\aitor\skydrive\documentos\mgep\1\programazioa ii\src\eskolaproiektua\eskolaproiektua 1.3.1\eskolaproiektua\menua.c(229): warning C4047: 'función' : 'size_t' es distinto en los niveles de direccionamiento indirecto de 'FILE *'
     1>c:\users\aitor\skydrive\documentos\mgep\1\programazioa ii\src\eskolaproiektua\eskolaproiektua 1.3.1\eskolaproiektua\menua.c(229): warning C4024: 'fread' : tipos distintos para el parámetro formal y el parámetro real 3
     1>c:\users\aitor\skydrive\documentos\mgep\1\programazioa ii\src\eskolaproiektua\eskolaproiektua 1.3.1\eskolaproiektua\menua.c(229): error C2198: 'fread' : no hay suficientes argumentos para la llamada
     1>c:\users\aitor\skydrive\documentos\mgep\1\programazioa ii\src\eskolaproiektua\eskolaproiektua 1.3.1\eskolaproiektua\menua.c(232): error C2065: 'irakasleak' : identificador no declarado
     1>c:\users\aitor\skydrive\documentos\mgep\1\programazioa ii\src\eskolaproiektua\eskolaproiektua 1.3.1\eskolaproiektua\menua.c(232): error C2109: el subíndice requiere una matriz o tipo de puntero
     1>c:\users\aitor\skydrive\documentos\mgep\1\programazioa ii\src\eskolaproiektua\eskolaproiektua 1.3.1\eskolaproiektua\menua.c(250): error C2275: 'ADMINISTRATZAILEA' : uso no válido de este tipo como expresión
                 c:\users\aitor\skydrive\documentos\mgep\1\programazioa ii\src\eskolaproiektua\eskolaproiektua 1.3.1\eskolaproiektua\main.h(42) : vea la declaración de 'ADMINISTRATZAILEA'
     1>c:\users\aitor\skydrive\documentos\mgep\1\programazioa ii\src\eskolaproiektua\eskolaproiektua 1.3.1\eskolaproiektua\menua.c(250): error C2146: error de sintaxis : falta ';' delante del identificador 'administratzaileak'
     1>c:\users\aitor\skydrive\documentos\mgep\1\programazioa ii\src\eskolaproiektua\eskolaproiektua 1.3.1\eskolaproiektua\menua.c(250): error C2065: 'administratzaileak' : identificador no declarado
     1>c:\users\aitor\skydrive\documentos\mgep\1\programazioa ii\src\eskolaproiektua\eskolaproiektua 1.3.1\eskolaproiektua\menua.c(250): error C2109: el subíndice requiere una matriz o tipo de puntero
     1>c:\users\aitor\skydrive\documentos\mgep\1\programazioa ii\src\eskolaproiektua\eskolaproiektua 1.3.1\eskolaproiektua\menua.c(258): error C2065: 'administratzaileak' : identificador no declarado
     1>c:\users\aitor\skydrive\documentos\mgep\1\programazioa ii\src\eskolaproiektua\eskolaproiektua 1.3.1\eskolaproiektua\menua.c(258): error C2109: el subíndice requiere una matriz o tipo de puntero
     1>c:\users\aitor\skydrive\documentos\mgep\1\programazioa ii\src\eskolaproiektua\eskolaproiektua 1.3.1\eskolaproiektua\menua.c(258): warning C4022: 'fread' : no coincide el puntero para el parámetro real 1
     1>c:\users\aitor\skydrive\documentos\mgep\1\programazioa ii\src\eskolaproiektua\eskolaproiektua 1.3.1\eskolaproiektua\menua.c(258): warning C4047: 'función' : 'size_t' es distinto en los niveles de direccionamiento indirecto de 'FILE *'
     1>c:\users\aitor\skydrive\documentos\mgep\1\programazioa ii\src\eskolaproiektua\eskolaproiektua 1.3.1\eskolaproiektua\menua.c(258): warning C4024: 'fread' : tipos distintos para el parámetro formal y el parámetro real 3
     1>c:\users\aitor\skydrive\documentos\mgep\1\programazioa ii\src\eskolaproiektua\eskolaproiektua 1.3.1\eskolaproiektua\menua.c(258): error C2198: 'fread' : no hay suficientes argumentos para la llamada
     1>c:\users\aitor\skydrive\documentos\mgep\1\programazioa ii\src\eskolaproiektua\eskolaproiektua 1.3.1\eskolaproiektua\menua.c(261): error C2065: 'administratzaileak' : identificador no declarado
     1>c:\users\aitor\skydrive\documentos\mgep\1\programazioa ii\src\eskolaproiektua\eskolaproiektua 1.3.1\eskolaproiektua\menua.c(261): error C2109: el subíndice requiere una matriz o tipo de puntero
         main.c
     1>c:\users\aitor\skydrive\documentos\mgep\1\programazioa ii\src\eskolaproiektua\eskolaproiektua 1.3.1\eskolaproiektua\main.c(30): warning C4996: 'scanf': This function or variable may be unsafe. Consider using scanf_s instead. To disable deprecation, use _CRT_SECURE_NO_WARNINGS. See online help for details.
                 c:\program files (x86)\microsoft visual studio 12.0\vc\include\stdio.h(283) : vea la declaración de 'scanf'
         fitxeroetakoDatuak.c
     1>c:\users\aitor\skydrive\documentos\mgep\1\programazioa ii\src\eskolaproiektua\eskolaproiektua 1.3.1\eskolaproiektua\fitxeroetakodatuak.h(5): error C2061: error de sintaxis : identificador 'ikasleaDatuakIrakurri'
     1>c:\users\aitor\skydrive\documentos\mgep\1\programazioa ii\src\eskolaproiektua\eskolaproiektua 1.3.1\eskolaproiektua\fitxeroetakodatuak.h(5): error C2059: error de sintaxis : ';'
     1>c:\users\aitor\skydrive\documentos\mgep\1\programazioa ii\src\eskolaproiektua\eskolaproiektua 1.3.1\eskolaproiektua\fitxeroetakodatuak.h(5): error C2059: error de sintaxis : 'tipo'
     1>c:\users\aitor\skydrive\documentos\mgep\1\programazioa ii\src\eskolaproiektua\eskolaproiektua 1.3.1\eskolaproiektua\fitxeroetakodatuak.h(6): error C2061: error de sintaxis : identificador 'irakasleaDatuakIrakurri'
     1>c:\users\aitor\skydrive\documentos\mgep\1\programazioa ii\src\eskolaproiektua\eskolaproiektua 1.3.1\eskolaproiektua\fitxeroetakodatuak.h(6): error C2059: error de sintaxis : ';'
     1>c:\users\aitor\skydrive\documentos\mgep\1\programazioa ii\src\eskolaproiektua\eskolaproiektua 1.3.1\eskolaproiektua\fitxeroetakodatuak.h(6): error C2059: error de sintaxis : 'tipo'
     1>c:\users\aitor\skydrive\documentos\mgep\1\programazioa ii\src\eskolaproiektua\eskolaproiektua 1.3.1\eskolaproiektua\fitxeroetakodatuak.h(7): error C2061: error de sintaxis : identificador 'administratzaileaDatuakIrakurri'
     1>c:\users\aitor\skydrive\documentos\mgep\1\programazioa ii\src\eskolaproiektua\eskolaproiektua 1.3.1\eskolaproiektua\fitxeroetakodatuak.h(7): error C2059: error de sintaxis : ';'
     1>c:\users\aitor\skydrive\documentos\mgep\1\programazioa ii\src\eskolaproiektua\eskolaproiektua 1.3.1\eskolaproiektua\fitxeroetakodatuak.h(7): error C2059: error de sintaxis : 'tipo'
     1>c:\users\aitor\skydrive\documentos\mgep\1\programazioa ii\src\eskolaproiektua\eskolaproiektua 1.3.1\eskolaproiektua\fitxeroetakodatuak.h(9): error C2146: error de sintaxis : falta ')' delante del identificador 'eskola'
     1>c:\users\aitor\skydrive\documentos\mgep\1\programazioa ii\src\eskolaproiektua\eskolaproiektua 1.3.1\eskolaproiektua\fitxeroetakodatuak.h(9): error C2061: error de sintaxis : identificador 'eskola'
     1>c:\users\aitor\skydrive\documentos\mgep\1\programazioa ii\src\eskolaproiektua\eskolaproiektua 1.3.1\eskolaproiektua\fitxeroetakodatuak.h(9): error C2059: error de sintaxis : ';'
     1>c:\users\aitor\skydrive\documentos\mgep\1\programazioa ii\src\eskolaproiektua\eskolaproiektua 1.3.1\eskolaproiektua\fitxeroetakodatuak.h(9): error C2059: error de sintaxis : ','
     1>c:\users\aitor\skydrive\documentos\mgep\1\programazioa ii\src\eskolaproiektua\eskolaproiektua 1.3.1\eskolaproiektua\fitxeroetakodatuak.h(9): error C2059: error de sintaxis : ')'
     1>c:\users\aitor\skydrive\documentos\mgep\1\programazioa ii\src\eskolaproiektua\eskolaproiektua 1.3.1\eskolaproiektua\fitxeroetakodatuak.h(10): error C2146: error de sintaxis : falta ')' delante del identificador 'eskola'
     1>c:\users\aitor\skydrive\documentos\mgep\1\programazioa ii\src\eskolaproiektua\eskolaproiektua 1.3.1\eskolaproiektua\fitxeroetakodatuak.h(10): error C2061: error de sintaxis : identificador 'eskola'
     1>c:\users\aitor\skydrive\documentos\mgep\1\programazioa ii\src\eskolaproiektua\eskolaproiektua 1.3.1\eskolaproiektua\fitxeroetakodatuak.h(10): error C2059: error de sintaxis : ';'
     1>c:\users\aitor\skydrive\documentos\mgep\1\programazioa ii\src\eskolaproiektua\eskolaproiektua 1.3.1\eskolaproiektua\fitxeroetakodatuak.h(10): error C2059: error de sintaxis : ','
     1>c:\users\aitor\skydrive\documentos\mgep\1\programazioa ii\src\eskolaproiektua\eskolaproiektua 1.3.1\eskolaproiektua\fitxeroetakodatuak.h(10): error C2059: error de sintaxis : ')'
     1>c:\users\aitor\skydrive\documentos\mgep\1\programazioa ii\src\eskolaproiektua\eskolaproiektua 1.3.1\eskolaproiektua\fitxeroetakodatuak.h(11): error C2146: error de sintaxis : falta ')' delante del identificador 'eskola'
     1>c:\users\aitor\skydrive\documentos\mgep\1\programazioa ii\src\eskolaproiektua\eskolaproiektua 1.3.1\eskolaproiektua\fitxeroetakodatuak.h(11): error C2061: error de sintaxis : identificador 'eskola'
     1>c:\users\aitor\skydrive\documentos\mgep\1\programazioa ii\src\eskolaproiektua\eskolaproiektua 1.3.1\eskolaproiektua\fitxeroetakodatuak.h(11): error C2059: error de sintaxis : ';'
     1>c:\users\aitor\skydrive\documentos\mgep\1\programazioa ii\src\eskolaproiektua\eskolaproiektua 1.3.1\eskolaproiektua\fitxeroetakodatuak.h(11): error C2059: error de sintaxis : ','
     1>c:\users\aitor\skydrive\documentos\mgep\1\programazioa ii\src\eskolaproiektua\eskolaproiektua 1.3.1\eskolaproiektua\fitxeroetakodatuak.h(11): error C2059: error de sintaxis : ')'
     1>c:\users\aitor\skydrive\documentos\mgep\1\programazioa ii\src\eskolaproiektua\eskolaproiektua 1.3.1\eskolaproiektua\fitxeroetakodatuak.c(5): error C2061: error de sintaxis : identificador 'ikasleaDatuakIrakurri'
     1>c:\users\aitor\skydrive\documentos\mgep\1\programazioa ii\src\eskolaproiektua\eskolaproiektua 1.3.1\eskolaproiektua\fitxeroetakodatuak.c(5): error C2059: error de sintaxis : ';'
     1>c:\users\aitor\skydrive\documentos\mgep\1\programazioa ii\src\eskolaproiektua\eskolaproiektua 1.3.1\eskolaproiektua\fitxeroetakodatuak.c(5): error C2059: error de sintaxis : 'tipo'
     1>c:\users\aitor\skydrive\documentos\mgep\1\programazioa ii\src\eskolaproiektua\eskolaproiektua 1.3.1\eskolaproiektua\fitxeroetakodatuak.c(26): error C2061: error de sintaxis : identificador 'irakasleaDatuakIrakurri'
     1>c:\users\aitor\skydrive\documentos\mgep\1\programazioa ii\src\eskolaproiektua\eskolaproiektua 1.3.1\eskolaproiektua\fitxeroetakodatuak.c(26): error C2059: error de sintaxis : ';'
     1>c:\users\aitor\skydrive\documentos\mgep\1\programazioa ii\src\eskolaproiektua\eskolaproiektua 1.3.1\eskolaproiektua\fitxeroetakodatuak.c(26): error C2059: error de sintaxis : 'tipo'
     1>c:\users\aitor\skydrive\documentos\mgep\1\programazioa ii\src\eskolaproiektua\eskolaproiektua 1.3.1\eskolaproiektua\fitxeroetakodatuak.c(59): error C2065: 'IKASLEA' : identificador no declarado
     1>c:\users\aitor\skydrive\documentos\mgep\1\programazioa ii\src\eskolaproiektua\eskolaproiektua 1.3.1\eskolaproiektua\fitxeroetakodatuak.c(70): error C2143: error de sintaxis : falta ')' delante de '*'
     1>c:\users\aitor\skydrive\documentos\mgep\1\programazioa ii\src\eskolaproiektua\eskolaproiektua 1.3.1\eskolaproiektua\fitxeroetakodatuak.c(70): error C2081: 'IKASLEA' : el nombre de la lista de parámetros formales no es válido
     1>c:\users\aitor\skydrive\documentos\mgep\1\programazioa ii\src\eskolaproiektua\eskolaproiektua 1.3.1\eskolaproiektua\fitxeroetakodatuak.c(70): error C2143: error de sintaxis : falta '{' delante de '*'
     1>c:\users\aitor\skydrive\documentos\mgep\1\programazioa ii\src\eskolaproiektua\eskolaproiektua 1.3.1\eskolaproiektua\fitxeroetakodatuak.c(70): error C2059: error de sintaxis : ')'
     1>c:\users\aitor\skydrive\documentos\mgep\1\programazioa ii\src\eskolaproiektua\eskolaproiektua 1.3.1\eskolaproiektua\fitxeroetakodatuak.c(70): error C2054: se esperaba '(' a continuación de 'ptr_ikaslea'
     1>c:\users\aitor\skydrive\documentos\mgep\1\programazioa ii\src\eskolaproiektua\eskolaproiektua 1.3.1\eskolaproiektua\fitxeroetakodatuak.c(89): error C2143: error de sintaxis : falta ')' delante de '*'
     1>c:\users\aitor\skydrive\documentos\mgep\1\programazioa ii\src\eskolaproiektua\eskolaproiektua 1.3.1\eskolaproiektua\fitxeroetakodatuak.c(89): error C2081: 'IRAKASLEA' : el nombre de la lista de parámetros formales no es válido
     1>c:\users\aitor\skydrive\documentos\mgep\1\programazioa ii\src\eskolaproiektua\eskolaproiektua 1.3.1\eskolaproiektua\fitxeroetakodatuak.c(89): error C2143: error de sintaxis : falta '{' delante de '*'
     1>c:\users\aitor\skydrive\documentos\mgep\1\programazioa ii\src\eskolaproiektua\eskolaproiektua 1.3.1\eskolaproiektua\fitxeroetakodatuak.c(89): error C2059: error de sintaxis : ')'
     1>c:\users\aitor\skydrive\documentos\mgep\1\programazioa ii\src\eskolaproiektua\eskolaproiektua 1.3.1\eskolaproiektua\fitxeroetakodatuak.c(89): error C2054: se esperaba '(' a continuación de 'ptr_irakaslea'
     1>c:\users\aitor\skydrive\documentos\mgep\1\programazioa ii\src\eskolaproiektua\eskolaproiektua 1.3.1\eskolaproiektua\fitxeroetakodatuak.c(124): warning C4098: 'administratzaileakDatuakIrakurri' : función 'void' que devuelve un valor
         datuenModifikazioa.c
     1>c:\users\aitor\skydrive\documentos\mgep\1\programazioa ii\src\eskolaproiektua\eskolaproiektua 1.3.1\eskolaproiektua\datuenmodifikazioa.c(19): error C2065: 'IRAKASLEA' : identificador no declarado
     1>c:\users\aitor\skydrive\documentos\mgep\1\programazioa ii\src\eskolaproiektua\eskolaproiektua 1.3.1\eskolaproiektua\datuenmodifikazioa.c(19): error C2146: error de sintaxis : falta ';' delante del identificador 'irakaslea'
     1>c:\users\aitor\skydrive\documentos\mgep\1\programazioa ii\src\eskolaproiektua\eskolaproiektua 1.3.1\eskolaproiektua\datuenmodifikazioa.c(19): error C2065: 'irakaslea' : identificador no declarado
     1>c:\users\aitor\skydrive\documentos\mgep\1\programazioa ii\src\eskolaproiektua\eskolaproiektua 1.3.1\eskolaproiektua\datuenmodifikazioa.c(20): error C2065: 'IKASLEA' : identificador no declarado
     1>c:\users\aitor\skydrive\documentos\mgep\1\programazioa ii\src\eskolaproiektua\eskolaproiektua 1.3.1\eskolaproiektua\datuenmodifikazioa.c(20): error C2146: error de sintaxis : falta ';' delante del identificador 'ikasleak'
     1>c:\users\aitor\skydrive\documentos\mgep\1\programazioa ii\src\eskolaproiektua\eskolaproiektua 1.3.1\eskolaproiektua\datuenmodifikazioa.c(20): error C2065: 'ikasleak' : identificador no declarado
     1>c:\users\aitor\skydrive\documentos\mgep\1\programazioa ii\src\eskolaproiektua\eskolaproiektua 1.3.1\eskolaproiektua\datuenmodifikazioa.c(20): error C2109: el subíndice requiere una matriz o tipo de puntero
     1>c:\users\aitor\skydrive\documentos\mgep\1\programazioa ii\src\eskolaproiektua\eskolaproiektua 1.3.1\eskolaproiektua\datuenmodifikazioa.c(25): error C2065: 'irakaslea' : identificador no declarado
     1>c:\users\aitor\skydrive\documentos\mgep\1\programazioa ii\src\eskolaproiektua\eskolaproiektua 1.3.1\eskolaproiektua\datuenmodifikazioa.c(25): warning C4013: 'irakasleaDatuakIrakurri' sin definir; se supone que extern devuelve como resultado int
     1>c:\users\aitor\skydrive\documentos\mgep\1\programazioa ii\src\eskolaproiektua\eskolaproiektua 1.3.1\eskolaproiektua\datuenmodifikazioa.c(26): warning C4013: 'ikasleakDatuakIrakurri' sin definir; se supone que extern devuelve como resultado int
     1>c:\users\aitor\skydrive\documentos\mgep\1\programazioa ii\src\eskolaproiektua\eskolaproiektua 1.3.1\eskolaproiektua\datuenmodifikazioa.c(26): error C2065: 'ikasleak' : identificador no declarado
     1>c:\users\aitor\skydrive\documentos\mgep\1\programazioa ii\src\eskolaproiektua\eskolaproiektua 1.3.1\eskolaproiektua\datuenmodifikazioa.c(30): error C2065: 'irakaslea' : identificador no declarado
     1>c:\users\aitor\skydrive\documentos\mgep\1\programazioa ii\src\eskolaproiektua\eskolaproiektua 1.3.1\eskolaproiektua\datuenmodifikazioa.c(30): error C2224: el operando izquierdo de '.ikasgaiak' debe tener el tipo struct/union
     1>c:\users\aitor\skydrive\documentos\mgep\1\programazioa ii\src\eskolaproiektua\eskolaproiektua 1.3.1\eskolaproiektua\datuenmodifikazioa.c(31): error C2065: 'irakaslea' : identificador no declarado
     1>c:\users\aitor\skydrive\documentos\mgep\1\programazioa ii\src\eskolaproiektua\eskolaproiektua 1.3.1\eskolaproiektua\datuenmodifikazioa.c(31): error C2224: el operando izquierdo de '.ikasgaiak' debe tener el tipo struct/union
     1>c:\users\aitor\skydrive\documentos\mgep\1\programazioa ii\src\eskolaproiektua\eskolaproiektua 1.3.1\eskolaproiektua\datuenmodifikazioa.c(39): error C2065: 'IKASLEAKMAX' : identificador no declarado
     1>c:\users\aitor\skydrive\documentos\mgep\1\programazioa ii\src\eskolaproiektua\eskolaproiektua 1.3.1\eskolaproiektua\datuenmodifikazioa.c(40): error C2065: 'ikasleak' : identificador no declarado
     1>c:\users\aitor\skydrive\documentos\mgep\1\programazioa ii\src\eskolaproiektua\eskolaproiektua 1.3.1\eskolaproiektua\datuenmodifikazioa.c(40): error C2109: el subíndice requiere una matriz o tipo de puntero
     1>c:\users\aitor\skydrive\documentos\mgep\1\programazioa ii\src\eskolaproiektua\eskolaproiektua 1.3.1\eskolaproiektua\datuenmodifikazioa.c(41): error C2065: 'ikasleak' : identificador no declarado
     1>c:\users\aitor\skydrive\documentos\mgep\1\programazioa ii\src\eskolaproiektua\eskolaproiektua 1.3.1\eskolaproiektua\datuenmodifikazioa.c(41): error C2109: el subíndice requiere una matriz o tipo de puntero
     1>c:\users\aitor\skydrive\documentos\mgep\1\programazioa ii\src\eskolaproiektua\eskolaproiektua 1.3.1\eskolaproiektua\datuenmodifikazioa.c(42): error C2065: 'ikasleak' : identificador no declarado
     1>c:\users\aitor\skydrive\documentos\mgep\1\programazioa ii\src\eskolaproiektua\eskolaproiektua 1.3.1\eskolaproiektua\datuenmodifikazioa.c(42): error C2109: el subíndice requiere una matriz o tipo de puntero
     1>c:\users\aitor\skydrive\documentos\mgep\1\programazioa ii\src\eskolaproiektua\eskolaproiektua 1.3.1\eskolaproiektua\datuenmodifikazioa.c(56): warning C4013: 'BISTARATU_gelaAukeratu' sin definir; se supone que extern devuelve como resultado int
     1>c:\users\aitor\skydrive\documentos\mgep\1\programazioa ii\src\eskolaproiektua\eskolaproiektua 1.3.1\eskolaproiektua\datuenmodifikazioa.c(56): error C2065: 'eskolak' : identificador no declarado
     1>c:\users\aitor\skydrive\documentos\mgep\1\programazioa ii\src\eskolaproiektua\eskolaproiektua 1.3.1\eskolaproiektua\datuenmodifikazioa.c(57): error C2065: 'eskolak' : identificador no declarado
     1>c:\users\aitor\skydrive\documentos\mgep\1\programazioa ii\src\eskolaproiektua\eskolaproiektua 1.3.1\eskolaproiektua\datuenmodifikazioa.c(57): error C2109: el subíndice requiere una matriz o tipo de puntero
     1>c:\users\aitor\skydrive\documentos\mgep\1\programazioa ii\src\eskolaproiektua\eskolaproiektua 1.3.1\eskolaproiektua\datuenmodifikazioa.c(57): error C2065: 'IKASLEAKMAX' : identificador no declarado
     1>c:\users\aitor\skydrive\documentos\mgep\1\programazioa ii\src\eskolaproiektua\eskolaproiektua 1.3.1\eskolaproiektua\datuenmodifikazioa.c(61): error C2065: 'eskolak' : identificador no declarado
     1>c:\users\aitor\skydrive\documentos\mgep\1\programazioa ii\src\eskolaproiektua\eskolaproiektua 1.3.1\eskolaproiektua\datuenmodifikazioa.c(61): error C2440: 'función' : no se puede realizar la conversión de 'int' a 'ESKOLA'
     1>c:\users\aitor\skydrive\documentos\mgep\1\programazioa ii\src\eskolaproiektua\eskolaproiektua 1.3.1\eskolaproiektua\datuenmodifikazioa.c(61): warning C4024: 'DATUENMODIFIKAZIOA_batenDatuakSartu' : tipos distintos para el parámetro formal y el parámetro real 1
     1>c:\users\aitor\skydrive\documentos\mgep\1\programazioa ii\src\eskolaproiektua\eskolaproiektua 1.3.1\eskolaproiektua\datuenmodifikazioa.c(61): error C2198: 'DATUENMODIFIKAZIOA_batenDatuakSartu' : no hay suficientes argumentos para la llamada
     1>c:\users\aitor\skydrive\documentos\mgep\1\programazioa ii\src\eskolaproiektua\eskolaproiektua 1.3.1\eskolaproiektua\datuenmodifikazioa.c(62): error C2065: 'eskolak' : identificador no declarado
     1>c:\users\aitor\skydrive\documentos\mgep\1\programazioa ii\src\eskolaproiektua\eskolaproiektua 1.3.1\eskolaproiektua\datuenmodifikazioa.c(62): error C2440: 'función' : no se puede realizar la conversión de 'int' a 'ESKOLA'
     1>c:\users\aitor\skydrive\documentos\mgep\1\programazioa ii\src\eskolaproiektua\eskolaproiektua 1.3.1\eskolaproiektua\datuenmodifikazioa.c(62): warning C4024: 'DATUENMODIFIKAZIOA_ikasgaiakSartu' : tipos distintos para el parámetro formal y el parámetro real 1
     1>c:\users\aitor\skydrive\documentos\mgep\1\programazioa ii\src\eskolaproiektua\eskolaproiektua 1.3.1\eskolaproiektua\datuenmodifikazioa.c(62): error C2198: 'DATUENMODIFIKAZIOA_ikasgaiakSartu' : no hay suficientes argumentos para la llamada
     1>c:\users\aitor\skydrive\documentos\mgep\1\programazioa ii\src\eskolaproiektua\eskolaproiektua 1.3.1\eskolaproiektua\datuenmodifikazioa.c(63): error C2065: 'eskolak' : identificador no declarado
     1>c:\users\aitor\skydrive\documentos\mgep\1\programazioa ii\src\eskolaproiektua\eskolaproiektua 1.3.1\eskolaproiektua\datuenmodifikazioa.c(63): error C2109: el subíndice requiere una matriz o tipo de puntero
     1>c:\users\aitor\skydrive\documentos\mgep\1\programazioa ii\src\eskolaproiektua\eskolaproiektua 1.3.1\eskolaproiektua\datuenmodifikazioa.c(109): error C2065: 'GELAMAX' : identificador no declarado
     1>c:\users\aitor\skydrive\documentos\mgep\1\programazioa ii\src\eskolaproiektua\eskolaproiektua 1.3.1\eskolaproiektua\datuenmodifikazioa.c(110): error C2065: 'eskolak' : identificador no declarado
     1>c:\users\aitor\skydrive\documentos\mgep\1\programazioa ii\src\eskolaproiektua\eskolaproiektua 1.3.1\eskolaproiektua\datuenmodifikazioa.c(110): error C2109: el subíndice requiere una matriz o tipo de puntero
     1>c:\users\aitor\skydrive\documentos\mgep\1\programazioa ii\src\eskolaproiektua\eskolaproiektua 1.3.1\eskolaproiektua\datuenmodifikazioa.c(111): error C2065: 'eskolak' : identificador no declarado
     1>c:\users\aitor\skydrive\documentos\mgep\1\programazioa ii\src\eskolaproiektua\eskolaproiektua 1.3.1\eskolaproiektua\datuenmodifikazioa.c(111): error C2109: el subíndice requiere una matriz o tipo de puntero
     1>c:\users\aitor\skydrive\documentos\mgep\1\programazioa ii\src\eskolaproiektua\eskolaproiektua 1.3.1\eskolaproiektua\datuenmodifikazioa.c(125): error C2065: 'eskolak' : identificador no declarado
     1>c:\users\aitor\skydrive\documentos\mgep\1\programazioa ii\src\eskolaproiektua\eskolaproiektua 1.3.1\eskolaproiektua\datuenmodifikazioa.c(131): error C2065: 'eskolak' : identificador no declarado
     1>c:\users\aitor\skydrive\documentos\mgep\1\programazioa ii\src\eskolaproiektua\eskolaproiektua 1.3.1\eskolaproiektua\datuenmodifikazioa.c(131): error C2109: el subíndice requiere una matriz o tipo de puntero
     1>c:\users\aitor\skydrive\documentos\mgep\1\programazioa ii\src\eskolaproiektua\eskolaproiektua 1.3.1\eskolaproiektua\datuenmodifikazioa.c(131): warning C4047: 'función' : 'char *' es distinto en los niveles de direccionamiento indirecto de 'int'
     1>c:\users\aitor\skydrive\documentos\mgep\1\programazioa ii\src\eskolaproiektua\eskolaproiektua 1.3.1\eskolaproiektua\datuenmodifikazioa.c(131): warning C4024: 'gets_s' : tipos distintos para el parámetro formal y el parámetro real 1
     1>c:\users\aitor\skydrive\documentos\mgep\1\programazioa ii\src\eskolaproiektua\eskolaproiektua 1.3.1\eskolaproiektua\datuenmodifikazioa.c(131): error C2198: 'gets_s' : no hay suficientes argumentos para la llamada
     1>c:\users\aitor\skydrive\documentos\mgep\1\programazioa ii\src\eskolaproiektua\eskolaproiektua 1.3.1\eskolaproiektua\datuenmodifikazioa.c(134): error C2065: 'eskolak' : identificador no declarado
     1>c:\users\aitor\skydrive\documentos\mgep\1\programazioa ii\src\eskolaproiektua\eskolaproiektua 1.3.1\eskolaproiektua\datuenmodifikazioa.c(134): error C2109: el subíndice requiere una matriz o tipo de puntero
     1>c:\users\aitor\skydrive\documentos\mgep\1\programazioa ii\src\eskolaproiektua\eskolaproiektua 1.3.1\eskolaproiektua\datuenmodifikazioa.c(134): warning C4047: 'función' : 'char *' es distinto en los niveles de direccionamiento indirecto de 'int'
     1>c:\users\aitor\skydrive\documentos\mgep\1\programazioa ii\src\eskolaproiektua\eskolaproiektua 1.3.1\eskolaproiektua\datuenmodifikazioa.c(134): warning C4024: 'gets_s' : tipos distintos para el parámetro formal y el parámetro real 1
     1>c:\users\aitor\skydrive\documentos\mgep\1\programazioa ii\src\eskolaproiektua\eskolaproiektua 1.3.1\eskolaproiektua\datuenmodifikazioa.c(134): error C2198: 'gets_s' : no hay suficientes argumentos para la llamada
     1>c:\users\aitor\skydrive\documentos\mgep\1\programazioa ii\src\eskolaproiektua\eskolaproiektua 1.3.1\eskolaproiektua\datuenmodifikazioa.c(137): error C2065: 'eskolak' : identificador no declarado
     1>c:\users\aitor\skydrive\documentos\mgep\1\programazioa ii\src\eskolaproiektua\eskolaproiektua 1.3.1\eskolaproiektua\datuenmodifikazioa.c(137): error C2109: el subíndice requiere una matriz o tipo de puntero
     1>c:\users\aitor\skydrive\documentos\mgep\1\programazioa ii\src\eskolaproiektua\eskolaproiektua 1.3.1\eskolaproiektua\datuenmodifikazioa.c(140): error C2065: 'eskolak' : identificador no declarado
     1>c:\users\aitor\skydrive\documentos\mgep\1\programazioa ii\src\eskolaproiektua\eskolaproiektua 1.3.1\eskolaproiektua\datuenmodifikazioa.c(140): error C2109: el subíndice requiere una matriz o tipo de puntero
     1>c:\users\aitor\skydrive\documentos\mgep\1\programazioa ii\src\eskolaproiektua\eskolaproiektua 1.3.1\eskolaproiektua\datuenmodifikazioa.c(143): error C2065: 'eskolak' : identificador no declarado
     1>c:\users\aitor\skydrive\documentos\mgep\1\programazioa ii\src\eskolaproiektua\eskolaproiektua 1.3.1\eskolaproiektua\datuenmodifikazioa.c(143): error C2109: el subíndice requiere una matriz o tipo de puntero
     1>c:\users\aitor\skydrive\documentos\mgep\1\programazioa ii\src\eskolaproiektua\eskolaproiektua 1.3.1\eskolaproiektua\datuenmodifikazioa.c(146): error C2065: 'eskolak' : identificador no declarado
     1>c:\users\aitor\skydrive\documentos\mgep\1\programazioa ii\src\eskolaproiektua\eskolaproiektua 1.3.1\eskolaproiektua\datuenmodifikazioa.c(146): error C2109: el subíndice requiere una matriz o tipo de puntero
     1>c:\users\aitor\skydrive\documentos\mgep\1\programazioa ii\src\eskolaproiektua\eskolaproiektua 1.3.1\eskolaproiektua\datuenmodifikazioa.c(157): error C2065: 'eskolak' : identificador no declarado
     1>c:\users\aitor\skydrive\documentos\mgep\1\programazioa ii\src\eskolaproiektua\eskolaproiektua 1.3.1\eskolaproiektua\datuenmodifikazioa.c(162): error C2065: 'eskolak' : identificador no declarado
     1>c:\users\aitor\skydrive\documentos\mgep\1\programazioa ii\src\eskolaproiektua\eskolaproiektua 1.3.1\eskolaproiektua\datuenmodifikazioa.c(162): error C2109: el subíndice requiere una matriz o tipo de puntero
     1>c:\users\aitor\skydrive\documentos\mgep\1\programazioa ii\src\eskolaproiektua\eskolaproiektua 1.3.1\eskolaproiektua\datuenmodifikazioa.c(162): warning C4047: 'función' : 'char *' es distinto en los niveles de direccionamiento indirecto de 'int'
     1>c:\users\aitor\skydrive\documentos\mgep\1\programazioa ii\src\eskolaproiektua\eskolaproiektua 1.3.1\eskolaproiektua\datuenmodifikazioa.c(162): warning C4024: 'gets_s' : tipos distintos para el parámetro formal y el parámetro real 1
     1>c:\users\aitor\skydrive\documentos\mgep\1\programazioa ii\src\eskolaproiektua\eskolaproiektua 1.3.1\eskolaproiektua\datuenmodifikazioa.c(162): error C2198: 'gets_s' : no hay suficientes argumentos para la llamada
     1>c:\users\aitor\skydrive\documentos\mgep\1\programazioa ii\src\eskolaproiektua\eskolaproiektua 1.3.1\eskolaproiektua\datuenmodifikazioa.c(165): error C2065: 'eskolak' : identificador no declarado
     1>c:\users\aitor\skydrive\documentos\mgep\1\programazioa ii\src\eskolaproiektua\eskolaproiektua 1.3.1\eskolaproiektua\datuenmodifikazioa.c(165): error C2109: el subíndice requiere una matriz o tipo de puntero
     1>c:\users\aitor\skydrive\documentos\mgep\1\programazioa ii\src\eskolaproiektua\eskolaproiektua 1.3.1\eskolaproiektua\datuenmodifikazioa.c(165): warning C4047: 'función' : 'char *' es distinto en los niveles de direccionamiento indirecto de 'int'
     1>c:\users\aitor\skydrive\documentos\mgep\1\programazioa ii\src\eskolaproiektua\eskolaproiektua 1.3.1\eskolaproiektua\datuenmodifikazioa.c(165): warning C4024: 'gets_s' : tipos distintos para el parámetro formal y el parámetro real 1
     1>c:\users\aitor\skydrive\documentos\mgep\1\programazioa ii\src\eskolaproiektua\eskolaproiektua 1.3.1\eskolaproiektua\datuenmodifikazioa.c(165): error C2198: 'gets_s' : no hay suficientes argumentos para la llamada
     1>c:\users\aitor\skydrive\documentos\mgep\1\programazioa ii\src\eskolaproiektua\eskolaproiektua 1.3.1\eskolaproiektua\datuenmodifikazioa.c(168): error C2065: 'eskolak' : identificador no declarado
     1>c:\users\aitor\skydrive\documentos\mgep\1\programazioa ii\src\eskolaproiektua\eskolaproiektua 1.3.1\eskolaproiektua\datuenmodifikazioa.c(168): error C2109: el subíndice requiere una matriz o tipo de puntero
     1>c:\users\aitor\skydrive\documentos\mgep\1\programazioa ii\src\eskolaproiektua\eskolaproiektua 1.3.1\eskolaproiektua\datuenmodifikazioa.c(171): error C2065: 'eskolak' : identificador no declarado
     1>c:\users\aitor\skydrive\documentos\mgep\1\programazioa ii\src\eskolaproiektua\eskolaproiektua 1.3.1\eskolaproiektua\datuenmodifikazioa.c(171): error C2109: el subíndice requiere una matriz o tipo de puntero
     1>c:\users\aitor\skydrive\documentos\mgep\1\programazioa ii\src\eskolaproiektua\eskolaproiektua 1.3.1\eskolaproiektua\datuenmodifikazioa.c(174): error C2065: 'eskolak' : identificador no declarado
     1>c:\users\aitor\skydrive\documentos\mgep\1\programazioa ii\src\eskolaproiektua\eskolaproiektua 1.3.1\eskolaproiektua\datuenmodifikazioa.c(174): error C2109: el subíndice requiere una matriz o tipo de puntero
     1>c:\users\aitor\skydrive\documentos\mgep\1\programazioa ii\src\eskolaproiektua\eskolaproiektua 1.3.1\eskolaproiektua\datuenmodifikazioa.c(177): error C2065: 'eskolak' : identificador no declarado
     1>c:\users\aitor\skydrive\documentos\mgep\1\programazioa ii\src\eskolaproiektua\eskolaproiektua 1.3.1\eskolaproiektua\datuenmodifikazioa.c(177): error C2109: el subíndice requiere una matriz o tipo de puntero
     1>c:\users\aitor\skydrive\documentos\mgep\1\programazioa ii\src\eskolaproiektua\eskolaproiektua 1.3.1\eskolaproiektua\datuenmodifikazioa.c(188): error C2065: 'eskolak' : identificador no declarado
     1>c:\users\aitor\skydrive\documentos\mgep\1\programazioa ii\src\eskolaproiektua\eskolaproiektua 1.3.1\eskolaproiektua\datuenmodifikazioa.c(188): error C2109: el subíndice requiere una matriz o tipo de puntero
     1>c:\users\aitor\skydrive\documentos\mgep\1\programazioa ii\src\eskolaproiektua\eskolaproiektua 1.3.1\eskolaproiektua\datuenmodifikazioa.c(188): warning C4047: 'función' : 'char *' es distinto en los niveles de direccionamiento indirecto de 'int'
     1>c:\users\aitor\skydrive\documentos\mgep\1\programazioa ii\src\eskolaproiektua\eskolaproiektua 1.3.1\eskolaproiektua\datuenmodifikazioa.c(188): warning C4024: 'gets_s' : tipos distintos para el parámetro formal y el parámetro real 1
     1>c:\users\aitor\skydrive\documentos\mgep\1\programazioa ii\src\eskolaproiektua\eskolaproiektua 1.3.1\eskolaproiektua\datuenmodifikazioa.c(188): error C2198: 'gets_s' : no hay suficientes argumentos para la llamada
     1>c:\users\aitor\skydrive\documentos\mgep\1\programazioa ii\src\eskolaproiektua\eskolaproiektua 1.3.1\eskolaproiektua\datuenmodifikazioa.c(191): error C2065: 'eskolak' : identificador no declarado
     1>c:\users\aitor\skydrive\documentos\mgep\1\programazioa ii\src\eskolaproiektua\eskolaproiektua 1.3.1\eskolaproiektua\datuenmodifikazioa.c(191): error C2109: el subíndice requiere una matriz o tipo de puntero
     1>c:\users\aitor\skydrive\documentos\mgep\1\programazioa ii\src\eskolaproiektua\eskolaproiektua 1.3.1\eskolaproiektua\datuenmodifikazioa.c(191): warning C4047: 'función' : 'char *' es distinto en los niveles de direccionamiento indirecto de 'int'
     1>c:\users\aitor\skydrive\documentos\mgep\1\programazioa ii\src\eskolaproiektua\eskolaproiektua 1.3.1\eskolaproiektua\datuenmodifikazioa.c(191): warning C4024: 'gets_s' : tipos distintos para el parámetro formal y el parámetro real 1
     1>c:\users\aitor\skydrive\documentos\mgep\1\programazioa ii\src\eskolaproiektua\eskolaproiektua 1.3.1\eskolaproiektua\datuenmodifikazioa.c(191): error C2198: 'gets_s' : no hay suficientes argumentos para la llamada
     1>c:\users\aitor\skydrive\documentos\mgep\1\programazioa ii\src\eskolaproiektua\eskolaproiektua 1.3.1\eskolaproiektua\datuenmodifikazioa.c(194): error C2065: 'eskolak' : identificador no declarado
     1>c:\users\aitor\skydrive\documentos\mgep\1\programazioa ii\src\eskolaproiektua\eskolaproiektua 1.3.1\eskolaproiektua\datuenmodifikazioa.c(194): error C2109: el subíndice requiere una matriz o tipo de puntero
     1>c:\users\aitor\skydrive\documentos\mgep\1\programazioa ii\src\eskolaproiektua\eskolaproiektua 1.3.1\eskolaproiektua\datuenmodifikazioa.c(197): error C2065: 'eskolak' : identificador no declarado
     1>c:\users\aitor\skydrive\documentos\mgep\1\programazioa ii\src\eskolaproiektua\eskolaproiektua 1.3.1\eskolaproiektua\datuenmodifikazioa.c(197): error C2109: el subíndice requiere una matriz o tipo de puntero
     1>c:\users\aitor\skydrive\documentos\mgep\1\programazioa ii\src\eskolaproiektua\eskolaproiektua 1.3.1\eskolaproiektua\datuenmodifikazioa.c(200): error C2065: 'eskolak' : identificador no declarado
     1>c:\users\aitor\skydrive\documentos\mgep\1\programazioa ii\src\eskolaproiektua\eskolaproiektua 1.3.1\eskolaproiektua\datuenmodifikazioa.c(200): error C2109: el subíndice requiere una matriz o tipo de puntero
     1>c:\users\aitor\skydrive\documentos\mgep\1\programazioa ii\src\eskolaproiektua\eskolaproiektua 1.3.1\eskolaproiektua\datuenmodifikazioa.c(203): error C2065: 'eskolak' : identificador no declarado
     1>c:\users\aitor\skydrive\documentos\mgep\1\programazioa ii\src\eskolaproiektua\eskolaproiektua 1.3.1\eskolaproiektua\datuenmodifikazioa.c(203): error C2109: el subíndice requiere una matriz o tipo de puntero
     1>c:\users\aitor\skydrive\documentos\mgep\1\programazioa ii\src\eskolaproiektua\eskolaproiektua 1.3.1\eskolaproiektua\datuenmodifikazioa.c(220): error C2065: 'eskolak' : identificador no declarado
     1>c:\users\aitor\skydrive\documentos\mgep\1\programazioa ii\src\eskolaproiektua\eskolaproiektua 1.3.1\eskolaproiektua\datuenmodifikazioa.c(220): error C2109: el subíndice requiere una matriz o tipo de puntero
     1>c:\users\aitor\skydrive\documentos\mgep\1\programazioa ii\src\eskolaproiektua\eskolaproiektua 1.3.1\eskolaproiektua\datuenmodifikazioa.c(221): error C2065: 'eskolak' : identificador no declarado
     1>c:\users\aitor\skydrive\documentos\mgep\1\programazioa ii\src\eskolaproiektua\eskolaproiektua 1.3.1\eskolaproiektua\datuenmodifikazioa.c(221): error C2109: el subíndice requiere una matriz o tipo de puntero
     1>c:\users\aitor\skydrive\documentos\mgep\1\programazioa ii\src\eskolaproiektua\eskolaproiektua 1.3.1\eskolaproiektua\datuenmodifikazioa.c(227): error C2065: 'eskolak' : identificador no declarado
     1>c:\users\aitor\skydrive\documentos\mgep\1\programazioa ii\src\eskolaproiektua\eskolaproiektua 1.3.1\eskolaproiektua\datuenmodifikazioa.c(227): error C2109: el subíndice requiere una matriz o tipo de puntero
     1>c:\users\aitor\skydrive\documentos\mgep\1\programazioa ii\src\eskolaproiektua\eskolaproiektua 1.3.1\eskolaproiektua\datuenmodifikazioa.c(230): error C2065: 'eskolak' : identificador no declarado
     1>c:\users\aitor\skydrive\documentos\mgep\1\programazioa ii\src\eskolaproiektua\eskolaproiektua 1.3.1\eskolaproiektua\datuenmodifikazioa.c(230): error C2109: el subíndice requiere una matriz o tipo de puntero
     1>c:\users\aitor\skydrive\documentos\mgep\1\programazioa ii\src\eskolaproiektua\eskolaproiektua 1.3.1\eskolaproiektua\datuenmodifikazioa.c(256): error C2065: 'eskolak' : identificador no declarado
     1>c:\users\aitor\skydrive\documentos\mgep\1\programazioa ii\src\eskolaproiektua\eskolaproiektua 1.3.1\eskolaproiektua\datuenmodifikazioa.c(256): error C2109: el subíndice requiere una matriz o tipo de puntero
     1>c:\users\aitor\skydrive\documentos\mgep\1\programazioa ii\src\eskolaproiektua\eskolaproiektua 1.3.1\eskolaproiektua\datuenmodifikazioa.c(258): error C2065: 'eskolak' : identificador no declarado
     1>c:\users\aitor\skydrive\documentos\mgep\1\programazioa ii\src\eskolaproiektua\eskolaproiektua 1.3.1\eskolaproiektua\datuenmodifikazioa.c(258): error C2109: el subíndice requiere una matriz o tipo de puntero
     1>c:\users\aitor\skydrive\documentos\mgep\1\programazioa ii\src\eskolaproiektua\eskolaproiektua 1.3.1\eskolaproiektua\datuenmodifikazioa.c(263): error C2065: 'eskolak' : identificador no declarado
     1>c:\users\aitor\skydrive\documentos\mgep\1\programazioa ii\src\eskolaproiektua\eskolaproiektua 1.3.1\eskolaproiektua\datuenmodifikazioa.c(263): error C2109: el subíndice requiere una matriz o tipo de puntero
     1>c:\users\aitor\skydrive\documentos\mgep\1\programazioa ii\src\eskolaproiektua\eskolaproiektua 1.3.1\eskolaproiektua\datuenmodifikazioa.c(266): error C2065: 'eskolak' : identificador no declarado
     1>c:\users\aitor\skydrive\documentos\mgep\1\programazioa ii\src\eskolaproiektua\eskolaproiektua 1.3.1\eskolaproiektua\datuenmodifikazioa.c(266): error C2109: el subíndice requiere una matriz o tipo de puntero
     1>c:\users\aitor\skydrive\documentos\mgep\1\programazioa ii\src\eskolaproiektua\eskolaproiektua 1.3.1\eskolaproiektua\datuenmodifikazioa.c(267): error C2065: 'eskolak' : identificador no declarado
     1>c:\users\aitor\skydrive\documentos\mgep\1\programazioa ii\src\eskolaproiektua\eskolaproiektua 1.3.1\eskolaproiektua\datuenmodifikazioa.c(267): error C2109: el subíndice requiere una matriz o tipo de puntero
     1>c:\users\aitor\skydrive\documentos\mgep\1\programazioa ii\src\eskolaproiektua\eskolaproiektua 1.3.1\eskolaproiektua\datuenmodifikazioa.c(268): error C2065: 'eskolak' : identificador no declarado
     1>c:\users\aitor\skydrive\documentos\mgep\1\programazioa ii\src\eskolaproiektua\eskolaproiektua 1.3.1\eskolaproiektua\datuenmodifikazioa.c(268): error C2109: el subíndice requiere una matriz o tipo de puntero
     1>c:\users\aitor\skydrive\documentos\mgep\1\programazioa ii\src\eskolaproiektua\eskolaproiektua 1.3.1\eskolaproiektua\datuenmodifikazioa.c(268): fatal error C1003: el recuento de errores supera 100; se detiene la compilación
         bistaratu.c
     1>c:\users\aitor\skydrive\documentos\mgep\1\programazioa ii\src\eskolaproiektua\eskolaproiektua 1.3.1\eskolaproiektua\bistaratu.c(9): error C2082: nueva definición del parámetro formal 'eskola'
     1>c:\users\aitor\skydrive\documentos\mgep\1\programazioa ii\src\eskolaproiektua\eskolaproiektua 1.3.1\eskolaproiektua\bistaratu.c(12): error C2065: 'GELAMAX' : identificador no declarado
     1>c:\users\aitor\skydrive\documentos\mgep\1\programazioa ii\src\eskolaproiektua\eskolaproiektua 1.3.1\eskolaproiektua\bistaratu.c(13): error C2065: 'eskolak' : identificador no declarado
     1>c:\users\aitor\skydrive\documentos\mgep\1\programazioa ii\src\eskolaproiektua\eskolaproiektua 1.3.1\eskolaproiektua\bistaratu.c(13): error C2109: el subíndice requiere una matriz o tipo de puntero
     1>c:\users\aitor\skydrive\documentos\mgep\1\programazioa ii\src\eskolaproiektua\eskolaproiektua 1.3.1\eskolaproiektua\bistaratu.c(14): error C2065: 'eskolak' : identificador no declarado
     1>c:\users\aitor\skydrive\documentos\mgep\1\programazioa ii\src\eskolaproiektua\eskolaproiektua 1.3.1\eskolaproiektua\bistaratu.c(14): error C2088: '[' : no es válido para struct
     1>c:\users\aitor\skydrive\documentos\mgep\1\programazioa ii\src\eskolaproiektua\eskolaproiektua 1.3.1\eskolaproiektua\bistaratu.c(28): error C2065: 'eskolak' : identificador no declarado
     1>c:\users\aitor\skydrive\documentos\mgep\1\programazioa ii\src\eskolaproiektua\eskolaproiektua 1.3.1\eskolaproiektua\bistaratu.c(28): error C2440: 'función' : no se puede realizar la conversión de 'int' a 'ESKOLA'
     1>c:\users\aitor\skydrive\documentos\mgep\1\programazioa ii\src\eskolaproiektua\eskolaproiektua 1.3.1\eskolaproiektua\bistaratu.c(28): warning C4024: 'BISTARATU_gelaAukeratu' : tipos distintos para el parámetro formal y el parámetro real 1
     1>c:\users\aitor\skydrive\documentos\mgep\1\programazioa ii\src\eskolaproiektua\eskolaproiektua 1.3.1\eskolaproiektua\bistaratu.c(31): error C2065: 'eskolak' : identificador no declarado
     1>c:\users\aitor\skydrive\documentos\mgep\1\programazioa ii\src\eskolaproiektua\eskolaproiektua 1.3.1\eskolaproiektua\bistaratu.c(31): error C2109: el subíndice requiere una matriz o tipo de puntero
     1>c:\users\aitor\skydrive\documentos\mgep\1\programazioa ii\src\eskolaproiektua\eskolaproiektua 1.3.1\eskolaproiektua\bistaratu.c(32): error C2065: 'eskolak' : identificador no declarado
     1>c:\users\aitor\skydrive\documentos\mgep\1\programazioa ii\src\eskolaproiektua\eskolaproiektua 1.3.1\eskolaproiektua\bistaratu.c(32): error C2109: el subíndice requiere una matriz o tipo de puntero
     1>c:\users\aitor\skydrive\documentos\mgep\1\programazioa ii\src\eskolaproiektua\eskolaproiektua 1.3.1\eskolaproiektua\bistaratu.c(39): error C2065: 'eskolak' : identificador no declarado
     1>c:\users\aitor\skydrive\documentos\mgep\1\programazioa ii\src\eskolaproiektua\eskolaproiektua 1.3.1\eskolaproiektua\bistaratu.c(39): error C2109: el subíndice requiere una matriz o tipo de puntero
     1>c:\users\aitor\skydrive\documentos\mgep\1\programazioa ii\src\eskolaproiektua\eskolaproiektua 1.3.1\eskolaproiektua\bistaratu.c(41): error C2065: 'eskolak' : identificador no declarado
     1>c:\users\aitor\skydrive\documentos\mgep\1\programazioa ii\src\eskolaproiektua\eskolaproiektua 1.3.1\eskolaproiektua\bistaratu.c(41): error C2109: el subíndice requiere una matriz o tipo de puntero
     1>c:\users\aitor\skydrive\documentos\mgep\1\programazioa ii\src\eskolaproiektua\eskolaproiektua 1.3.1\eskolaproiektua\bistaratu.c(52): error C2065: 'eskolak' : identificador no declarado
     1>c:\users\aitor\skydrive\documentos\mgep\1\programazioa ii\src\eskolaproiektua\eskolaproiektua 1.3.1\eskolaproiektua\bistaratu.c(52): error C2440: 'función' : no se puede realizar la conversión de 'int' a 'ESKOLA'
     1>c:\users\aitor\skydrive\documentos\mgep\1\programazioa ii\src\eskolaproiektua\eskolaproiektua 1.3.1\eskolaproiektua\bistaratu.c(52): warning C4024: 'BISTARATU_gelaAukeratu' : tipos distintos para el parámetro formal y el parámetro real 1
     1>c:\users\aitor\skydrive\documentos\mgep\1\programazioa ii\src\eskolaproiektua\eskolaproiektua 1.3.1\eskolaproiektua\bistaratu.c(55): error C2065: 'eskolak' : identificador no declarado
     1>c:\users\aitor\skydrive\documentos\mgep\1\programazioa ii\src\eskolaproiektua\eskolaproiektua 1.3.1\eskolaproiektua\bistaratu.c(55): error C2109: el subíndice requiere una matriz o tipo de puntero
     1>c:\users\aitor\skydrive\documentos\mgep\1\programazioa ii\src\eskolaproiektua\eskolaproiektua 1.3.1\eskolaproiektua\bistaratu.c(56): error C2065: 'eskolak' : identificador no declarado
     1>c:\users\aitor\skydrive\documentos\mgep\1\programazioa ii\src\eskolaproiektua\eskolaproiektua 1.3.1\eskolaproiektua\bistaratu.c(56): error C2109: el subíndice requiere una matriz o tipo de puntero
     1>c:\users\aitor\skydrive\documentos\mgep\1\programazioa ii\src\eskolaproiektua\eskolaproiektua 1.3.1\eskolaproiektua\bistaratu.c(64): error C2065: 'eskolak' : identificador no declarado
     1>c:\users\aitor\skydrive\documentos\mgep\1\programazioa ii\src\eskolaproiektua\eskolaproiektua 1.3.1\eskolaproiektua\bistaratu.c(64): error C2109: el subíndice requiere una matriz o tipo de puntero
     1>c:\users\aitor\skydrive\documentos\mgep\1\programazioa ii\src\eskolaproiektua\eskolaproiektua 1.3.1\eskolaproiektua\bistaratu.c(66): error C2065: 'eskolak' : identificador no declarado
     1>c:\users\aitor\skydrive\documentos\mgep\1\programazioa ii\src\eskolaproiektua\eskolaproiektua 1.3.1\eskolaproiektua\bistaratu.c(66): error C2109: el subíndice requiere una matriz o tipo de puntero
     1>c:\users\aitor\skydrive\documentos\mgep\1\programazioa ii\src\eskolaproiektua\eskolaproiektua 1.3.1\eskolaproiektua\bistaratu.c(78): error C2065: 'eskolak' : identificador no declarado
     1>c:\users\aitor\skydrive\documentos\mgep\1\programazioa ii\src\eskolaproiektua\eskolaproiektua 1.3.1\eskolaproiektua\bistaratu.c(78): error C2440: 'función' : no se puede realizar la conversión de 'int' a 'ESKOLA'
     1>c:\users\aitor\skydrive\documentos\mgep\1\programazioa ii\src\eskolaproiektua\eskolaproiektua 1.3.1\eskolaproiektua\bistaratu.c(78): warning C4024: 'BISTARATU_gelaAukeratu' : tipos distintos para el parámetro formal y el parámetro real 1
     1>c:\users\aitor\skydrive\documentos\mgep\1\programazioa ii\src\eskolaproiektua\eskolaproiektua 1.3.1\eskolaproiektua\bistaratu.c(80): error C2065: 'eskolak' : identificador no declarado
     1>c:\users\aitor\skydrive\documentos\mgep\1\programazioa ii\src\eskolaproiektua\eskolaproiektua 1.3.1\eskolaproiektua\bistaratu.c(80): error C2109: el subíndice requiere una matriz o tipo de puntero
     1>c:\users\aitor\skydrive\documentos\mgep\1\programazioa ii\src\eskolaproiektua\eskolaproiektua 1.3.1\eskolaproiektua\bistaratu.c(82): error C2065: 'eskolak' : identificador no declarado
     1>c:\users\aitor\skydrive\documentos\mgep\1\programazioa ii\src\eskolaproiektua\eskolaproiektua 1.3.1\eskolaproiektua\bistaratu.c(82): error C2109: el subíndice requiere una matriz o tipo de puntero
     1>c:\users\aitor\skydrive\documentos\mgep\1\programazioa ii\src\eskolaproiektua\eskolaproiektua 1.3.1\eskolaproiektua\bistaratu.c(87): error C2065: 'eskolak' : identificador no declarado
     1>c:\users\aitor\skydrive\documentos\mgep\1\programazioa ii\src\eskolaproiektua\eskolaproiektua 1.3.1\eskolaproiektua\bistaratu.c(87): error C2109: el subíndice requiere una matriz o tipo de puntero
     1>c:\users\aitor\skydrive\documentos\mgep\1\programazioa ii\src\eskolaproiektua\eskolaproiektua 1.3.1\eskolaproiektua\bistaratu.c(89): error C2065: 'eskolak' : identificador no declarado
     1>c:\users\aitor\skydrive\documentos\mgep\1\programazioa ii\src\eskolaproiektua\eskolaproiektua 1.3.1\eskolaproiektua\bistaratu.c(89): error C2109: el subíndice requiere una matriz o tipo de puntero
     1>c:\users\aitor\skydrive\documentos\mgep\1\programazioa ii\src\eskolaproiektua\eskolaproiektua 1.3.1\eskolaproiektua\bistaratu.c(90): error C2065: 'eskolak' : identificador no declarado
     1>c:\users\aitor\skydrive\documentos\mgep\1\programazioa ii\src\eskolaproiektua\eskolaproiektua 1.3.1\eskolaproiektua\bistaratu.c(90): error C2109: el subíndice requiere una matriz o tipo de puntero
     1>c:\users\aitor\skydrive\documentos\mgep\1\programazioa ii\src\eskolaproiektua\eskolaproiektua 1.3.1\eskolaproiektua\bistaratu.c(101): error C2065: 'eskolak' : identificador no declarado
     1>c:\users\aitor\skydrive\documentos\mgep\1\programazioa ii\src\eskolaproiektua\eskolaproiektua 1.3.1\eskolaproiektua\bistaratu.c(101): error C2440: 'función' : no se puede realizar la conversión de 'int' a 'ESKOLA'
     1>c:\users\aitor\skydrive\documentos\mgep\1\programazioa ii\src\eskolaproiektua\eskolaproiektua 1.3.1\eskolaproiektua\bistaratu.c(101): warning C4024: 'BISTARATU_gelaAukeratu' : tipos distintos para el parámetro formal y el parámetro real 1
     1>c:\users\aitor\skydrive\documentos\mgep\1\programazioa ii\src\eskolaproiektua\eskolaproiektua 1.3.1\eskolaproiektua\bistaratu.c(104): error C2065: 'eskolak' : identificador no declarado
     1>c:\users\aitor\skydrive\documentos\mgep\1\programazioa ii\src\eskolaproiektua\eskolaproiektua 1.3.1\eskolaproiektua\bistaratu.c(104): error C2109: el subíndice requiere una matriz o tipo de puntero
     1>c:\users\aitor\skydrive\documentos\mgep\1\programazioa ii\src\eskolaproiektua\eskolaproiektua 1.3.1\eskolaproiektua\bistaratu.c(105): error C2065: 'eskolak' : identificador no declarado
     1>c:\users\aitor\skydrive\documentos\mgep\1\programazioa ii\src\eskolaproiektua\eskolaproiektua 1.3.1\eskolaproiektua\bistaratu.c(105): error C2109: el subíndice requiere una matriz o tipo de puntero
     1>c:\users\aitor\skydrive\documentos\mgep\1\programazioa ii\src\eskolaproiektua\eskolaproiektua 1.3.1\eskolaproiektua\bistaratu.c(112): error C2065: 'eskolak' : identificador no declarado
     1>c:\users\aitor\skydrive\documentos\mgep\1\programazioa ii\src\eskolaproiektua\eskolaproiektua 1.3.1\eskolaproiektua\bistaratu.c(112): error C2109: el subíndice requiere una matriz o tipo de puntero
     1>c:\users\aitor\skydrive\documentos\mgep\1\programazioa ii\src\eskolaproiektua\eskolaproiektua 1.3.1\eskolaproiektua\bistaratu.c(113): error C2065: 'eskolak' : identificador no declarado
     1>c:\users\aitor\skydrive\documentos\mgep\1\programazioa ii\src\eskolaproiektua\eskolaproiektua 1.3.1\eskolaproiektua\bistaratu.c(113): error C2109: el subíndice requiere una matriz o tipo de puntero
     1>c:\users\aitor\skydrive\documentos\mgep\1\programazioa ii\src\eskolaproiektua\eskolaproiektua 1.3.1\eskolaproiektua\bistaratu.c(114): error C2065: 'eskolak' : identificador no declarado
     1>c:\users\aitor\skydrive\documentos\mgep\1\programazioa ii\src\eskolaproiektua\eskolaproiektua 1.3.1\eskolaproiektua\bistaratu.c(114): error C2109: el subíndice requiere una matriz o tipo de puntero
     1>c:\users\aitor\skydrive\documentos\mgep\1\programazioa ii\src\eskolaproiektua\eskolaproiektua 1.3.1\eskolaproiektua\bistaratu.c(129): error C2065: 'eskolak' : identificador no declarado
     1>c:\users\aitor\skydrive\documentos\mgep\1\programazioa ii\src\eskolaproiektua\eskolaproiektua 1.3.1\eskolaproiektua\bistaratu.c(129): error C2440: 'función' : no se puede realizar la conversión de 'int' a 'ESKOLA'
     1>c:\users\aitor\skydrive\documentos\mgep\1\programazioa ii\src\eskolaproiektua\eskolaproiektua 1.3.1\eskolaproiektua\bistaratu.c(129): warning C4024: 'BISTARATU_gelaAukeratu' : tipos distintos para el parámetro formal y el parámetro real 1
     1>c:\users\aitor\skydrive\documentos\mgep\1\programazioa ii\src\eskolaproiektua\eskolaproiektua 1.3.1\eskolaproiektua\bistaratu.c(130): error C2065: 'eskolak' : identificador no declarado
     1>c:\users\aitor\skydrive\documentos\mgep\1\programazioa ii\src\eskolaproiektua\eskolaproiektua 1.3.1\eskolaproiektua\bistaratu.c(130): error C2109: el subíndice requiere una matriz o tipo de puntero
     1>c:\users\aitor\skydrive\documentos\mgep\1\programazioa ii\src\eskolaproiektua\eskolaproiektua 1.3.1\eskolaproiektua\bistaratu.c(132): error C2065: 'eskolak' : identificador no declarado
     1>c:\users\aitor\skydrive\documentos\mgep\1\programazioa ii\src\eskolaproiektua\eskolaproiektua 1.3.1\eskolaproiektua\bistaratu.c(132): error C2109: el subíndice requiere una matriz o tipo de puntero
     1>c:\users\aitor\skydrive\documentos\mgep\1\programazioa ii\src\eskolaproiektua\eskolaproiektua 1.3.1\eskolaproiektua\bistaratu.c(134): error C2065: 'eskolak' : identificador no declarado
     1>c:\users\aitor\skydrive\documentos\mgep\1\programazioa ii\src\eskolaproiektua\eskolaproiektua 1.3.1\eskolaproiektua\bistaratu.c(134): error C2109: el subíndice requiere una matriz o tipo de puntero
     1>c:\users\aitor\skydrive\documentos\mgep\1\programazioa ii\src\eskolaproiektua\eskolaproiektua 1.3.1\eskolaproiektua\bistaratu.c(136): error C2065: 'eskolak' : identificador no declarado
     1>c:\users\aitor\skydrive\documentos\mgep\1\programazioa ii\src\eskolaproiektua\eskolaproiektua 1.3.1\eskolaproiektua\bistaratu.c(136): error C2109: el subíndice requiere una matriz o tipo de puntero
     1>c:\users\aitor\skydrive\documentos\mgep\1\programazioa ii\src\eskolaproiektua\eskolaproiektua 1.3.1\eskolaproiektua\bistaratu.c(149): error C2065: 'eskolak' : identificador no declarado
     1>c:\users\aitor\skydrive\documentos\mgep\1\programazioa ii\src\eskolaproiektua\eskolaproiektua 1.3.1\eskolaproiektua\bistaratu.c(149): error C2440: 'función' : no se puede realizar la conversión de 'int' a 'ESKOLA'
     1>c:\users\aitor\skydrive\documentos\mgep\1\programazioa ii\src\eskolaproiektua\eskolaproiektua 1.3.1\eskolaproiektua\bistaratu.c(149): warning C4024: 'BISTARATU_gelaAukeratu' : tipos distintos para el parámetro formal y el parámetro real 1
     1>c:\users\aitor\skydrive\documentos\mgep\1\programazioa ii\src\eskolaproiektua\eskolaproiektua 1.3.1\eskolaproiektua\bistaratu.c(150): error C2065: 'eskolak' : identificador no declarado
     1>c:\users\aitor\skydrive\documentos\mgep\1\programazioa ii\src\eskolaproiektua\eskolaproiektua 1.3.1\eskolaproiektua\bistaratu.c(150): error C2440: 'función' : no se puede realizar la conversión de 'int' a 'ESKOLA'
     1>c:\users\aitor\skydrive\documentos\mgep\1\programazioa ii\src\eskolaproiektua\eskolaproiektua 1.3.1\eskolaproiektua\bistaratu.c(150): warning C4024: 'ordenatu' : tipos distintos para el parámetro formal y el parámetro real 1
     1>c:\users\aitor\skydrive\documentos\mgep\1\programazioa ii\src\eskolaproiektua\eskolaproiektua 1.3.1\eskolaproiektua\bistaratu.c(151): error C2065: 'eskolak' : identificador no declarado
     1>c:\users\aitor\skydrive\documentos\mgep\1\programazioa ii\src\eskolaproiektua\eskolaproiektua 1.3.1\eskolaproiektua\bistaratu.c(151): error C2109: el subíndice requiere una matriz o tipo de puntero
     1>c:\users\aitor\skydrive\documentos\mgep\1\programazioa ii\src\eskolaproiektua\eskolaproiektua 1.3.1\eskolaproiektua\bistaratu.c(161): error C2065: 'eskolak' : identificador no declarado
     1>c:\users\aitor\skydrive\documentos\mgep\1\programazioa ii\src\eskolaproiektua\eskolaproiektua 1.3.1\eskolaproiektua\bistaratu.c(161): error C2440: 'función' : no se puede realizar la conversión de 'int' a 'ESKOLA'
     1>c:\users\aitor\skydrive\documentos\mgep\1\programazioa ii\src\eskolaproiektua\eskolaproiektua 1.3.1\eskolaproiektua\bistaratu.c(161): warning C4024: 'BISTARATU_gelaAukeratu' : tipos distintos para el parámetro formal y el parámetro real 1
     1>c:\users\aitor\skydrive\documentos\mgep\1\programazioa ii\src\eskolaproiektua\eskolaproiektua 1.3.1\eskolaproiektua\bistaratu.c(162): error C2065: 'eskolak' : identificador no declarado
     1>c:\users\aitor\skydrive\documentos\mgep\1\programazioa ii\src\eskolaproiektua\eskolaproiektua 1.3.1\eskolaproiektua\bistaratu.c(162): error C2440: 'función' : no se puede realizar la conversión de 'int' a 'ESKOLA'
     1>c:\users\aitor\skydrive\documentos\mgep\1\programazioa ii\src\eskolaproiektua\eskolaproiektua 1.3.1\eskolaproiektua\bistaratu.c(162): warning C4024: 'ordenatu' : tipos distintos para el parámetro formal y el parámetro real 1
     1>c:\users\aitor\skydrive\documentos\mgep\1\programazioa ii\src\eskolaproiektua\eskolaproiektua 1.3.1\eskolaproiektua\bistaratu.c(164): error C2065: 'eskolak' : identificador no declarado
     1>c:\users\aitor\skydrive\documentos\mgep\1\programazioa ii\src\eskolaproiektua\eskolaproiektua 1.3.1\eskolaproiektua\bistaratu.c(164): error C2109: el subíndice requiere una matriz o tipo de puntero
     1>c:\users\aitor\skydrive\documentos\mgep\1\programazioa ii\src\eskolaproiektua\eskolaproiektua 1.3.1\eskolaproiektua\bistaratu.c(165): error C2065: 'eskolak' : identificador no declarado
     1>c:\users\aitor\skydrive\documentos\mgep\1\programazioa ii\src\eskolaproiektua\eskolaproiektua 1.3.1\eskolaproiektua\bistaratu.c(165): error C2109: el subíndice requiere una matriz o tipo de puntero
     1>c:\users\aitor\skydrive\documentos\mgep\1\programazioa ii\src\eskolaproiektua\eskolaproiektua 1.3.1\eskolaproiektua\bistaratu.c(175): error C2065: 'IKASLEA' : identificador no declarado
     1>c:\users\aitor\skydrive\documentos\mgep\1\programazioa ii\src\eskolaproiektua\eskolaproiektua 1.3.1\eskolaproiektua\bistaratu.c(175): error C2146: error de sintaxis : falta ';' delante del identificador 'aux'
     1>c:\users\aitor\skydrive\documentos\mgep\1\programazioa ii\src\eskolaproiektua\eskolaproiektua 1.3.1\eskolaproiektua\bistaratu.c(175): error C2065: 'aux' : identificador no declarado
     1>c:\users\aitor\skydrive\documentos\mgep\1\programazioa ii\src\eskolaproiektua\eskolaproiektua 1.3.1\eskolaproiektua\bistaratu.c(179): error C2065: 'eskolak' : identificador no declarado
     1>c:\users\aitor\skydrive\documentos\mgep\1\programazioa ii\src\eskolaproiektua\eskolaproiektua 1.3.1\eskolaproiektua\bistaratu.c(179): error C2109: el subíndice requiere una matriz o tipo de puntero
     1>c:\users\aitor\skydrive\documentos\mgep\1\programazioa ii\src\eskolaproiektua\eskolaproiektua 1.3.1\eskolaproiektua\bistaratu.c(181): error C2065: 'eskolak' : identificador no declarado
     1>c:\users\aitor\skydrive\documentos\mgep\1\programazioa ii\src\eskolaproiektua\eskolaproiektua 1.3.1\eskolaproiektua\bistaratu.c(181): error C2109: el subíndice requiere una matriz o tipo de puntero
     1>c:\users\aitor\skydrive\documentos\mgep\1\programazioa ii\src\eskolaproiektua\eskolaproiektua 1.3.1\eskolaproiektua\bistaratu.c(183): error C2065: 'eskolak' : identificador no declarado
     1>c:\users\aitor\skydrive\documentos\mgep\1\programazioa ii\src\eskolaproiektua\eskolaproiektua 1.3.1\eskolaproiektua\bistaratu.c(183): error C2109: el subíndice requiere una matriz o tipo de puntero
     1>c:\users\aitor\skydrive\documentos\mgep\1\programazioa ii\src\eskolaproiektua\eskolaproiektua 1.3.1\eskolaproiektua\bistaratu.c(186): error C2065: 'eskolak' : identificador no declarado
     1>c:\users\aitor\skydrive\documentos\mgep\1\programazioa ii\src\eskolaproiektua\eskolaproiektua 1.3.1\eskolaproiektua\bistaratu.c(186): error C2109: el subíndice requiere una matriz o tipo de puntero
     1>c:\users\aitor\skydrive\documentos\mgep\1\programazioa ii\src\eskolaproiektua\eskolaproiektua 1.3.1\eskolaproiektua\bistaratu.c(190): error C2065: 'eskolak' : identificador no declarado
     1>c:\users\aitor\skydrive\documentos\mgep\1\programazioa ii\src\eskolaproiektua\eskolaproiektua 1.3.1\eskolaproiektua\bistaratu.c(190): error C2109: el subíndice requiere una matriz o tipo de puntero
     1>c:\users\aitor\skydrive\documentos\mgep\1\programazioa ii\src\eskolaproiektua\eskolaproiektua 1.3.1\eskolaproiektua\bistaratu.c(191): error C2065: 'eskolak' : identificador no declarado
     1>c:\users\aitor\skydrive\documentos\mgep\1\programazioa ii\src\eskolaproiektua\eskolaproiektua 1.3.1\eskolaproiektua\bistaratu.c(191): error C2109: el subíndice requiere una matriz o tipo de puntero
     1>c:\users\aitor\skydrive\documentos\mgep\1\programazioa ii\src\eskolaproiektua\eskolaproiektua 1.3.1\eskolaproiektua\bistaratu.c(192): error C2065: 'eskolak' : identificador no declarado
     1>c:\users\aitor\skydrive\documentos\mgep\1\programazioa ii\src\eskolaproiektua\eskolaproiektua 1.3.1\eskolaproiektua\bistaratu.c(192): error C2109: el subíndice requiere una matriz o tipo de puntero
     1>c:\users\aitor\skydrive\documentos\mgep\1\programazioa ii\src\eskolaproiektua\eskolaproiektua 1.3.1\eskolaproiektua\bistaratu.c(194): error C2065: 'eskolak' : identificador no declarado
     1>c:\users\aitor\skydrive\documentos\mgep\1\programazioa ii\src\eskolaproiektua\eskolaproiektua 1.3.1\eskolaproiektua\bistaratu.c(194): error C2109: el subíndice requiere una matriz o tipo de puntero
     1>c:\users\aitor\skydrive\documentos\mgep\1\programazioa ii\src\eskolaproiektua\eskolaproiektua 1.3.1\eskolaproiektua\bistaratu.c(195): error C2065: 'aux' : identificador no declarado
     1>c:\users\aitor\skydrive\documentos\mgep\1\programazioa ii\src\eskolaproiektua\eskolaproiektua 1.3.1\eskolaproiektua\bistaratu.c(195): error C2065: 'eskolak' : identificador no declarado
     1>c:\users\aitor\skydrive\documentos\mgep\1\programazioa ii\src\eskolaproiektua\eskolaproiektua 1.3.1\eskolaproiektua\bistaratu.c(195): error C2109: el subíndice requiere una matriz o tipo de puntero
     1>c:\users\aitor\skydrive\documentos\mgep\1\programazioa ii\src\eskolaproiektua\eskolaproiektua 1.3.1\eskolaproiektua\bistaratu.c(196): error C2065: 'eskolak' : identificador no declarado
     1>c:\users\aitor\skydrive\documentos\mgep\1\programazioa ii\src\eskolaproiektua\eskolaproiektua 1.3.1\eskolaproiektua\bistaratu.c(196): error C2109: el subíndice requiere una matriz o tipo de puntero
     1>c:\users\aitor\skydrive\documentos\mgep\1\programazioa ii\src\eskolaproiektua\eskolaproiektua 1.3.1\eskolaproiektua\bistaratu.c(197): error C2065: 'eskolak' : identificador no declarado
     1>c:\users\aitor\skydrive\documentos\mgep\1\programazioa ii\src\eskolaproiektua\eskolaproiektua 1.3.1\eskolaproiektua\bistaratu.c(197): error C2109: el subíndice requiere una matriz o tipo de puntero
     1>c:\users\aitor\skydrive\documentos\mgep\1\programazioa ii\src\eskolaproiektua\eskolaproiektua 1.3.1\eskolaproiektua\bistaratu.c(197): error C2065: 'aux' : identificador no declarado
     1>c:\users\aitor\skydrive\documentos\mgep\1\programazioa ii\src\eskolaproiektua\eskolaproiektua 1.3.1\eskolaproiektua\bistaratu.c(197): fatal error C1003: el recuento de errores supera 100; se detiene la compilación
         Generando código...
     1>Compilación del proyecto terminada "C:\Users\Aitor\SkyDrive\Documentos\MGEP\1\Programazioa II\src\EskolaProiektua\EskolaProiektua 1.3.1\EskolaProiektua\EskolaProiektua.vcxproj" (Build destinos) -- ERROR.

ERROR al compilar.

Tiempo transcurrido 00:00:04.22
