Compilación iniciada a las 05/05/2014 12:56:09.
     1>Proyecto "C:\Users\Aitor\SkyDrive\Documentos\MGEP\1\Programazioa II\src\Memoria dinamikoak\ariketa_ca\ariketa_ca.vcxproj" en el nodo 2 (Build destinos).
     1>ClCompile:
         C:\Program Files (x86)\Microsoft Visual Studio 12.0\VC\bin\CL.exe /c /ZI /nologo /W3 /WX- /Od /Oy- /D WIN32 /D _DEBUG /D _CONSOLE /D _LIB /D _UNICODE /D UNICODE /Gm /EHsc /RTC1 /MDd /GS /fp:precise /Zc:wchar_t /Zc:forScope /Fo"Debug\\" /Fd"Debug\vc120.pdb" /Gd /TC /analyze- /errorReport:prompt ariketa_ca.c
         ariketa_ca.c
     1>c:\users\aitor\skydrive\documentos\mgep\1\programazioa ii\src\memoria dinamikoak\ariketa_ca\ariketa_ca.c(17): warning C4996: 'scanf': This function or variable may be unsafe. Consider using scanf_s instead. To disable deprecation, use _CRT_SECURE_NO_WARNINGS. See online help for details.
                 c:\program files (x86)\microsoft visual studio 12.0\vc\include\stdio.h(283) : vea la declaración de 'scanf'
     1>c:\users\aitor\skydrive\documentos\mgep\1\programazioa ii\src\memoria dinamikoak\ariketa_ca\ariketa_ca.c(56): warning C4996: 'scanf': This function or variable may be unsafe. Consider using scanf_s instead. To disable deprecation, use _CRT_SECURE_NO_WARNINGS. See online help for details.
                 c:\program files (x86)\microsoft visual studio 12.0\vc\include\stdio.h(283) : vea la declaración de 'scanf'
     1>c:\users\aitor\skydrive\documentos\mgep\1\programazioa ii\src\memoria dinamikoak\ariketa_ca\ariketa_ca.c(58): warning C4996: 'scanf': This function or variable may be unsafe. Consider using scanf_s instead. To disable deprecation, use _CRT_SECURE_NO_WARNINGS. See online help for details.
                 c:\program files (x86)\microsoft visual studio 12.0\vc\include\stdio.h(283) : vea la declaración de 'scanf'
     1>c:\users\aitor\skydrive\documentos\mgep\1\programazioa ii\src\memoria dinamikoak\ariketa_ca\ariketa_ca.c(62): warning C4996: 'fopen': This function or variable may be unsafe. Consider using fopen_s instead. To disable deprecation, use _CRT_SECURE_NO_WARNINGS. See online help for details.
                 c:\program files (x86)\microsoft visual studio 12.0\vc\include\stdio.h(211) : vea la declaración de 'fopen'
     1>c:\users\aitor\skydrive\documentos\mgep\1\programazioa ii\src\memoria dinamikoak\ariketa_ca\ariketa_ca.c(76): warning C4098: 'matrizeaSortu' : función 'void' que devuelve un valor
     1>c:\users\aitor\skydrive\documentos\mgep\1\programazioa ii\src\memoria dinamikoak\ariketa_ca\ariketa_ca.c(97): warning C4996: 'fopen': This function or variable may be unsafe. Consider using fopen_s instead. To disable deprecation, use _CRT_SECURE_NO_WARNINGS. See online help for details.
                 c:\program files (x86)\microsoft visual studio 12.0\vc\include\stdio.h(211) : vea la declaración de 'fopen'
     1>c:\users\aitor\skydrive\documentos\mgep\1\programazioa ii\src\memoria dinamikoak\ariketa_ca\ariketa_ca.c(86): warning C4101: 'tamaina' : variable local sin referencia
     1>c:\users\aitor\skydrive\documentos\mgep\1\programazioa ii\src\memoria dinamikoak\ariketa_ca\ariketa_ca.c(139): warning C4098: 'matrizeaBistaratu' : función 'void' que devuelve un valor
       Link:
         C:\Program Files (x86)\Microsoft Visual Studio 12.0\VC\bin\link.exe /ERRORREPORT:PROMPT /OUT:"C:\Users\Aitor\SkyDrive\Documentos\MGEP\1\Programazioa II\src\Memoria dinamikoak\Debug\ariketa_ca.exe" /INCREMENTAL /NOLOGO kernel32.lib user32.lib gdi32.lib winspool.lib comdlg32.lib advapi32.lib shell32.lib ole32.lib oleaut32.lib uuid.lib odbc32.lib odbccp32.lib /MANIFEST /MANIFESTUAC:"level='asInvoker' uiAccess='false'" /manifest:embed /DEBUG /PDB:"C:\Users\Aitor\SkyDrive\Documentos\MGEP\1\Programazioa II\src\Memoria dinamikoak\Debug\ariketa_ca.pdb" /SUBSYSTEM:CONSOLE /TLBID:1 /DYNAMICBASE /NXCOMPAT /IMPLIB:"C:\Users\Aitor\SkyDrive\Documentos\MGEP\1\Programazioa II\src\Memoria dinamikoak\Debug\ariketa_ca.lib" /MACHINE:X86 Debug\ariketa_ca.obj
         ariketa_ca.vcxproj -> C:\Users\Aitor\SkyDrive\Documentos\MGEP\1\Programazioa II\src\Memoria dinamikoak\Debug\ariketa_ca.exe
     1>Compilación del proyecto terminada "C:\Users\Aitor\SkyDrive\Documentos\MGEP\1\Programazioa II\src\Memoria dinamikoak\ariketa_ca\ariketa_ca.vcxproj" (Build destinos).

Compilación correcta.

Tiempo transcurrido 00:00:00.91
