Compilación iniciada a las 07/05/2014 10:43:50.
     1>Proyecto "C:\Users\Aitor\SkyDrive\Documentos\MGEP\1\Programazioa II\src\Memoria dinamikoak\ariketa_cb.c\ariketa_cb.c.vcxproj" en el nodo 2 (Build destinos).
     1>ClCompile:
         C:\Program Files (x86)\Microsoft Visual Studio 12.0\VC\bin\CL.exe /c /ZI /nologo /W3 /WX- /Od /Oy- /D WIN32 /D _DEBUG /D _CONSOLE /D _LIB /D _UNICODE /D UNICODE /Gm /EHsc /RTC1 /MDd /GS /fp:precise /Zc:wchar_t /Zc:forScope /Fo"Debug\\" /Fd"Debug\vc120.pdb" /Gd /TC /analyze- /errorReport:prompt ariketa_cb.c
         ariketa_cb.c
     1>c:\users\aitor\skydrive\documentos\mgep\1\programazioa ii\src\memoria dinamikoak\ariketa_cb.c\ariketa_cb.c(28): warning C4996: 'scanf': This function or variable may be unsafe. Consider using scanf_s instead. To disable deprecation, use _CRT_SECURE_NO_WARNINGS. See online help for details.
                 c:\program files (x86)\microsoft visual studio 12.0\vc\include\stdio.h(283) : vea la declaración de 'scanf'
     1>c:\users\aitor\skydrive\documentos\mgep\1\programazioa ii\src\memoria dinamikoak\ariketa_cb.c\ariketa_cb.c(11): warning C4101: 'fitxeroa' : variable local sin referencia
     1>c:\users\aitor\skydrive\documentos\mgep\1\programazioa ii\src\memoria dinamikoak\ariketa_cb.c\ariketa_cb.c(71): warning C4996: 'scanf': This function or variable may be unsafe. Consider using scanf_s instead. To disable deprecation, use _CRT_SECURE_NO_WARNINGS. See online help for details.
                 c:\program files (x86)\microsoft visual studio 12.0\vc\include\stdio.h(283) : vea la declaración de 'scanf'
     1>c:\users\aitor\skydrive\documentos\mgep\1\programazioa ii\src\memoria dinamikoak\ariketa_cb.c\ariketa_cb.c(73): warning C4996: 'scanf': This function or variable may be unsafe. Consider using scanf_s instead. To disable deprecation, use _CRT_SECURE_NO_WARNINGS. See online help for details.
                 c:\program files (x86)\microsoft visual studio 12.0\vc\include\stdio.h(283) : vea la declaración de 'scanf'
     1>c:\users\aitor\skydrive\documentos\mgep\1\programazioa ii\src\memoria dinamikoak\ariketa_cb.c\ariketa_cb.c(75): warning C4996: 'fopen': This function or variable may be unsafe. Consider using fopen_s instead. To disable deprecation, use _CRT_SECURE_NO_WARNINGS. See online help for details.
                 c:\program files (x86)\microsoft visual studio 12.0\vc\include\stdio.h(211) : vea la declaración de 'fopen'
     1>c:\users\aitor\skydrive\documentos\mgep\1\programazioa ii\src\memoria dinamikoak\ariketa_cb.c\ariketa_cb.c(92): warning C4098: 'fitxeroaSortu' : función 'void' que devuelve un valor
     1>c:\users\aitor\skydrive\documentos\mgep\1\programazioa ii\src\memoria dinamikoak\ariketa_cb.c\ariketa_cb.c(103): warning C4996: 'fopen': This function or variable may be unsafe. Consider using fopen_s instead. To disable deprecation, use _CRT_SECURE_NO_WARNINGS. See online help for details.
                 c:\program files (x86)\microsoft visual studio 12.0\vc\include\stdio.h(211) : vea la declaración de 'fopen'
     1>c:\users\aitor\skydrive\documentos\mgep\1\programazioa ii\src\memoria dinamikoak\ariketa_cb.c\ariketa_cb.c(125): warning C4047: 'return' : 'tMatriz *' es distinto en los niveles de direccionamiento indirecto de 'tMatriz **'
     1>c:\users\aitor\skydrive\documentos\mgep\1\programazioa ii\src\memoria dinamikoak\ariketa_cb.c\ariketa_cb.c(138): warning C4996: 'fopen': This function or variable may be unsafe. Consider using fopen_s instead. To disable deprecation, use _CRT_SECURE_NO_WARNINGS. See online help for details.
                 c:\program files (x86)\microsoft visual studio 12.0\vc\include\stdio.h(211) : vea la declaración de 'fopen'
     1>c:\users\aitor\skydrive\documentos\mgep\1\programazioa ii\src\memoria dinamikoak\ariketa_cb.c\ariketa_cb.c(186): warning C4098: 'liberarMemoria' : función 'void' que devuelve un valor
     1>c:\users\aitor\skydrive\documentos\mgep\1\programazioa ii\src\memoria dinamikoak\ariketa_cb.c\ariketa_cb.c(161): warning C4716: 'reducirMatriz' : debe devolver un valor
       Link:
         C:\Program Files (x86)\Microsoft Visual Studio 12.0\VC\bin\link.exe /ERRORREPORT:PROMPT /OUT:"C:\Users\Aitor\SkyDrive\Documentos\MGEP\1\Programazioa II\src\Memoria dinamikoak\Debug\ariketa_cb.c.exe" /INCREMENTAL /NOLOGO kernel32.lib user32.lib gdi32.lib winspool.lib comdlg32.lib advapi32.lib shell32.lib ole32.lib oleaut32.lib uuid.lib odbc32.lib odbccp32.lib /MANIFEST /MANIFESTUAC:"level='asInvoker' uiAccess='false'" /manifest:embed /DEBUG /PDB:"C:\Users\Aitor\SkyDrive\Documentos\MGEP\1\Programazioa II\src\Memoria dinamikoak\Debug\ariketa_cb.c.pdb" /SUBSYSTEM:CONSOLE /TLBID:1 /DYNAMICBASE /NXCOMPAT /IMPLIB:"C:\Users\Aitor\SkyDrive\Documentos\MGEP\1\Programazioa II\src\Memoria dinamikoak\Debug\ariketa_cb.c.lib" /MACHINE:X86 Debug\ariketa_cb.obj
         ariketa_cb.c.vcxproj -> C:\Users\Aitor\SkyDrive\Documentos\MGEP\1\Programazioa II\src\Memoria dinamikoak\Debug\ariketa_cb.c.exe
     1>Compilación del proyecto terminada "C:\Users\Aitor\SkyDrive\Documentos\MGEP\1\Programazioa II\src\Memoria dinamikoak\ariketa_cb.c\ariketa_cb.c.vcxproj" (Build destinos).

Compilación correcta.

Tiempo transcurrido 00:00:00.65
