Compilación iniciada a las 13/05/2014 10:02:29.
     1>Proyecto "C:\Users\Aitor\SkyDrive\Documentos\MGEP\1\Programazioa II\src\Memoria dinamikoak\kolaDinamikoa\kolaDinamikoa.vcxproj" en el nodo 2 (Build destinos).
     1>ClCompile:
         C:\Program Files (x86)\Microsoft Visual Studio 12.0\VC\bin\CL.exe /c /ZI /nologo /W3 /WX- /Od /Oy- /D WIN32 /D _DEBUG /D _CONSOLE /D _LIB /D _UNICODE /D UNICODE /Gm /EHsc /RTC1 /MDd /GS /fp:precise /Zc:wchar_t /Zc:forScope /Fo"Debug\\" /Fd"Debug\vc120.pdb" /Gd /TC /analyze- /errorReport:prompt kolaDinamikoa.c
         kolaDinamikoa.c
     1>c:\users\aitor\skydrive\documentos\mgep\1\programazioa ii\src\memoria dinamikoak\koladinamikoa\koladinamikoa.c(30): warning C4996: 'scanf': This function or variable may be unsafe. Consider using scanf_s instead. To disable deprecation, use _CRT_SECURE_NO_WARNINGS. See online help for details.
                 c:\program files (x86)\microsoft visual studio 12.0\vc\include\stdio.h(283) : vea la declaración de 'scanf'
     1>c:\users\aitor\skydrive\documentos\mgep\1\programazioa ii\src\memoria dinamikoak\koladinamikoa\koladinamikoa.c(110): warning C4996: 'localtime': This function or variable may be unsafe. Consider using localtime_s instead. To disable deprecation, use _CRT_SECURE_NO_WARNINGS. See online help for details.
                 c:\program files (x86)\microsoft visual studio 12.0\vc\include\time.inl(112) : vea la declaración de 'localtime'
     1>c:\users\aitor\skydrive\documentos\mgep\1\programazioa ii\src\memoria dinamikoak\koladinamikoa\koladinamikoa.c(120): warning C4098: 'data' : función 'void' que devuelve un valor
     1>c:\users\aitor\skydrive\documentos\mgep\1\programazioa ii\src\memoria dinamikoak\koladinamikoa\koladinamikoa.c(123): warning C4028: parámetro formal 1 distinto de la declaración
     1>c:\users\aitor\skydrive\documentos\mgep\1\programazioa ii\src\memoria dinamikoak\koladinamikoa\koladinamikoa.c(128): warning C4996: 'scanf': This function or variable may be unsafe. Consider using scanf_s instead. To disable deprecation, use _CRT_SECURE_NO_WARNINGS. See online help for details.
                 c:\program files (x86)\microsoft visual studio 12.0\vc\include\stdio.h(283) : vea la declaración de 'scanf'
     1>c:\users\aitor\skydrive\documentos\mgep\1\programazioa ii\src\memoria dinamikoak\koladinamikoa\koladinamikoa.c(135): warning C4996: 'scanf': This function or variable may be unsafe. Consider using scanf_s instead. To disable deprecation, use _CRT_SECURE_NO_WARNINGS. See online help for details.
                 c:\program files (x86)\microsoft visual studio 12.0\vc\include\stdio.h(283) : vea la declaración de 'scanf'
     1>c:\users\aitor\skydrive\documentos\mgep\1\programazioa ii\src\memoria dinamikoak\koladinamikoa\koladinamikoa.c(164): warning C4244: '=' : conversión de 'int' a 'float'; posible pérdida de datos
     1>c:\users\aitor\skydrive\documentos\mgep\1\programazioa ii\src\memoria dinamikoak\koladinamikoa\koladinamikoa.c(165): warning C4244: '=' : conversión de 'int' a 'float'; posible pérdida de datos
       Link:
         C:\Program Files (x86)\Microsoft Visual Studio 12.0\VC\bin\link.exe /ERRORREPORT:PROMPT /OUT:"C:\Users\Aitor\SkyDrive\Documentos\MGEP\1\Programazioa II\src\Memoria dinamikoak\Debug\kolaDinamikoa.exe" /INCREMENTAL /NOLOGO kernel32.lib user32.lib gdi32.lib winspool.lib comdlg32.lib advapi32.lib shell32.lib ole32.lib oleaut32.lib uuid.lib odbc32.lib odbccp32.lib /MANIFEST /MANIFESTUAC:"level='asInvoker' uiAccess='false'" /manifest:embed /DEBUG /PDB:"C:\Users\Aitor\SkyDrive\Documentos\MGEP\1\Programazioa II\src\Memoria dinamikoak\Debug\kolaDinamikoa.pdb" /SUBSYSTEM:CONSOLE /TLBID:1 /DYNAMICBASE /NXCOMPAT /IMPLIB:"C:\Users\Aitor\SkyDrive\Documentos\MGEP\1\Programazioa II\src\Memoria dinamikoak\Debug\kolaDinamikoa.lib" /MACHINE:X86 "Debug\aplikaziñoik.obj"
         Debug\kolaAldaketak.obj
         Debug\kolaDinamikoa.obj
         kolaDinamikoa.vcxproj -> C:\Users\Aitor\SkyDrive\Documentos\MGEP\1\Programazioa II\src\Memoria dinamikoak\Debug\kolaDinamikoa.exe
     1>Compilación del proyecto terminada "C:\Users\Aitor\SkyDrive\Documentos\MGEP\1\Programazioa II\src\Memoria dinamikoak\kolaDinamikoa\kolaDinamikoa.vcxproj" (Build destinos).

Compilación correcta.

Tiempo transcurrido 00:00:03.92
