Compilación iniciada a las 14/02/2014 9:54:40.
     1>Proyecto "C:\Users\Aitor\Documents\MGEP\1\Programazioa II\src\EskolaProiektua\EskolaProiektua\EskolaProiektua.vcxproj" en el nodo 2 (Build destinos).
     1>ClCompile:
         C:\Program Files (x86)\Microsoft Visual Studio 12.0\VC\bin\CL.exe /c /ZI /nologo /W3 /WX- /Od /Oy- /D WIN32 /D _DEBUG /D _CONSOLE /D _LIB /D _UNICODE /D UNICODE /Gm /EHsc /RTC1 /MDd /GS /fp:precise /Zc:wchar_t /Zc:forScope /Fo"Debug\\" /Fd"Debug\vc120.pdb" /Gd /TC /analyze- /errorReport:prompt bistaratu.c datuenModifikazioa.c main.c menua.c
         menua.c
     1>c:\users\aitor\documents\mgep\1\programazioa ii\src\eskolaproiektua\eskolaproiektua\menua.c(14): warning C4013: 'MENUA_eskolaAukeratuAdministratzailea' sin definir; se supone que extern devuelve como resultado int
     1>c:\users\aitor\documents\mgep\1\programazioa ii\src\eskolaproiektua\eskolaproiektua\menua.c(38): warning C4013: 'BISTARATU_eskolaAukeratu' sin definir; se supone que extern devuelve como resultado int
     1>c:\users\aitor\documents\mgep\1\programazioa ii\src\eskolaproiektua\eskolaproiektua\menua.c(42): warning C4013: 'DATUENMODIFIKAZIOA_eskolakoDatuakSartu' sin definir; se supone que extern devuelve como resultado int
     1>c:\users\aitor\documents\mgep\1\programazioa ii\src\eskolaproiektua\eskolaproiektua\menua.c(63): warning C4013: 'DATUENMODIFIKAZIOA_ikasleBatSartu' sin definir; se supone que extern devuelve como resultado int
     1>c:\users\aitor\documents\mgep\1\programazioa ii\src\eskolaproiektua\eskolaproiektua\menua.c(67): warning C4013: 'DATUENMODIFIKAZIOA_ikasleakGeletanBanatu' sin definir; se supone que extern devuelve como resultado int
     1>c:\users\aitor\documents\mgep\1\programazioa ii\src\eskolaproiektua\eskolaproiektua\menua.c(71): warning C4013: 'DATUENMODIFIKAZIOA_gelaFisikoaAsignatu' sin definir; se supone que extern devuelve como resultado int
     1>c:\users\aitor\documents\mgep\1\programazioa ii\src\eskolaproiektua\eskolaproiektua\menua.c(75): warning C4013: 'DATUENMODIFIKAZIOA_tutoreaAsignatu' sin definir; se supone que extern devuelve como resultado int
         main.c
     1>c:\users\aitor\documents\mgep\1\programazioa ii\src\eskolaproiektua\eskolaproiektua\main.c(22): warning C4013: 'MENUA_erabiltzaileaAukeratu' sin definir; se supone que extern devuelve como resultado int
         datuenModifikazioa.c
     1>c:\users\aitor\documents\mgep\1\programazioa ii\src\eskolaproiektua\eskolaproiektua\datuenmodifikazioa.c(10): warning C4996: 'gets': This function or variable may be unsafe. Consider using gets_s instead. To disable deprecation, use _CRT_SECURE_NO_WARNINGS. See online help for details.
                 c:\program files (x86)\microsoft visual studio 12.0\vc\include\stdio.h(254) : vea la declaración de 'gets'
     1>c:\users\aitor\documents\mgep\1\programazioa ii\src\eskolaproiektua\eskolaproiektua\datuenmodifikazioa.c(13): warning C4996: 'gets': This function or variable may be unsafe. Consider using gets_s instead. To disable deprecation, use _CRT_SECURE_NO_WARNINGS. See online help for details.
                 c:\program files (x86)\microsoft visual studio 12.0\vc\include\stdio.h(254) : vea la declaración de 'gets'
     1>c:\users\aitor\documents\mgep\1\programazioa ii\src\eskolaproiektua\eskolaproiektua\datuenmodifikazioa.c(16): warning C4996: 'scanf': This function or variable may be unsafe. Consider using scanf_s instead. To disable deprecation, use _CRT_SECURE_NO_WARNINGS. See online help for details.
                 c:\program files (x86)\microsoft visual studio 12.0\vc\include\stdio.h(283) : vea la declaración de 'scanf'
     1>c:\users\aitor\documents\mgep\1\programazioa ii\src\eskolaproiektua\eskolaproiektua\datuenmodifikazioa.c(19): warning C4996: 'scanf': This function or variable may be unsafe. Consider using scanf_s instead. To disable deprecation, use _CRT_SECURE_NO_WARNINGS. See online help for details.
                 c:\program files (x86)\microsoft visual studio 12.0\vc\include\stdio.h(283) : vea la declaración de 'scanf'
     1>c:\users\aitor\documents\mgep\1\programazioa ii\src\eskolaproiektua\eskolaproiektua\datuenmodifikazioa.c(22): warning C4996: 'scanf': This function or variable may be unsafe. Consider using scanf_s instead. To disable deprecation, use _CRT_SECURE_NO_WARNINGS. See online help for details.
                 c:\program files (x86)\microsoft visual studio 12.0\vc\include\stdio.h(283) : vea la declaración de 'scanf'
         bistaratu.c
     1>c:\users\aitor\documents\mgep\1\programazioa ii\src\eskolaproiektua\eskolaproiektua\bistaratu.c(14): warning C4996: 'scanf': This function or variable may be unsafe. Consider using scanf_s instead. To disable deprecation, use _CRT_SECURE_NO_WARNINGS. See online help for details.
                 c:\program files (x86)\microsoft visual studio 12.0\vc\include\stdio.h(283) : vea la declaración de 'scanf'
         Generando código...
     1>c:\users\aitor\documents\mgep\1\programazioa ii\src\eskolaproiektua\eskolaproiektua\bistaratu.c(22): warning C4716: 'BISTARATU_gelaAukeratu' : debe devolver un valor
     1>c:\users\aitor\documents\mgep\1\programazioa ii\src\eskolaproiektua\eskolaproiektua\menua.c(51): warning C4716: 'MENUA_eskolaAukeratuBesteak' : debe devolver un valor
     1>c:\users\aitor\documents\mgep\1\programazioa ii\src\eskolaproiektua\eskolaproiektua\menua.c(46): warning C4716: 'MENUA_eskolaAukeratuAdministratzailea' : debe devolver un valor
       Link:
         C:\Program Files (x86)\Microsoft Visual Studio 12.0\VC\bin\link.exe /ERRORREPORT:PROMPT /OUT:"C:\Users\Aitor\Documents\MGEP\1\Programazioa II\src\EskolaProiektua\Debug\EskolaProiektua.exe" /INCREMENTAL /NOLOGO kernel32.lib user32.lib gdi32.lib winspool.lib comdlg32.lib advapi32.lib shell32.lib ole32.lib oleaut32.lib uuid.lib odbc32.lib odbccp32.lib /MANIFEST /MANIFESTUAC:"level='asInvoker' uiAccess='false'" /manifest:embed /DEBUG /PDB:"C:\Users\Aitor\Documents\MGEP\1\Programazioa II\src\EskolaProiektua\Debug\EskolaProiektua.pdb" /SUBSYSTEM:CONSOLE /TLBID:1 /DYNAMICBASE /NXCOMPAT /IMPLIB:"C:\Users\Aitor\Documents\MGEP\1\Programazioa II\src\EskolaProiektua\Debug\EskolaProiektua.lib" /MACHINE:X86 Debug\bistaratu.obj
         Debug\datuenModifikazioa.obj
         Debug\main.obj
         Debug\menua.obj
         EskolaProiektua.vcxproj -> C:\Users\Aitor\Documents\MGEP\1\Programazioa II\src\EskolaProiektua\Debug\EskolaProiektua.exe
     1>Compilación del proyecto terminada "C:\Users\Aitor\Documents\MGEP\1\Programazioa II\src\EskolaProiektua\EskolaProiektua\EskolaProiektua.vcxproj" (Build destinos).

Compilación correcta.

Tiempo transcurrido 00:00:01.28
