Compilación iniciada a las 01/04/2014 16:22:22.
     1>Proyecto "C:\Users\Aitor\SkyDrive\Documentos\MGEP\1\Programazioa II\src\KP\KP1 BERREZKURAPENA\Ariketa1\Ariketa1.vcxproj" en el nodo 2 (Build destinos).
     1>ClCompile:
         C:\Program Files (x86)\Microsoft Visual Studio 12.0\VC\bin\CL.exe /c /ZI /nologo /W3 /WX- /Od /Oy- /D WIN32 /D _DEBUG /D _CONSOLE /D _LIB /D _UNICODE /D UNICODE /Gm /EHsc /RTC1 /MDd /GS /fp:precise /Zc:wchar_t /Zc:forScope /Fo"Debug\\" /Fd"Debug\vc120.pdb" /Gd /TC /analyze- /errorReport:prompt ariketa1.c
         ariketa1.c
     1>c:\users\aitor\skydrive\documentos\mgep\1\programazioa ii\src\kp\kp1 berrezkurapena\ariketa1\ariketa1.c(12): warning C4996: 'scanf': This function or variable may be unsafe. Consider using scanf_s instead. To disable deprecation, use _CRT_SECURE_NO_WARNINGS. See online help for details.
                 c:\program files (x86)\microsoft visual studio 12.0\vc\include\stdio.h(283) : vea la declaración de 'scanf'
     1>c:\users\aitor\skydrive\documentos\mgep\1\programazioa ii\src\kp\kp1 berrezkurapena\ariketa1\ariketa1.c(42): warning C4996: 'fopen': This function or variable may be unsafe. Consider using fopen_s instead. To disable deprecation, use _CRT_SECURE_NO_WARNINGS. See online help for details.
                 c:\program files (x86)\microsoft visual studio 12.0\vc\include\stdio.h(211) : vea la declaración de 'fopen'
     1>c:\users\aitor\skydrive\documentos\mgep\1\programazioa ii\src\kp\kp1 berrezkurapena\ariketa1\ariketa1.c(53): warning C4098: 'biztanleaSartu' : función 'void' que devuelve un valor
     1>c:\users\aitor\skydrive\documentos\mgep\1\programazioa ii\src\kp\kp1 berrezkurapena\ariketa1\ariketa1.c(75): warning C4996: 'scanf': This function or variable may be unsafe. Consider using scanf_s instead. To disable deprecation, use _CRT_SECURE_NO_WARNINGS. See online help for details.
                 c:\program files (x86)\microsoft visual studio 12.0\vc\include\stdio.h(283) : vea la declaración de 'scanf'
     1>c:\users\aitor\skydrive\documentos\mgep\1\programazioa ii\src\kp\kp1 berrezkurapena\ariketa1\ariketa1.c(79): warning C4996: 'scanf': This function or variable may be unsafe. Consider using scanf_s instead. To disable deprecation, use _CRT_SECURE_NO_WARNINGS. See online help for details.
                 c:\program files (x86)\microsoft visual studio 12.0\vc\include\stdio.h(283) : vea la declaración de 'scanf'
     1>c:\users\aitor\skydrive\documentos\mgep\1\programazioa ii\src\kp\kp1 berrezkurapena\ariketa1\ariketa1.c(83): warning C4996: 'gets': This function or variable may be unsafe. Consider using gets_s instead. To disable deprecation, use _CRT_SECURE_NO_WARNINGS. See online help for details.
                 c:\program files (x86)\microsoft visual studio 12.0\vc\include\stdio.h(254) : vea la declaración de 'gets'
     1>c:\users\aitor\skydrive\documentos\mgep\1\programazioa ii\src\kp\kp1 berrezkurapena\ariketa1\ariketa1.c(87): warning C4996: 'scanf': This function or variable may be unsafe. Consider using scanf_s instead. To disable deprecation, use _CRT_SECURE_NO_WARNINGS. See online help for details.
                 c:\program files (x86)\microsoft visual studio 12.0\vc\include\stdio.h(283) : vea la declaración de 'scanf'
     1>c:\users\aitor\skydrive\documentos\mgep\1\programazioa ii\src\kp\kp1 berrezkurapena\ariketa1\ariketa1.c(91): warning C4996: 'scanf': This function or variable may be unsafe. Consider using scanf_s instead. To disable deprecation, use _CRT_SECURE_NO_WARNINGS. See online help for details.
                 c:\program files (x86)\microsoft visual studio 12.0\vc\include\stdio.h(283) : vea la declaración de 'scanf'
     1>c:\users\aitor\skydrive\documentos\mgep\1\programazioa ii\src\kp\kp1 berrezkurapena\ariketa1\ariketa1.c(95): warning C4996: 'scanf': This function or variable may be unsafe. Consider using scanf_s instead. To disable deprecation, use _CRT_SECURE_NO_WARNINGS. See online help for details.
                 c:\program files (x86)\microsoft visual studio 12.0\vc\include\stdio.h(283) : vea la declaración de 'scanf'
     1>c:\users\aitor\skydrive\documentos\mgep\1\programazioa ii\src\kp\kp1 berrezkurapena\ariketa1\ariketa1.c(102): warning C4996: 'scanf': This function or variable may be unsafe. Consider using scanf_s instead. To disable deprecation, use _CRT_SECURE_NO_WARNINGS. See online help for details.
                 c:\program files (x86)\microsoft visual studio 12.0\vc\include\stdio.h(283) : vea la declaración de 'scanf'
     1>c:\users\aitor\skydrive\documentos\mgep\1\programazioa ii\src\kp\kp1 berrezkurapena\ariketa1\ariketa1.c(120): warning C4996: 'scanf': This function or variable may be unsafe. Consider using scanf_s instead. To disable deprecation, use _CRT_SECURE_NO_WARNINGS. See online help for details.
                 c:\program files (x86)\microsoft visual studio 12.0\vc\include\stdio.h(283) : vea la declaración de 'scanf'
     1>c:\users\aitor\skydrive\documentos\mgep\1\programazioa ii\src\kp\kp1 berrezkurapena\ariketa1\ariketa1.c(152): warning C4098: 'piszinaraSarrera' : función 'void' que devuelve un valor
     1>c:\users\aitor\skydrive\documentos\mgep\1\programazioa ii\src\kp\kp1 berrezkurapena\ariketa1\ariketa1.c(163): warning C4996: 'fopen': This function or variable may be unsafe. Consider using fopen_s instead. To disable deprecation, use _CRT_SECURE_NO_WARNINGS. See online help for details.
                 c:\program files (x86)\microsoft visual studio 12.0\vc\include\stdio.h(211) : vea la declaración de 'fopen'
       Link:
         C:\Program Files (x86)\Microsoft Visual Studio 12.0\VC\bin\link.exe /ERRORREPORT:PROMPT /OUT:"C:\Users\Aitor\SkyDrive\Documentos\MGEP\1\Programazioa II\src\KP\KP1 BERREZKURAPENA\Debug\Ariketa1.exe" /INCREMENTAL /NOLOGO kernel32.lib user32.lib gdi32.lib winspool.lib comdlg32.lib advapi32.lib shell32.lib ole32.lib oleaut32.lib uuid.lib odbc32.lib odbccp32.lib /MANIFEST /MANIFESTUAC:"level='asInvoker' uiAccess='false'" /manifest:embed /DEBUG /PDB:"C:\Users\Aitor\SkyDrive\Documentos\MGEP\1\Programazioa II\src\KP\KP1 BERREZKURAPENA\Debug\Ariketa1.pdb" /SUBSYSTEM:CONSOLE /TLBID:1 /DYNAMICBASE /NXCOMPAT /IMPLIB:"C:\Users\Aitor\SkyDrive\Documentos\MGEP\1\Programazioa II\src\KP\KP1 BERREZKURAPENA\Debug\Ariketa1.lib" /MACHINE:X86 Debug\ariketa1.obj
         Ariketa1.vcxproj -> C:\Users\Aitor\SkyDrive\Documentos\MGEP\1\Programazioa II\src\KP\KP1 BERREZKURAPENA\Debug\Ariketa1.exe
     1>Compilación del proyecto terminada "C:\Users\Aitor\SkyDrive\Documentos\MGEP\1\Programazioa II\src\KP\KP1 BERREZKURAPENA\Ariketa1\Ariketa1.vcxproj" (Build destinos).

Compilación correcta.

Tiempo transcurrido 00:00:01.87
