Compilación iniciada a las 29/04/2014 18:51:27.
     1>Proyecto "C:\Users\Aitor\SkyDrive\Documentos\MGEP\1\Programazioa II\src\Memoria dinamikoak\ariketa_ba\ariketa_ba.vcxproj" en el nodo 2 (Build destinos).
     1>ClCompile:
         C:\Program Files (x86)\Microsoft Visual Studio 12.0\VC\bin\CL.exe /c /ZI /nologo /W3 /WX- /Od /Oy- /D WIN32 /D _DEBUG /D _CONSOLE /D _LIB /D _UNICODE /D UNICODE /Gm /EHsc /RTC1 /MDd /GS /fp:precise /Zc:wchar_t /Zc:forScope /Fo"Debug\\" /Fd"Debug\vc120.pdb" /Gd /TC /analyze- /errorReport:prompt ariketa_ba.c
         ariketa_ba.c
     1>c:\users\aitor\skydrive\documentos\mgep\1\programazioa ii\src\memoria dinamikoak\ariketa_ba\ariketa_ba.c(18): warning C4996: 'gets': This function or variable may be unsafe. Consider using gets_s instead. To disable deprecation, use _CRT_SECURE_NO_WARNINGS. See online help for details.
                 c:\program files (x86)\microsoft visual studio 12.0\vc\include\stdio.h(254) : vea la declaración de 'gets'
     1>c:\users\aitor\skydrive\documentos\mgep\1\programazioa ii\src\memoria dinamikoak\ariketa_ba\ariketa_ba.c(19): warning C4996: 'sscanf': This function or variable may be unsafe. Consider using sscanf_s instead. To disable deprecation, use _CRT_SECURE_NO_WARNINGS. See online help for details.
                 c:\program files (x86)\microsoft visual studio 12.0\vc\include\stdio.h(304) : vea la declaración de 'sscanf'
     1>c:\users\aitor\skydrive\documentos\mgep\1\programazioa ii\src\memoria dinamikoak\ariketa_ba\ariketa_ba.c(31): warning C4013: 'malloc' sin definir; se supone que extern devuelve como resultado int
     1>c:\users\aitor\skydrive\documentos\mgep\1\programazioa ii\src\memoria dinamikoak\ariketa_ba\ariketa_ba.c(31): warning C4047: '=' : 'ZENBAKIA *' es distinto en los niveles de direccionamiento indirecto de 'int'
     1>c:\users\aitor\skydrive\documentos\mgep\1\programazioa ii\src\memoria dinamikoak\ariketa_ba\ariketa_ba.c(67): warning C4098: 'zenbakiaEzabatu' : función 'void' que devuelve un valor
     1>c:\users\aitor\skydrive\documentos\mgep\1\programazioa ii\src\memoria dinamikoak\ariketa_ba\ariketa_ba.c(80): warning C4098: 'zenbakiakBistaratu' : función 'void' que devuelve un valor
       Link:
         C:\Program Files (x86)\Microsoft Visual Studio 12.0\VC\bin\link.exe /ERRORREPORT:PROMPT /OUT:"C:\Users\Aitor\SkyDrive\Documentos\MGEP\1\Programazioa II\src\Memoria dinamikoak\Debug\ariketa_ba.exe" /INCREMENTAL /NOLOGO kernel32.lib user32.lib gdi32.lib winspool.lib comdlg32.lib advapi32.lib shell32.lib ole32.lib oleaut32.lib uuid.lib odbc32.lib odbccp32.lib /MANIFEST /MANIFESTUAC:"level='asInvoker' uiAccess='false'" /manifest:embed /DEBUG /PDB:"C:\Users\Aitor\SkyDrive\Documentos\MGEP\1\Programazioa II\src\Memoria dinamikoak\Debug\ariketa_ba.pdb" /SUBSYSTEM:CONSOLE /TLBID:1 /DYNAMICBASE /NXCOMPAT /IMPLIB:"C:\Users\Aitor\SkyDrive\Documentos\MGEP\1\Programazioa II\src\Memoria dinamikoak\Debug\ariketa_ba.lib" /MACHINE:X86 Debug\ariketa_ba.obj
     1>MSVCRTD.lib(crtexe.obj) : error LNK2019: símbolo externo _main sin resolver al que se hace referencia en la función ___tmainCRTStartup
     1>C:\Users\Aitor\SkyDrive\Documentos\MGEP\1\Programazioa II\src\Memoria dinamikoak\Debug\ariketa_ba.exe : fatal error LNK1120: 1 externos sin resolver
     1>Compilación del proyecto terminada "C:\Users\Aitor\SkyDrive\Documentos\MGEP\1\Programazioa II\src\Memoria dinamikoak\ariketa_ba\ariketa_ba.vcxproj" (Build destinos) -- ERROR.

ERROR al compilar.

Tiempo transcurrido 00:00:00.41
