Compilación iniciada a las 17/06/2014 21:01:33.
     1>Proyecto "C:\Users\Aitor\OneDrive\Documentos\MGEP\1\Programazioa II\src\EskolaProiektua\EskolaProiektua 1.2.1\EskolaProiektua\EskolaProiektua.vcxproj" en el nodo 2 (Build destinos).
     1>ClCompile:
         C:\Program Files (x86)\Microsoft Visual Studio 12.0\VC\bin\CL.exe /c /ZI /nologo /W3 /WX- /Od /Oy- /D WIN32 /D _DEBUG /D _CONSOLE /D _LIB /D _UNICODE /D UNICODE /Gm /EHsc /RTC1 /MDd /GS /fp:precise /Zc:wchar_t /Zc:forScope /Fo"Debug\\" /Fd"Debug\vc120.pdb" /Gd /TC /analyze- /errorReport:prompt bistaratu.c datuenModifikazioa.c main.c menua.c
         menua.c
     1>c:\users\aitor\onedrive\documentos\mgep\1\programazioa ii\src\eskolaproiektua\eskolaproiektua 1.2.1\eskolaproiektua\menua.c(31): warning C4013: 'system' sin definir; se supone que extern devuelve como resultado int
     1>c:\users\aitor\onedrive\documentos\mgep\1\programazioa ii\src\eskolaproiektua\eskolaproiektua 1.2.1\eskolaproiektua\menua.c(46): warning C4996: 'scanf': This function or variable may be unsafe. Consider using scanf_s instead. To disable deprecation, use _CRT_SECURE_NO_WARNINGS. See online help for details.
                 c:\program files (x86)\microsoft visual studio 12.0\vc\include\stdio.h(283) : vea la declaración de 'scanf'
     1>c:\users\aitor\onedrive\documentos\mgep\1\programazioa ii\src\eskolaproiektua\eskolaproiektua 1.2.1\eskolaproiektua\menua.c(56): warning C4013: 'DATUENMODIFIKAZIOA_eskolakoDatuakSartu' sin definir; se supone que extern devuelve como resultado int
     1>c:\users\aitor\onedrive\documentos\mgep\1\programazioa ii\src\eskolaproiektua\eskolaproiektua 1.2.1\eskolaproiektua\menua.c(73): warning C4013: 'DATUENMODIFIKAZIOA_ikasleBatSartu' sin definir; se supone que extern devuelve como resultado int
     1>c:\users\aitor\onedrive\documentos\mgep\1\programazioa ii\src\eskolaproiektua\eskolaproiektua 1.2.1\eskolaproiektua\menua.c(76): warning C4013: 'DATUENMODIFIKAZIOA_eskolakoDatuakModifikatu' sin definir; se supone que extern devuelve como resultado int
     1>c:\users\aitor\onedrive\documentos\mgep\1\programazioa ii\src\eskolaproiektua\eskolaproiektua 1.2.1\eskolaproiektua\menua.c(79): warning C4013: 'DATUENMODIFIKAZIOA_gelaFisikoaAsignatu' sin definir; se supone que extern devuelve como resultado int
     1>c:\users\aitor\onedrive\documentos\mgep\1\programazioa ii\src\eskolaproiektua\eskolaproiektua 1.2.1\eskolaproiektua\menua.c(82): warning C4013: 'DATUENMODIFIKAZIOA_irakasleakAsignatu' sin definir; se supone que extern devuelve como resultado int
     1>c:\users\aitor\onedrive\documentos\mgep\1\programazioa ii\src\eskolaproiektua\eskolaproiektua 1.2.1\eskolaproiektua\menua.c(85): warning C4013: 'DATUENMODIFIKAZIOA_tutoreaAsignatu' sin definir; se supone que extern devuelve como resultado int
     1>c:\users\aitor\onedrive\documentos\mgep\1\programazioa ii\src\eskolaproiektua\eskolaproiektua 1.2.1\eskolaproiektua\menua.c(88): warning C4013: 'DATUENMODIFIKAZIOA_ikasgaiakSartuAdministrazioa' sin definir; se supone que extern devuelve como resultado int
     1>c:\users\aitor\onedrive\documentos\mgep\1\programazioa ii\src\eskolaproiektua\eskolaproiektua 1.2.1\eskolaproiektua\menua.c(91): warning C4013: 'DATUENMODIFIKAZIOA_eskolakoMailakJarri' sin definir; se supone que extern devuelve como resultado int
     1>c:\users\aitor\onedrive\documentos\mgep\1\programazioa ii\src\eskolaproiektua\eskolaproiektua 1.2.1\eskolaproiektua\menua.c(108): warning C4013: 'DATUENMODIFIKAZIOA_notakSartu' sin definir; se supone que extern devuelve como resultado int
     1>c:\users\aitor\onedrive\documentos\mgep\1\programazioa ii\src\eskolaproiektua\eskolaproiektua 1.2.1\eskolaproiektua\menua.c(111): warning C4013: 'BISTARATU_notakBistaratuIrakaslearentzat' sin definir; se supone que extern devuelve como resultado int
     1>c:\users\aitor\onedrive\documentos\mgep\1\programazioa ii\src\eskolaproiektua\eskolaproiektua 1.2.1\eskolaproiektua\menua.c(114): warning C4013: 'BISTARATU_ikaslearenBatezbestekoa' sin definir; se supone que extern devuelve como resultado int
     1>c:\users\aitor\onedrive\documentos\mgep\1\programazioa ii\src\eskolaproiektua\eskolaproiektua 1.2.1\eskolaproiektua\menua.c(117): warning C4013: 'BISTARATU_taldekoIkasgaikoBatezbestekoa' sin definir; se supone que extern devuelve como resultado int
     1>c:\users\aitor\onedrive\documentos\mgep\1\programazioa ii\src\eskolaproiektua\eskolaproiektua 1.2.1\eskolaproiektua\menua.c(120): warning C4013: 'BISTARATU_taldekoBatezbestekoa' sin definir; se supone que extern devuelve como resultado int
     1>c:\users\aitor\onedrive\documentos\mgep\1\programazioa ii\src\eskolaproiektua\eskolaproiektua 1.2.1\eskolaproiektua\menua.c(123): warning C4013: 'BISTARATU_taldekoBatezbestekoHoberena' sin definir; se supone que extern devuelve como resultado int
     1>c:\users\aitor\onedrive\documentos\mgep\1\programazioa ii\src\eskolaproiektua\eskolaproiektua 1.2.1\eskolaproiektua\menua.c(126): warning C4013: 'BISTARATU_taldekoIkasleakBatezbestekoarenArabera' sin definir; se supone que extern devuelve como resultado int
     1>c:\users\aitor\onedrive\documentos\mgep\1\programazioa ii\src\eskolaproiektua\eskolaproiektua 1.2.1\eskolaproiektua\menua.c(147): warning C4013: 'BISTARATU_notakBistaratuIkaslearentzat' sin definir; se supone que extern devuelve como resultado int
     1>c:\users\aitor\onedrive\documentos\mgep\1\programazioa ii\src\eskolaproiektua\eskolaproiektua 1.2.1\eskolaproiektua\menua.c(171): warning C4996: 'scanf': This function or variable may be unsafe. Consider using scanf_s instead. To disable deprecation, use _CRT_SECURE_NO_WARNINGS. See online help for details.
                 c:\program files (x86)\microsoft visual studio 12.0\vc\include\stdio.h(283) : vea la declaración de 'scanf'
     1>c:\users\aitor\onedrive\documentos\mgep\1\programazioa ii\src\eskolaproiektua\eskolaproiektua 1.2.1\eskolaproiektua\menua.c(189): warning C4996: 'scanf': This function or variable may be unsafe. Consider using scanf_s instead. To disable deprecation, use _CRT_SECURE_NO_WARNINGS. See online help for details.
                 c:\program files (x86)\microsoft visual studio 12.0\vc\include\stdio.h(283) : vea la declaración de 'scanf'
     1>c:\users\aitor\onedrive\documentos\mgep\1\programazioa ii\src\eskolaproiektua\eskolaproiektua 1.2.1\eskolaproiektua\menua.c(207): warning C4996: 'scanf': This function or variable may be unsafe. Consider using scanf_s instead. To disable deprecation, use _CRT_SECURE_NO_WARNINGS. See online help for details.
                 c:\program files (x86)\microsoft visual studio 12.0\vc\include\stdio.h(283) : vea la declaración de 'scanf'
     1>c:\users\aitor\onedrive\documentos\mgep\1\programazioa ii\src\eskolaproiektua\eskolaproiektua 1.2.1\eskolaproiektua\menua.c(218): warning C4996: 'scanf': This function or variable may be unsafe. Consider using scanf_s instead. To disable deprecation, use _CRT_SECURE_NO_WARNINGS. See online help for details.
                 c:\program files (x86)\microsoft visual studio 12.0\vc\include\stdio.h(283) : vea la declaración de 'scanf'
     1>c:\users\aitor\onedrive\documentos\mgep\1\programazioa ii\src\eskolaproiektua\eskolaproiektua 1.2.1\eskolaproiektua\menua.c(233): warning C4996: 'scanf': This function or variable may be unsafe. Consider using scanf_s instead. To disable deprecation, use _CRT_SECURE_NO_WARNINGS. See online help for details.
                 c:\program files (x86)\microsoft visual studio 12.0\vc\include\stdio.h(283) : vea la declaración de 'scanf'
         main.c
     1>c:\users\aitor\onedrive\documentos\mgep\1\programazioa ii\src\eskolaproiektua\eskolaproiektua 1.2.1\eskolaproiektua\main.c(35): warning C4013: 'DATUENMODIFIKAZIOA_eskolakoDatuakSartu' sin definir; se supone que extern devuelve como resultado int
     1>c:\users\aitor\onedrive\documentos\mgep\1\programazioa ii\src\eskolaproiektua\eskolaproiektua 1.2.1\eskolaproiektua\main.c(40): warning C4013: 'MENUA_erabiltzaileaAukeratu' sin definir; se supone que extern devuelve como resultado int
     1>c:\users\aitor\onedrive\documentos\mgep\1\programazioa ii\src\eskolaproiektua\eskolaproiektua 1.2.1\eskolaproiektua\main.c(84): warning C4996: 'strcpy': This function or variable may be unsafe. Consider using strcpy_s instead. To disable deprecation, use _CRT_SECURE_NO_WARNINGS. See online help for details.
                 c:\program files (x86)\microsoft visual studio 12.0\vc\include\string.h(112) : vea la declaración de 'strcpy'
     1>c:\users\aitor\onedrive\documentos\mgep\1\programazioa ii\src\eskolaproiektua\eskolaproiektua 1.2.1\eskolaproiektua\main.c(88): warning C4996: 'strcpy': This function or variable may be unsafe. Consider using strcpy_s instead. To disable deprecation, use _CRT_SECURE_NO_WARNINGS. See online help for details.
                 c:\program files (x86)\microsoft visual studio 12.0\vc\include\string.h(112) : vea la declaración de 'strcpy'
     1>c:\users\aitor\onedrive\documentos\mgep\1\programazioa ii\src\eskolaproiektua\eskolaproiektua 1.2.1\eskolaproiektua\main.c(108): warning C4996: 'fopen': This function or variable may be unsafe. Consider using fopen_s instead. To disable deprecation, use _CRT_SECURE_NO_WARNINGS. See online help for details.
                 c:\program files (x86)\microsoft visual studio 12.0\vc\include\stdio.h(211) : vea la declaración de 'fopen'
     1>c:\users\aitor\onedrive\documentos\mgep\1\programazioa ii\src\eskolaproiektua\eskolaproiektua 1.2.1\eskolaproiektua\main.c(126): warning C4996: 'fopen': This function or variable may be unsafe. Consider using fopen_s instead. To disable deprecation, use _CRT_SECURE_NO_WARNINGS. See online help for details.
                 c:\program files (x86)\microsoft visual studio 12.0\vc\include\stdio.h(211) : vea la declaración de 'fopen'
         datuenModifikazioa.c
     1>c:\users\aitor\onedrive\documentos\mgep\1\programazioa ii\src\eskolaproiektua\eskolaproiektua 1.2.1\eskolaproiektua\datuenmodifikazioa.c(30): warning C4013: 'BISTARATU_gelaAukeratu' sin definir; se supone que extern devuelve como resultado int
     1>c:\users\aitor\onedrive\documentos\mgep\1\programazioa ii\src\eskolaproiektua\eskolaproiektua 1.2.1\eskolaproiektua\datuenmodifikazioa.c(38): warning C4996: 'scanf': This function or variable may be unsafe. Consider using scanf_s instead. To disable deprecation, use _CRT_SECURE_NO_WARNINGS. See online help for details.
                 c:\program files (x86)\microsoft visual studio 12.0\vc\include\stdio.h(283) : vea la declaración de 'scanf'
     1>c:\users\aitor\onedrive\documentos\mgep\1\programazioa ii\src\eskolaproiektua\eskolaproiektua 1.2.1\eskolaproiektua\datuenmodifikazioa.c(46): warning C4996: 'scanf': This function or variable may be unsafe. Consider using scanf_s instead. To disable deprecation, use _CRT_SECURE_NO_WARNINGS. See online help for details.
                 c:\program files (x86)\microsoft visual studio 12.0\vc\include\stdio.h(283) : vea la declaración de 'scanf'
     1>c:\users\aitor\onedrive\documentos\mgep\1\programazioa ii\src\eskolaproiektua\eskolaproiektua 1.2.1\eskolaproiektua\datuenmodifikazioa.c(82): warning C4996: 'scanf': This function or variable may be unsafe. Consider using scanf_s instead. To disable deprecation, use _CRT_SECURE_NO_WARNINGS. See online help for details.
                 c:\program files (x86)\microsoft visual studio 12.0\vc\include\stdio.h(283) : vea la declaración de 'scanf'
     1>c:\users\aitor\onedrive\documentos\mgep\1\programazioa ii\src\eskolaproiektua\eskolaproiektua 1.2.1\eskolaproiektua\datuenmodifikazioa.c(91): warning C4102: 'case3' : etiqueta sin referencia
     1>c:\users\aitor\onedrive\documentos\mgep\1\programazioa ii\src\eskolaproiektua\eskolaproiektua 1.2.1\eskolaproiektua\datuenmodifikazioa.c(88): warning C4102: 'case2' : etiqueta sin referencia
     1>c:\users\aitor\onedrive\documentos\mgep\1\programazioa ii\src\eskolaproiektua\eskolaproiektua 1.2.1\eskolaproiektua\datuenmodifikazioa.c(85): warning C4102: 'case1' : etiqueta sin referencia
     1>c:\users\aitor\onedrive\documentos\mgep\1\programazioa ii\src\eskolaproiektua\eskolaproiektua 1.2.1\eskolaproiektua\datuenmodifikazioa.c(132): warning C4996: 'scanf': This function or variable may be unsafe. Consider using scanf_s instead. To disable deprecation, use _CRT_SECURE_NO_WARNINGS. See online help for details.
                 c:\program files (x86)\microsoft visual studio 12.0\vc\include\stdio.h(283) : vea la declaración de 'scanf'
     1>c:\users\aitor\onedrive\documentos\mgep\1\programazioa ii\src\eskolaproiektua\eskolaproiektua 1.2.1\eskolaproiektua\datuenmodifikazioa.c(141): warning C4996: 'scanf': This function or variable may be unsafe. Consider using scanf_s instead. To disable deprecation, use _CRT_SECURE_NO_WARNINGS. See online help for details.
                 c:\program files (x86)\microsoft visual studio 12.0\vc\include\stdio.h(283) : vea la declaración de 'scanf'
     1>c:\users\aitor\onedrive\documentos\mgep\1\programazioa ii\src\eskolaproiektua\eskolaproiektua 1.2.1\eskolaproiektua\datuenmodifikazioa.c(144): warning C4996: 'scanf': This function or variable may be unsafe. Consider using scanf_s instead. To disable deprecation, use _CRT_SECURE_NO_WARNINGS. See online help for details.
                 c:\program files (x86)\microsoft visual studio 12.0\vc\include\stdio.h(283) : vea la declaración de 'scanf'
     1>c:\users\aitor\onedrive\documentos\mgep\1\programazioa ii\src\eskolaproiektua\eskolaproiektua 1.2.1\eskolaproiektua\datuenmodifikazioa.c(147): warning C4996: 'scanf': This function or variable may be unsafe. Consider using scanf_s instead. To disable deprecation, use _CRT_SECURE_NO_WARNINGS. See online help for details.
                 c:\program files (x86)\microsoft visual studio 12.0\vc\include\stdio.h(283) : vea la declaración de 'scanf'
     1>c:\users\aitor\onedrive\documentos\mgep\1\programazioa ii\src\eskolaproiektua\eskolaproiektua 1.2.1\eskolaproiektua\datuenmodifikazioa.c(150): warning C4996: 'scanf': This function or variable may be unsafe. Consider using scanf_s instead. To disable deprecation, use _CRT_SECURE_NO_WARNINGS. See online help for details.
                 c:\program files (x86)\microsoft visual studio 12.0\vc\include\stdio.h(283) : vea la declaración de 'scanf'
     1>c:\users\aitor\onedrive\documentos\mgep\1\programazioa ii\src\eskolaproiektua\eskolaproiektua 1.2.1\eskolaproiektua\datuenmodifikazioa.c(163): warning C4996: 'scanf': This function or variable may be unsafe. Consider using scanf_s instead. To disable deprecation, use _CRT_SECURE_NO_WARNINGS. See online help for details.
                 c:\program files (x86)\microsoft visual studio 12.0\vc\include\stdio.h(283) : vea la declaración de 'scanf'
     1>c:\users\aitor\onedrive\documentos\mgep\1\programazioa ii\src\eskolaproiektua\eskolaproiektua 1.2.1\eskolaproiektua\datuenmodifikazioa.c(172): warning C4996: 'scanf': This function or variable may be unsafe. Consider using scanf_s instead. To disable deprecation, use _CRT_SECURE_NO_WARNINGS. See online help for details.
                 c:\program files (x86)\microsoft visual studio 12.0\vc\include\stdio.h(283) : vea la declaración de 'scanf'
     1>c:\users\aitor\onedrive\documentos\mgep\1\programazioa ii\src\eskolaproiektua\eskolaproiektua 1.2.1\eskolaproiektua\datuenmodifikazioa.c(175): warning C4996: 'scanf': This function or variable may be unsafe. Consider using scanf_s instead. To disable deprecation, use _CRT_SECURE_NO_WARNINGS. See online help for details.
                 c:\program files (x86)\microsoft visual studio 12.0\vc\include\stdio.h(283) : vea la declaración de 'scanf'
     1>c:\users\aitor\onedrive\documentos\mgep\1\programazioa ii\src\eskolaproiektua\eskolaproiektua 1.2.1\eskolaproiektua\datuenmodifikazioa.c(178): warning C4996: 'scanf': This function or variable may be unsafe. Consider using scanf_s instead. To disable deprecation, use _CRT_SECURE_NO_WARNINGS. See online help for details.
                 c:\program files (x86)\microsoft visual studio 12.0\vc\include\stdio.h(283) : vea la declaración de 'scanf'
     1>c:\users\aitor\onedrive\documentos\mgep\1\programazioa ii\src\eskolaproiektua\eskolaproiektua 1.2.1\eskolaproiektua\datuenmodifikazioa.c(181): warning C4996: 'scanf': This function or variable may be unsafe. Consider using scanf_s instead. To disable deprecation, use _CRT_SECURE_NO_WARNINGS. See online help for details.
                 c:\program files (x86)\microsoft visual studio 12.0\vc\include\stdio.h(283) : vea la declaración de 'scanf'
     1>c:\users\aitor\onedrive\documentos\mgep\1\programazioa ii\src\eskolaproiektua\eskolaproiektua 1.2.1\eskolaproiektua\datuenmodifikazioa.c(198): warning C4996: 'scanf': This function or variable may be unsafe. Consider using scanf_s instead. To disable deprecation, use _CRT_SECURE_NO_WARNINGS. See online help for details.
                 c:\program files (x86)\microsoft visual studio 12.0\vc\include\stdio.h(283) : vea la declaración de 'scanf'
     1>c:\users\aitor\onedrive\documentos\mgep\1\programazioa ii\src\eskolaproiektua\eskolaproiektua 1.2.1\eskolaproiektua\datuenmodifikazioa.c(201): warning C4996: 'scanf': This function or variable may be unsafe. Consider using scanf_s instead. To disable deprecation, use _CRT_SECURE_NO_WARNINGS. See online help for details.
                 c:\program files (x86)\microsoft visual studio 12.0\vc\include\stdio.h(283) : vea la declaración de 'scanf'
     1>c:\users\aitor\onedrive\documentos\mgep\1\programazioa ii\src\eskolaproiektua\eskolaproiektua 1.2.1\eskolaproiektua\datuenmodifikazioa.c(204): warning C4996: 'scanf': This function or variable may be unsafe. Consider using scanf_s instead. To disable deprecation, use _CRT_SECURE_NO_WARNINGS. See online help for details.
                 c:\program files (x86)\microsoft visual studio 12.0\vc\include\stdio.h(283) : vea la declaración de 'scanf'
     1>c:\users\aitor\onedrive\documentos\mgep\1\programazioa ii\src\eskolaproiektua\eskolaproiektua 1.2.1\eskolaproiektua\datuenmodifikazioa.c(207): warning C4996: 'scanf': This function or variable may be unsafe. Consider using scanf_s instead. To disable deprecation, use _CRT_SECURE_NO_WARNINGS. See online help for details.
                 c:\program files (x86)\microsoft visual studio 12.0\vc\include\stdio.h(283) : vea la declaración de 'scanf'
     1>c:\users\aitor\onedrive\documentos\mgep\1\programazioa ii\src\eskolaproiektua\eskolaproiektua 1.2.1\eskolaproiektua\datuenmodifikazioa.c(228): warning C4996: 'scanf': This function or variable may be unsafe. Consider using scanf_s instead. To disable deprecation, use _CRT_SECURE_NO_WARNINGS. See online help for details.
                 c:\program files (x86)\microsoft visual studio 12.0\vc\include\stdio.h(283) : vea la declaración de 'scanf'
     1>c:\users\aitor\onedrive\documentos\mgep\1\programazioa ii\src\eskolaproiektua\eskolaproiektua 1.2.1\eskolaproiektua\datuenmodifikazioa.c(240): warning C4996: 'scanf': This function or variable may be unsafe. Consider using scanf_s instead. To disable deprecation, use _CRT_SECURE_NO_WARNINGS. See online help for details.
                 c:\program files (x86)\microsoft visual studio 12.0\vc\include\stdio.h(283) : vea la declaración de 'scanf'
     1>c:\users\aitor\onedrive\documentos\mgep\1\programazioa ii\src\eskolaproiektua\eskolaproiektua 1.2.1\eskolaproiektua\datuenmodifikazioa.c(265): warning C4996: 'scanf': This function or variable may be unsafe. Consider using scanf_s instead. To disable deprecation, use _CRT_SECURE_NO_WARNINGS. See online help for details.
                 c:\program files (x86)\microsoft visual studio 12.0\vc\include\stdio.h(283) : vea la declaración de 'scanf'
     1>c:\users\aitor\onedrive\documentos\mgep\1\programazioa ii\src\eskolaproiektua\eskolaproiektua 1.2.1\eskolaproiektua\datuenmodifikazioa.c(282): warning C4996: 'scanf': This function or variable may be unsafe. Consider using scanf_s instead. To disable deprecation, use _CRT_SECURE_NO_WARNINGS. See online help for details.
                 c:\program files (x86)\microsoft visual studio 12.0\vc\include\stdio.h(283) : vea la declaración de 'scanf'
     1>c:\users\aitor\onedrive\documentos\mgep\1\programazioa ii\src\eskolaproiektua\eskolaproiektua 1.2.1\eskolaproiektua\datuenmodifikazioa.c(326): warning C4996: 'scanf': This function or variable may be unsafe. Consider using scanf_s instead. To disable deprecation, use _CRT_SECURE_NO_WARNINGS. See online help for details.
                 c:\program files (x86)\microsoft visual studio 12.0\vc\include\stdio.h(283) : vea la declaración de 'scanf'
     1>c:\users\aitor\onedrive\documentos\mgep\1\programazioa ii\src\eskolaproiektua\eskolaproiektua 1.2.1\eskolaproiektua\datuenmodifikazioa.c(329): warning C4996: 'scanf': This function or variable may be unsafe. Consider using scanf_s instead. To disable deprecation, use _CRT_SECURE_NO_WARNINGS. See online help for details.
                 c:\program files (x86)\microsoft visual studio 12.0\vc\include\stdio.h(283) : vea la declaración de 'scanf'
     1>c:\users\aitor\onedrive\documentos\mgep\1\programazioa ii\src\eskolaproiektua\eskolaproiektua 1.2.1\eskolaproiektua\datuenmodifikazioa.c(335): warning C4996: 'scanf': This function or variable may be unsafe. Consider using scanf_s instead. To disable deprecation, use _CRT_SECURE_NO_WARNINGS. See online help for details.
                 c:\program files (x86)\microsoft visual studio 12.0\vc\include\stdio.h(283) : vea la declaración de 'scanf'
         bistaratu.c
     1>c:\users\aitor\onedrive\documentos\mgep\1\programazioa ii\src\eskolaproiektua\eskolaproiektua 1.2.1\eskolaproiektua\bistaratu.c(20): warning C4996: 'scanf': This function or variable may be unsafe. Consider using scanf_s instead. To disable deprecation, use _CRT_SECURE_NO_WARNINGS. See online help for details.
                 c:\program files (x86)\microsoft visual studio 12.0\vc\include\stdio.h(283) : vea la declaración de 'scanf'
     1>c:\users\aitor\onedrive\documentos\mgep\1\programazioa ii\src\eskolaproiektua\eskolaproiektua 1.2.1\eskolaproiektua\bistaratu.c(23): warning C4013: 'system' sin definir; se supone que extern devuelve como resultado int
     1>c:\users\aitor\onedrive\documentos\mgep\1\programazioa ii\src\eskolaproiektua\eskolaproiektua 1.2.1\eskolaproiektua\bistaratu.c(38): warning C4996: 'scanf': This function or variable may be unsafe. Consider using scanf_s instead. To disable deprecation, use _CRT_SECURE_NO_WARNINGS. See online help for details.
                 c:\program files (x86)\microsoft visual studio 12.0\vc\include\stdio.h(283) : vea la declaración de 'scanf'
     1>c:\users\aitor\onedrive\documentos\mgep\1\programazioa ii\src\eskolaproiektua\eskolaproiektua 1.2.1\eskolaproiektua\bistaratu.c(62): warning C4996: 'scanf': This function or variable may be unsafe. Consider using scanf_s instead. To disable deprecation, use _CRT_SECURE_NO_WARNINGS. See online help for details.
                 c:\program files (x86)\microsoft visual studio 12.0\vc\include\stdio.h(283) : vea la declaración de 'scanf'
     1>c:\users\aitor\onedrive\documentos\mgep\1\programazioa ii\src\eskolaproiektua\eskolaproiektua 1.2.1\eskolaproiektua\bistaratu.c(87): warning C4996: 'scanf': This function or variable may be unsafe. Consider using scanf_s instead. To disable deprecation, use _CRT_SECURE_NO_WARNINGS. See online help for details.
                 c:\program files (x86)\microsoft visual studio 12.0\vc\include\stdio.h(283) : vea la declaración de 'scanf'
     1>c:\users\aitor\onedrive\documentos\mgep\1\programazioa ii\src\eskolaproiektua\eskolaproiektua 1.2.1\eskolaproiektua\bistaratu.c(111): warning C4996: 'scanf': This function or variable may be unsafe. Consider using scanf_s instead. To disable deprecation, use _CRT_SECURE_NO_WARNINGS. See online help for details.
                 c:\program files (x86)\microsoft visual studio 12.0\vc\include\stdio.h(283) : vea la declaración de 'scanf'
         Generando código...
       Link:
         C:\Program Files (x86)\Microsoft Visual Studio 12.0\VC\bin\link.exe /ERRORREPORT:PROMPT /OUT:"C:\Users\Aitor\OneDrive\Documentos\MGEP\1\Programazioa II\src\EskolaProiektua\EskolaProiektua 1.2.1\Debug\EskolaProiektua.exe" /INCREMENTAL /NOLOGO kernel32.lib user32.lib gdi32.lib winspool.lib comdlg32.lib advapi32.lib shell32.lib ole32.lib oleaut32.lib uuid.lib odbc32.lib odbccp32.lib /MANIFEST /MANIFESTUAC:"level='asInvoker' uiAccess='false'" /manifest:embed /DEBUG /PDB:"C:\Users\Aitor\OneDrive\Documentos\MGEP\1\Programazioa II\src\EskolaProiektua\EskolaProiektua 1.2.1\Debug\EskolaProiektua.pdb" /SUBSYSTEM:CONSOLE /TLBID:1 /DYNAMICBASE /NXCOMPAT /IMPLIB:"C:\Users\Aitor\OneDrive\Documentos\MGEP\1\Programazioa II\src\EskolaProiektua\EskolaProiektua 1.2.1\Debug\EskolaProiektua.lib" /MACHINE:X86 Debug\bistaratu.obj
         Debug\datuenModifikazioa.obj
         Debug\main.obj
         Debug\menua.obj
         LINK : no se encontró C:\Users\Aitor\OneDrive\Documentos\MGEP\1\Programazioa II\src\EskolaProiektua\EskolaProiektua 1.2.1\Debug\EskolaProiektua.exe o no lo generó el último vínculo incremental; ejecutando vínculo completo
         EskolaProiektua.vcxproj -> C:\Users\Aitor\OneDrive\Documentos\MGEP\1\Programazioa II\src\EskolaProiektua\EskolaProiektua 1.2.1\Debug\EskolaProiektua.exe
     1>Compilación del proyecto terminada "C:\Users\Aitor\OneDrive\Documentos\MGEP\1\Programazioa II\src\EskolaProiektua\EskolaProiektua 1.2.1\EskolaProiektua\EskolaProiektua.vcxproj" (Build destinos).

Compilación correcta.

Tiempo transcurrido 00:00:02.27
