Compilación iniciada a las 26/05/2014 12:39:11.
     1>Proyecto "G:\EskolaProiektua 1.3.2\EskolaProiektua\EskolaProiektua.vcxproj" en el nodo 2 (Build destinos).
     1>ClCompile:
         C:\Program Files (x86)\Microsoft Visual Studio 12.0\VC\bin\CL.exe /c /ZI /nologo /W3 /WX- /Od /Oy- /D WIN32 /D _DEBUG /D _CONSOLE /D _LIB /D _UNICODE /D UNICODE /Gm /EHsc /RTC1 /MDd /GS /fp:precise /Zc:wchar_t /Zc:forScope /Fo"Debug\\" /Fd"Debug\vc120.pdb" /Gd /TC /analyze- /errorReport:prompt bistaratu.c datuenModifikazioa.c fitxeroetakoDatuak.c main.c menua.c
         menua.c
     1>g:\eskolaproiektua 1.3.2\eskolaproiektua\bistaratu.h(5): error C2143: error de sintaxis : falta ')' delante de '*'
     1>g:\eskolaproiektua 1.3.2\eskolaproiektua\bistaratu.h(5): error C2143: error de sintaxis : falta '{' delante de '*'
     1>g:\eskolaproiektua 1.3.2\eskolaproiektua\bistaratu.h(5): error C2143: error de sintaxis : falta ';' delante de '*'
     1>g:\eskolaproiektua 1.3.2\eskolaproiektua\bistaratu.h(5): error C2059: error de sintaxis : ')'
     1>g:\eskolaproiektua 1.3.2\eskolaproiektua\bistaratu.h(6): error C2143: error de sintaxis : falta ')' delante de '*'
     1>g:\eskolaproiektua 1.3.2\eskolaproiektua\bistaratu.h(6): error C2143: error de sintaxis : falta '{' delante de '*'
     1>g:\eskolaproiektua 1.3.2\eskolaproiektua\bistaratu.h(6): error C2143: error de sintaxis : falta ';' delante de '*'
     1>g:\eskolaproiektua 1.3.2\eskolaproiektua\bistaratu.h(6): error C2059: error de sintaxis : ')'
     1>g:\eskolaproiektua 1.3.2\eskolaproiektua\bistaratu.h(7): error C2143: error de sintaxis : falta ')' delante de '*'
     1>g:\eskolaproiektua 1.3.2\eskolaproiektua\bistaratu.h(7): error C2143: error de sintaxis : falta '{' delante de '*'
     1>g:\eskolaproiektua 1.3.2\eskolaproiektua\bistaratu.h(7): error C2143: error de sintaxis : falta ';' delante de '*'
     1>g:\eskolaproiektua 1.3.2\eskolaproiektua\bistaratu.h(7): error C2059: error de sintaxis : ')'
     1>g:\eskolaproiektua 1.3.2\eskolaproiektua\bistaratu.h(8): error C2143: error de sintaxis : falta ')' delante de '*'
     1>g:\eskolaproiektua 1.3.2\eskolaproiektua\bistaratu.h(8): error C2143: error de sintaxis : falta '{' delante de '*'
     1>g:\eskolaproiektua 1.3.2\eskolaproiektua\bistaratu.h(8): error C2143: error de sintaxis : falta ';' delante de '*'
     1>g:\eskolaproiektua 1.3.2\eskolaproiektua\bistaratu.h(8): error C2059: error de sintaxis : ')'
     1>g:\eskolaproiektua 1.3.2\eskolaproiektua\bistaratu.h(9): error C2143: error de sintaxis : falta ')' delante de '*'
     1>g:\eskolaproiektua 1.3.2\eskolaproiektua\bistaratu.h(9): error C2143: error de sintaxis : falta '{' delante de '*'
     1>g:\eskolaproiektua 1.3.2\eskolaproiektua\bistaratu.h(9): error C2143: error de sintaxis : falta ';' delante de '*'
     1>g:\eskolaproiektua 1.3.2\eskolaproiektua\bistaratu.h(9): error C2059: error de sintaxis : ')'
     1>g:\eskolaproiektua 1.3.2\eskolaproiektua\bistaratu.h(10): error C2143: error de sintaxis : falta ')' delante de '*'
     1>g:\eskolaproiektua 1.3.2\eskolaproiektua\bistaratu.h(10): error C2143: error de sintaxis : falta '{' delante de '*'
     1>g:\eskolaproiektua 1.3.2\eskolaproiektua\bistaratu.h(10): error C2143: error de sintaxis : falta ';' delante de '*'
     1>g:\eskolaproiektua 1.3.2\eskolaproiektua\bistaratu.h(10): error C2059: error de sintaxis : ')'
     1>g:\eskolaproiektua 1.3.2\eskolaproiektua\bistaratu.h(11): error C2143: error de sintaxis : falta ')' delante de '*'
     1>g:\eskolaproiektua 1.3.2\eskolaproiektua\bistaratu.h(11): error C2143: error de sintaxis : falta '{' delante de '*'
     1>g:\eskolaproiektua 1.3.2\eskolaproiektua\bistaratu.h(11): error C2143: error de sintaxis : falta ';' delante de '*'
     1>g:\eskolaproiektua 1.3.2\eskolaproiektua\bistaratu.h(11): error C2059: error de sintaxis : ')'
     1>g:\eskolaproiektua 1.3.2\eskolaproiektua\bistaratu.h(12): error C2143: error de sintaxis : falta ')' delante de '*'
     1>g:\eskolaproiektua 1.3.2\eskolaproiektua\bistaratu.h(12): error C2143: error de sintaxis : falta '{' delante de '*'
     1>g:\eskolaproiektua 1.3.2\eskolaproiektua\bistaratu.h(12): error C2143: error de sintaxis : falta ';' delante de '*'
     1>g:\eskolaproiektua 1.3.2\eskolaproiektua\bistaratu.h(12): error C2059: error de sintaxis : ')'
     1>g:\eskolaproiektua 1.3.2\eskolaproiektua\bistaratu.h(13): error C2143: error de sintaxis : falta ')' delante de '*'
     1>g:\eskolaproiektua 1.3.2\eskolaproiektua\bistaratu.h(13): error C2143: error de sintaxis : falta '{' delante de '*'
     1>g:\eskolaproiektua 1.3.2\eskolaproiektua\bistaratu.h(13): error C2143: error de sintaxis : falta ';' delante de '*'
     1>g:\eskolaproiektua 1.3.2\eskolaproiektua\bistaratu.h(13): error C2059: error de sintaxis : ')'
     1>g:\eskolaproiektua 1.3.2\eskolaproiektua\datuenmodifikazioa.h(5): error C2143: error de sintaxis : falta ')' delante de '*'
     1>g:\eskolaproiektua 1.3.2\eskolaproiektua\datuenmodifikazioa.h(5): error C2143: error de sintaxis : falta '{' delante de '*'
     1>g:\eskolaproiektua 1.3.2\eskolaproiektua\datuenmodifikazioa.h(5): error C2143: error de sintaxis : falta ';' delante de '*'
     1>g:\eskolaproiektua 1.3.2\eskolaproiektua\datuenmodifikazioa.h(5): error C2059: error de sintaxis : ')'
     1>g:\eskolaproiektua 1.3.2\eskolaproiektua\datuenmodifikazioa.h(6): error C2143: error de sintaxis : falta ')' delante de '*'
     1>g:\eskolaproiektua 1.3.2\eskolaproiektua\datuenmodifikazioa.h(6): error C2143: error de sintaxis : falta '{' delante de '*'
     1>g:\eskolaproiektua 1.3.2\eskolaproiektua\datuenmodifikazioa.h(6): error C2143: error de sintaxis : falta ';' delante de '*'
     1>g:\eskolaproiektua 1.3.2\eskolaproiektua\datuenmodifikazioa.h(6): error C2059: error de sintaxis : ')'
     1>g:\eskolaproiektua 1.3.2\eskolaproiektua\datuenmodifikazioa.h(7): error C2143: error de sintaxis : falta ')' delante de '*'
     1>g:\eskolaproiektua 1.3.2\eskolaproiektua\datuenmodifikazioa.h(7): error C2143: error de sintaxis : falta '{' delante de '*'
     1>g:\eskolaproiektua 1.3.2\eskolaproiektua\datuenmodifikazioa.h(7): error C2061: error de sintaxis : identificador 'ESKOLA'
     1>g:\eskolaproiektua 1.3.2\eskolaproiektua\datuenmodifikazioa.h(7): error C2059: error de sintaxis : ';'
     1>g:\eskolaproiektua 1.3.2\eskolaproiektua\datuenmodifikazioa.h(7): error C2059: error de sintaxis : ')'
     1>g:\eskolaproiektua 1.3.2\eskolaproiektua\datuenmodifikazioa.h(8): error C2143: error de sintaxis : falta ')' delante de '*'
     1>g:\eskolaproiektua 1.3.2\eskolaproiektua\datuenmodifikazioa.h(8): error C2143: error de sintaxis : falta '{' delante de '*'
     1>g:\eskolaproiektua 1.3.2\eskolaproiektua\datuenmodifikazioa.h(8): error C2059: error de sintaxis : ')'
     1>g:\eskolaproiektua 1.3.2\eskolaproiektua\datuenmodifikazioa.h(9): error C2143: error de sintaxis : falta ')' delante de '*'
     1>g:\eskolaproiektua 1.3.2\eskolaproiektua\datuenmodifikazioa.h(9): error C2143: error de sintaxis : falta '{' delante de '*'
     1>g:\eskolaproiektua 1.3.2\eskolaproiektua\datuenmodifikazioa.h(9): error C2059: error de sintaxis : ')'
     1>g:\eskolaproiektua 1.3.2\eskolaproiektua\datuenmodifikazioa.h(10): error C2143: error de sintaxis : falta ')' delante de '*'
     1>g:\eskolaproiektua 1.3.2\eskolaproiektua\datuenmodifikazioa.h(10): error C2143: error de sintaxis : falta '{' delante de '*'
     1>g:\eskolaproiektua 1.3.2\eskolaproiektua\datuenmodifikazioa.h(10): error C2143: error de sintaxis : falta ';' delante de '*'
     1>g:\eskolaproiektua 1.3.2\eskolaproiektua\datuenmodifikazioa.h(10): error C2059: error de sintaxis : ')'
     1>g:\eskolaproiektua 1.3.2\eskolaproiektua\datuenmodifikazioa.h(11): error C2143: error de sintaxis : falta ')' delante de '*'
     1>g:\eskolaproiektua 1.3.2\eskolaproiektua\datuenmodifikazioa.h(11): error C2143: error de sintaxis : falta '{' delante de '*'
     1>g:\eskolaproiektua 1.3.2\eskolaproiektua\datuenmodifikazioa.h(11): error C2143: error de sintaxis : falta ';' delante de '*'
     1>g:\eskolaproiektua 1.3.2\eskolaproiektua\datuenmodifikazioa.h(11): error C2059: error de sintaxis : ')'
     1>g:\eskolaproiektua 1.3.2\eskolaproiektua\datuenmodifikazioa.h(12): error C2143: error de sintaxis : falta ')' delante de '*'
     1>g:\eskolaproiektua 1.3.2\eskolaproiektua\datuenmodifikazioa.h(12): error C2143: error de sintaxis : falta '{' delante de '*'
     1>g:\eskolaproiektua 1.3.2\eskolaproiektua\datuenmodifikazioa.h(12): error C2143: error de sintaxis : falta ';' delante de '*'
     1>g:\eskolaproiektua 1.3.2\eskolaproiektua\datuenmodifikazioa.h(12): error C2059: error de sintaxis : ')'
     1>g:\eskolaproiektua 1.3.2\eskolaproiektua\datuenmodifikazioa.h(13): error C2143: error de sintaxis : falta ')' delante de '*'
     1>g:\eskolaproiektua 1.3.2\eskolaproiektua\datuenmodifikazioa.h(13): error C2143: error de sintaxis : falta '{' delante de '*'
     1>g:\eskolaproiektua 1.3.2\eskolaproiektua\datuenmodifikazioa.h(13): error C2143: error de sintaxis : falta ';' delante de '*'
     1>g:\eskolaproiektua 1.3.2\eskolaproiektua\datuenmodifikazioa.h(13): error C2059: error de sintaxis : ')'
     1>g:\eskolaproiektua 1.3.2\eskolaproiektua\datuenmodifikazioa.h(14): error C2143: error de sintaxis : falta ')' delante de '*'
     1>g:\eskolaproiektua 1.3.2\eskolaproiektua\datuenmodifikazioa.h(14): error C2143: error de sintaxis : falta '{' delante de '*'
     1>g:\eskolaproiektua 1.3.2\eskolaproiektua\datuenmodifikazioa.h(14): error C2143: error de sintaxis : falta ';' delante de '*'
     1>g:\eskolaproiektua 1.3.2\eskolaproiektua\datuenmodifikazioa.h(14): error C2059: error de sintaxis : ')'
     1>g:\eskolaproiektua 1.3.2\eskolaproiektua\datuenmodifikazioa.h(15): error C2143: error de sintaxis : falta ')' delante de '*'
     1>g:\eskolaproiektua 1.3.2\eskolaproiektua\datuenmodifikazioa.h(15): error C2143: error de sintaxis : falta '{' delante de '*'
     1>g:\eskolaproiektua 1.3.2\eskolaproiektua\datuenmodifikazioa.h(15): error C2143: error de sintaxis : falta ';' delante de '*'
     1>g:\eskolaproiektua 1.3.2\eskolaproiektua\datuenmodifikazioa.h(15): error C2059: error de sintaxis : ')'
     1>g:\eskolaproiektua 1.3.2\eskolaproiektua\datuenmodifikazioa.h(16): error C2143: error de sintaxis : falta ')' delante de '*'
     1>g:\eskolaproiektua 1.3.2\eskolaproiektua\datuenmodifikazioa.h(16): error C2143: error de sintaxis : falta '{' delante de '*'
     1>g:\eskolaproiektua 1.3.2\eskolaproiektua\datuenmodifikazioa.h(16): error C2143: error de sintaxis : falta ';' delante de '*'
     1>g:\eskolaproiektua 1.3.2\eskolaproiektua\datuenmodifikazioa.h(16): error C2059: error de sintaxis : ')'
     1>g:\eskolaproiektua 1.3.2\eskolaproiektua\datuenmodifikazioa.h(17): error C2143: error de sintaxis : falta ')' delante de '*'
     1>g:\eskolaproiektua 1.3.2\eskolaproiektua\datuenmodifikazioa.h(17): error C2143: error de sintaxis : falta '{' delante de '*'
     1>g:\eskolaproiektua 1.3.2\eskolaproiektua\datuenmodifikazioa.h(17): error C2143: error de sintaxis : falta ';' delante de '*'
     1>g:\eskolaproiektua 1.3.2\eskolaproiektua\datuenmodifikazioa.h(17): error C2059: error de sintaxis : ')'
     1>g:\eskolaproiektua 1.3.2\eskolaproiektua\datuenmodifikazioa.h(18): error C2143: error de sintaxis : falta ')' delante de '*'
     1>g:\eskolaproiektua 1.3.2\eskolaproiektua\datuenmodifikazioa.h(18): error C2143: error de sintaxis : falta '{' delante de '*'
     1>g:\eskolaproiektua 1.3.2\eskolaproiektua\datuenmodifikazioa.h(18): error C2059: error de sintaxis : ')'
     1>g:\eskolaproiektua 1.3.2\eskolaproiektua\datuenmodifikazioa.h(19): error C2143: error de sintaxis : falta ')' delante de '*'
     1>g:\eskolaproiektua 1.3.2\eskolaproiektua\datuenmodifikazioa.h(19): error C2143: error de sintaxis : falta '{' delante de '*'
     1>g:\eskolaproiektua 1.3.2\eskolaproiektua\datuenmodifikazioa.h(19): error C2059: error de sintaxis : ')'
     1>g:\eskolaproiektua 1.3.2\eskolaproiektua\datuenmodifikazioa.h(20): error C2143: error de sintaxis : falta ')' delante de '*'
     1>g:\eskolaproiektua 1.3.2\eskolaproiektua\datuenmodifikazioa.h(20): error C2143: error de sintaxis : falta '{' delante de '*'
     1>g:\eskolaproiektua 1.3.2\eskolaproiektua\datuenmodifikazioa.h(20): error C2059: error de sintaxis : ')'
     1>g:\eskolaproiektua 1.3.2\eskolaproiektua\datuenmodifikazioa.h(21): error C2143: error de sintaxis : falta ')' delante de '*'
     1>g:\eskolaproiektua 1.3.2\eskolaproiektua\datuenmodifikazioa.h(21): error C2143: error de sintaxis : falta '{' delante de '*'
     1>g:\eskolaproiektua 1.3.2\eskolaproiektua\datuenmodifikazioa.h(21): error C2143: error de sintaxis : falta ';' delante de '*'
     1>g:\eskolaproiektua 1.3.2\eskolaproiektua\datuenmodifikazioa.h(21): error C2059: error de sintaxis : ')'
     1>g:\eskolaproiektua 1.3.2\eskolaproiektua\fitxeroetakodatuak.h(5): error C2061: error de sintaxis : identificador 'ikasleaDatuakIrakurri'
     1>g:\eskolaproiektua 1.3.2\eskolaproiektua\fitxeroetakodatuak.h(5): fatal error C1003: el recuento de errores supera 100; se detiene la compilación
         main.c
     1>g:\eskolaproiektua 1.3.2\eskolaproiektua\bistaratu.h(5): error C2143: error de sintaxis : falta ')' delante de '*'
     1>g:\eskolaproiektua 1.3.2\eskolaproiektua\bistaratu.h(5): error C2143: error de sintaxis : falta '{' delante de '*'
     1>g:\eskolaproiektua 1.3.2\eskolaproiektua\bistaratu.h(5): error C2143: error de sintaxis : falta ';' delante de '*'
     1>g:\eskolaproiektua 1.3.2\eskolaproiektua\bistaratu.h(5): error C2059: error de sintaxis : ')'
     1>g:\eskolaproiektua 1.3.2\eskolaproiektua\bistaratu.h(6): error C2143: error de sintaxis : falta ')' delante de '*'
     1>g:\eskolaproiektua 1.3.2\eskolaproiektua\bistaratu.h(6): error C2143: error de sintaxis : falta '{' delante de '*'
     1>g:\eskolaproiektua 1.3.2\eskolaproiektua\bistaratu.h(6): error C2143: error de sintaxis : falta ';' delante de '*'
     1>g:\eskolaproiektua 1.3.2\eskolaproiektua\bistaratu.h(6): error C2059: error de sintaxis : ')'
     1>g:\eskolaproiektua 1.3.2\eskolaproiektua\bistaratu.h(7): error C2143: error de sintaxis : falta ')' delante de '*'
     1>g:\eskolaproiektua 1.3.2\eskolaproiektua\bistaratu.h(7): error C2143: error de sintaxis : falta '{' delante de '*'
     1>g:\eskolaproiektua 1.3.2\eskolaproiektua\bistaratu.h(7): error C2143: error de sintaxis : falta ';' delante de '*'
     1>g:\eskolaproiektua 1.3.2\eskolaproiektua\bistaratu.h(7): error C2059: error de sintaxis : ')'
     1>g:\eskolaproiektua 1.3.2\eskolaproiektua\bistaratu.h(8): error C2143: error de sintaxis : falta ')' delante de '*'
     1>g:\eskolaproiektua 1.3.2\eskolaproiektua\bistaratu.h(8): error C2143: error de sintaxis : falta '{' delante de '*'
     1>g:\eskolaproiektua 1.3.2\eskolaproiektua\bistaratu.h(8): error C2143: error de sintaxis : falta ';' delante de '*'
     1>g:\eskolaproiektua 1.3.2\eskolaproiektua\bistaratu.h(8): error C2059: error de sintaxis : ')'
     1>g:\eskolaproiektua 1.3.2\eskolaproiektua\bistaratu.h(9): error C2143: error de sintaxis : falta ')' delante de '*'
     1>g:\eskolaproiektua 1.3.2\eskolaproiektua\bistaratu.h(9): error C2143: error de sintaxis : falta '{' delante de '*'
     1>g:\eskolaproiektua 1.3.2\eskolaproiektua\bistaratu.h(9): error C2143: error de sintaxis : falta ';' delante de '*'
     1>g:\eskolaproiektua 1.3.2\eskolaproiektua\bistaratu.h(9): error C2059: error de sintaxis : ')'
     1>g:\eskolaproiektua 1.3.2\eskolaproiektua\bistaratu.h(10): error C2143: error de sintaxis : falta ')' delante de '*'
     1>g:\eskolaproiektua 1.3.2\eskolaproiektua\bistaratu.h(10): error C2143: error de sintaxis : falta '{' delante de '*'
     1>g:\eskolaproiektua 1.3.2\eskolaproiektua\bistaratu.h(10): error C2143: error de sintaxis : falta ';' delante de '*'
     1>g:\eskolaproiektua 1.3.2\eskolaproiektua\bistaratu.h(10): error C2059: error de sintaxis : ')'
     1>g:\eskolaproiektua 1.3.2\eskolaproiektua\bistaratu.h(11): error C2143: error de sintaxis : falta ')' delante de '*'
     1>g:\eskolaproiektua 1.3.2\eskolaproiektua\bistaratu.h(11): error C2143: error de sintaxis : falta '{' delante de '*'
     1>g:\eskolaproiektua 1.3.2\eskolaproiektua\bistaratu.h(11): error C2143: error de sintaxis : falta ';' delante de '*'
     1>g:\eskolaproiektua 1.3.2\eskolaproiektua\bistaratu.h(11): error C2059: error de sintaxis : ')'
     1>g:\eskolaproiektua 1.3.2\eskolaproiektua\bistaratu.h(12): error C2143: error de sintaxis : falta ')' delante de '*'
     1>g:\eskolaproiektua 1.3.2\eskolaproiektua\bistaratu.h(12): error C2143: error de sintaxis : falta '{' delante de '*'
     1>g:\eskolaproiektua 1.3.2\eskolaproiektua\bistaratu.h(12): error C2143: error de sintaxis : falta ';' delante de '*'
     1>g:\eskolaproiektua 1.3.2\eskolaproiektua\bistaratu.h(12): error C2059: error de sintaxis : ')'
     1>g:\eskolaproiektua 1.3.2\eskolaproiektua\bistaratu.h(13): error C2143: error de sintaxis : falta ')' delante de '*'
     1>g:\eskolaproiektua 1.3.2\eskolaproiektua\bistaratu.h(13): error C2143: error de sintaxis : falta '{' delante de '*'
     1>g:\eskolaproiektua 1.3.2\eskolaproiektua\bistaratu.h(13): error C2143: error de sintaxis : falta ';' delante de '*'
     1>g:\eskolaproiektua 1.3.2\eskolaproiektua\bistaratu.h(13): error C2059: error de sintaxis : ')'
     1>g:\eskolaproiektua 1.3.2\eskolaproiektua\datuenmodifikazioa.h(5): error C2143: error de sintaxis : falta ')' delante de '*'
     1>g:\eskolaproiektua 1.3.2\eskolaproiektua\datuenmodifikazioa.h(5): error C2143: error de sintaxis : falta '{' delante de '*'
     1>g:\eskolaproiektua 1.3.2\eskolaproiektua\datuenmodifikazioa.h(5): error C2143: error de sintaxis : falta ';' delante de '*'
     1>g:\eskolaproiektua 1.3.2\eskolaproiektua\datuenmodifikazioa.h(5): error C2059: error de sintaxis : ')'
     1>g:\eskolaproiektua 1.3.2\eskolaproiektua\datuenmodifikazioa.h(6): error C2143: error de sintaxis : falta ')' delante de '*'
     1>g:\eskolaproiektua 1.3.2\eskolaproiektua\datuenmodifikazioa.h(6): error C2143: error de sintaxis : falta '{' delante de '*'
     1>g:\eskolaproiektua 1.3.2\eskolaproiektua\datuenmodifikazioa.h(6): error C2143: error de sintaxis : falta ';' delante de '*'
     1>g:\eskolaproiektua 1.3.2\eskolaproiektua\datuenmodifikazioa.h(6): error C2059: error de sintaxis : ')'
     1>g:\eskolaproiektua 1.3.2\eskolaproiektua\datuenmodifikazioa.h(7): error C2143: error de sintaxis : falta ')' delante de '*'
     1>g:\eskolaproiektua 1.3.2\eskolaproiektua\datuenmodifikazioa.h(7): error C2143: error de sintaxis : falta '{' delante de '*'
     1>g:\eskolaproiektua 1.3.2\eskolaproiektua\datuenmodifikazioa.h(7): error C2061: error de sintaxis : identificador 'ESKOLA'
     1>g:\eskolaproiektua 1.3.2\eskolaproiektua\datuenmodifikazioa.h(7): error C2059: error de sintaxis : ';'
     1>g:\eskolaproiektua 1.3.2\eskolaproiektua\datuenmodifikazioa.h(7): error C2059: error de sintaxis : ')'
     1>g:\eskolaproiektua 1.3.2\eskolaproiektua\datuenmodifikazioa.h(8): error C2143: error de sintaxis : falta ')' delante de '*'
     1>g:\eskolaproiektua 1.3.2\eskolaproiektua\datuenmodifikazioa.h(8): error C2143: error de sintaxis : falta '{' delante de '*'
     1>g:\eskolaproiektua 1.3.2\eskolaproiektua\datuenmodifikazioa.h(8): error C2059: error de sintaxis : ')'
     1>g:\eskolaproiektua 1.3.2\eskolaproiektua\datuenmodifikazioa.h(9): error C2143: error de sintaxis : falta ')' delante de '*'
     1>g:\eskolaproiektua 1.3.2\eskolaproiektua\datuenmodifikazioa.h(9): error C2143: error de sintaxis : falta '{' delante de '*'
     1>g:\eskolaproiektua 1.3.2\eskolaproiektua\datuenmodifikazioa.h(9): error C2059: error de sintaxis : ')'
     1>g:\eskolaproiektua 1.3.2\eskolaproiektua\datuenmodifikazioa.h(10): error C2143: error de sintaxis : falta ')' delante de '*'
     1>g:\eskolaproiektua 1.3.2\eskolaproiektua\datuenmodifikazioa.h(10): error C2143: error de sintaxis : falta '{' delante de '*'
     1>g:\eskolaproiektua 1.3.2\eskolaproiektua\datuenmodifikazioa.h(10): error C2143: error de sintaxis : falta ';' delante de '*'
     1>g:\eskolaproiektua 1.3.2\eskolaproiektua\datuenmodifikazioa.h(10): error C2059: error de sintaxis : ')'
     1>g:\eskolaproiektua 1.3.2\eskolaproiektua\datuenmodifikazioa.h(11): error C2143: error de sintaxis : falta ')' delante de '*'
     1>g:\eskolaproiektua 1.3.2\eskolaproiektua\datuenmodifikazioa.h(11): error C2143: error de sintaxis : falta '{' delante de '*'
     1>g:\eskolaproiektua 1.3.2\eskolaproiektua\datuenmodifikazioa.h(11): error C2143: error de sintaxis : falta ';' delante de '*'
     1>g:\eskolaproiektua 1.3.2\eskolaproiektua\datuenmodifikazioa.h(11): error C2059: error de sintaxis : ')'
     1>g:\eskolaproiektua 1.3.2\eskolaproiektua\datuenmodifikazioa.h(12): error C2143: error de sintaxis : falta ')' delante de '*'
     1>g:\eskolaproiektua 1.3.2\eskolaproiektua\datuenmodifikazioa.h(12): error C2143: error de sintaxis : falta '{' delante de '*'
     1>g:\eskolaproiektua 1.3.2\eskolaproiektua\datuenmodifikazioa.h(12): error C2143: error de sintaxis : falta ';' delante de '*'
     1>g:\eskolaproiektua 1.3.2\eskolaproiektua\datuenmodifikazioa.h(12): error C2059: error de sintaxis : ')'
     1>g:\eskolaproiektua 1.3.2\eskolaproiektua\datuenmodifikazioa.h(13): error C2143: error de sintaxis : falta ')' delante de '*'
     1>g:\eskolaproiektua 1.3.2\eskolaproiektua\datuenmodifikazioa.h(13): error C2143: error de sintaxis : falta '{' delante de '*'
     1>g:\eskolaproiektua 1.3.2\eskolaproiektua\datuenmodifikazioa.h(13): error C2143: error de sintaxis : falta ';' delante de '*'
     1>g:\eskolaproiektua 1.3.2\eskolaproiektua\datuenmodifikazioa.h(13): error C2059: error de sintaxis : ')'
     1>g:\eskolaproiektua 1.3.2\eskolaproiektua\datuenmodifikazioa.h(14): error C2143: error de sintaxis : falta ')' delante de '*'
     1>g:\eskolaproiektua 1.3.2\eskolaproiektua\datuenmodifikazioa.h(14): error C2143: error de sintaxis : falta '{' delante de '*'
     1>g:\eskolaproiektua 1.3.2\eskolaproiektua\datuenmodifikazioa.h(14): error C2143: error de sintaxis : falta ';' delante de '*'
     1>g:\eskolaproiektua 1.3.2\eskolaproiektua\datuenmodifikazioa.h(14): error C2059: error de sintaxis : ')'
     1>g:\eskolaproiektua 1.3.2\eskolaproiektua\datuenmodifikazioa.h(15): error C2143: error de sintaxis : falta ')' delante de '*'
     1>g:\eskolaproiektua 1.3.2\eskolaproiektua\datuenmodifikazioa.h(15): error C2143: error de sintaxis : falta '{' delante de '*'
     1>g:\eskolaproiektua 1.3.2\eskolaproiektua\datuenmodifikazioa.h(15): error C2143: error de sintaxis : falta ';' delante de '*'
     1>g:\eskolaproiektua 1.3.2\eskolaproiektua\datuenmodifikazioa.h(15): error C2059: error de sintaxis : ')'
     1>g:\eskolaproiektua 1.3.2\eskolaproiektua\datuenmodifikazioa.h(16): error C2143: error de sintaxis : falta ')' delante de '*'
     1>g:\eskolaproiektua 1.3.2\eskolaproiektua\datuenmodifikazioa.h(16): error C2143: error de sintaxis : falta '{' delante de '*'
     1>g:\eskolaproiektua 1.3.2\eskolaproiektua\datuenmodifikazioa.h(16): error C2143: error de sintaxis : falta ';' delante de '*'
     1>g:\eskolaproiektua 1.3.2\eskolaproiektua\datuenmodifikazioa.h(16): error C2059: error de sintaxis : ')'
     1>g:\eskolaproiektua 1.3.2\eskolaproiektua\datuenmodifikazioa.h(17): error C2143: error de sintaxis : falta ')' delante de '*'
     1>g:\eskolaproiektua 1.3.2\eskolaproiektua\datuenmodifikazioa.h(17): error C2143: error de sintaxis : falta '{' delante de '*'
     1>g:\eskolaproiektua 1.3.2\eskolaproiektua\datuenmodifikazioa.h(17): error C2143: error de sintaxis : falta ';' delante de '*'
     1>g:\eskolaproiektua 1.3.2\eskolaproiektua\datuenmodifikazioa.h(17): error C2059: error de sintaxis : ')'
     1>g:\eskolaproiektua 1.3.2\eskolaproiektua\datuenmodifikazioa.h(18): error C2143: error de sintaxis : falta ')' delante de '*'
     1>g:\eskolaproiektua 1.3.2\eskolaproiektua\datuenmodifikazioa.h(18): error C2143: error de sintaxis : falta '{' delante de '*'
     1>g:\eskolaproiektua 1.3.2\eskolaproiektua\datuenmodifikazioa.h(18): error C2059: error de sintaxis : ')'
     1>g:\eskolaproiektua 1.3.2\eskolaproiektua\datuenmodifikazioa.h(19): error C2143: error de sintaxis : falta ')' delante de '*'
     1>g:\eskolaproiektua 1.3.2\eskolaproiektua\datuenmodifikazioa.h(19): error C2143: error de sintaxis : falta '{' delante de '*'
     1>g:\eskolaproiektua 1.3.2\eskolaproiektua\datuenmodifikazioa.h(19): error C2059: error de sintaxis : ')'
     1>g:\eskolaproiektua 1.3.2\eskolaproiektua\datuenmodifikazioa.h(20): error C2143: error de sintaxis : falta ')' delante de '*'
     1>g:\eskolaproiektua 1.3.2\eskolaproiektua\datuenmodifikazioa.h(20): error C2143: error de sintaxis : falta '{' delante de '*'
     1>g:\eskolaproiektua 1.3.2\eskolaproiektua\datuenmodifikazioa.h(20): error C2059: error de sintaxis : ')'
     1>g:\eskolaproiektua 1.3.2\eskolaproiektua\datuenmodifikazioa.h(21): error C2143: error de sintaxis : falta ')' delante de '*'
     1>g:\eskolaproiektua 1.3.2\eskolaproiektua\datuenmodifikazioa.h(21): error C2143: error de sintaxis : falta '{' delante de '*'
     1>g:\eskolaproiektua 1.3.2\eskolaproiektua\datuenmodifikazioa.h(21): error C2143: error de sintaxis : falta ';' delante de '*'
     1>g:\eskolaproiektua 1.3.2\eskolaproiektua\datuenmodifikazioa.h(21): error C2059: error de sintaxis : ')'
     1>g:\eskolaproiektua 1.3.2\eskolaproiektua\fitxeroetakodatuak.h(5): error C2061: error de sintaxis : identificador 'ikasleaDatuakIrakurri'
     1>g:\eskolaproiektua 1.3.2\eskolaproiektua\fitxeroetakodatuak.h(5): fatal error C1003: el recuento de errores supera 100; se detiene la compilación
         fitxeroetakoDatuak.c
     1>g:\eskolaproiektua 1.3.2\eskolaproiektua\fitxeroetakodatuak.h(5): error C2061: error de sintaxis : identificador 'ikasleaDatuakIrakurri'
     1>g:\eskolaproiektua 1.3.2\eskolaproiektua\fitxeroetakodatuak.h(5): error C2059: error de sintaxis : ';'
     1>g:\eskolaproiektua 1.3.2\eskolaproiektua\fitxeroetakodatuak.h(5): error C2059: error de sintaxis : 'tipo'
     1>g:\eskolaproiektua 1.3.2\eskolaproiektua\fitxeroetakodatuak.h(6): error C2061: error de sintaxis : identificador 'irakasleaDatuakIrakurri'
     1>g:\eskolaproiektua 1.3.2\eskolaproiektua\fitxeroetakodatuak.h(6): error C2059: error de sintaxis : ';'
     1>g:\eskolaproiektua 1.3.2\eskolaproiektua\fitxeroetakodatuak.h(6): error C2059: error de sintaxis : 'tipo'
     1>g:\eskolaproiektua 1.3.2\eskolaproiektua\fitxeroetakodatuak.h(7): error C2061: error de sintaxis : identificador 'administratzaileaDatuakIrakurri'
     1>g:\eskolaproiektua 1.3.2\eskolaproiektua\fitxeroetakodatuak.h(7): error C2059: error de sintaxis : ';'
     1>g:\eskolaproiektua 1.3.2\eskolaproiektua\fitxeroetakodatuak.h(7): error C2059: error de sintaxis : 'tipo'
     1>g:\eskolaproiektua 1.3.2\eskolaproiektua\fitxeroetakodatuak.h(9): error C2146: error de sintaxis : falta ')' delante del identificador 'eskola'
     1>g:\eskolaproiektua 1.3.2\eskolaproiektua\fitxeroetakodatuak.h(9): error C2061: error de sintaxis : identificador 'eskola'
     1>g:\eskolaproiektua 1.3.2\eskolaproiektua\fitxeroetakodatuak.h(9): error C2059: error de sintaxis : ';'
     1>g:\eskolaproiektua 1.3.2\eskolaproiektua\fitxeroetakodatuak.h(9): error C2059: error de sintaxis : ','
     1>g:\eskolaproiektua 1.3.2\eskolaproiektua\fitxeroetakodatuak.h(9): error C2059: error de sintaxis : ')'
     1>g:\eskolaproiektua 1.3.2\eskolaproiektua\fitxeroetakodatuak.h(10): error C2146: error de sintaxis : falta ')' delante del identificador 'eskola'
     1>g:\eskolaproiektua 1.3.2\eskolaproiektua\fitxeroetakodatuak.h(10): error C2061: error de sintaxis : identificador 'eskola'
     1>g:\eskolaproiektua 1.3.2\eskolaproiektua\fitxeroetakodatuak.h(10): error C2059: error de sintaxis : ';'
     1>g:\eskolaproiektua 1.3.2\eskolaproiektua\fitxeroetakodatuak.h(10): error C2059: error de sintaxis : ','
     1>g:\eskolaproiektua 1.3.2\eskolaproiektua\fitxeroetakodatuak.h(10): error C2059: error de sintaxis : ')'
     1>g:\eskolaproiektua 1.3.2\eskolaproiektua\fitxeroetakodatuak.h(11): error C2146: error de sintaxis : falta ')' delante del identificador 'eskola'
     1>g:\eskolaproiektua 1.3.2\eskolaproiektua\fitxeroetakodatuak.h(11): error C2061: error de sintaxis : identificador 'eskola'
     1>g:\eskolaproiektua 1.3.2\eskolaproiektua\fitxeroetakodatuak.h(11): error C2059: error de sintaxis : ';'
     1>g:\eskolaproiektua 1.3.2\eskolaproiektua\fitxeroetakodatuak.h(11): error C2059: error de sintaxis : ','
     1>g:\eskolaproiektua 1.3.2\eskolaproiektua\fitxeroetakodatuak.h(11): error C2059: error de sintaxis : ')'
     1>g:\eskolaproiektua 1.3.2\eskolaproiektua\bistaratu.h(5): error C2143: error de sintaxis : falta ')' delante de '*'
     1>g:\eskolaproiektua 1.3.2\eskolaproiektua\bistaratu.h(5): error C2143: error de sintaxis : falta '{' delante de '*'
     1>g:\eskolaproiektua 1.3.2\eskolaproiektua\bistaratu.h(5): error C2143: error de sintaxis : falta ';' delante de '*'
     1>g:\eskolaproiektua 1.3.2\eskolaproiektua\bistaratu.h(5): error C2059: error de sintaxis : ')'
     1>g:\eskolaproiektua 1.3.2\eskolaproiektua\bistaratu.h(6): error C2143: error de sintaxis : falta ')' delante de '*'
     1>g:\eskolaproiektua 1.3.2\eskolaproiektua\bistaratu.h(6): error C2143: error de sintaxis : falta '{' delante de '*'
     1>g:\eskolaproiektua 1.3.2\eskolaproiektua\bistaratu.h(6): error C2143: error de sintaxis : falta ';' delante de '*'
     1>g:\eskolaproiektua 1.3.2\eskolaproiektua\bistaratu.h(6): error C2059: error de sintaxis : ')'
     1>g:\eskolaproiektua 1.3.2\eskolaproiektua\bistaratu.h(7): error C2143: error de sintaxis : falta ')' delante de '*'
     1>g:\eskolaproiektua 1.3.2\eskolaproiektua\bistaratu.h(7): error C2143: error de sintaxis : falta '{' delante de '*'
     1>g:\eskolaproiektua 1.3.2\eskolaproiektua\bistaratu.h(7): error C2143: error de sintaxis : falta ';' delante de '*'
     1>g:\eskolaproiektua 1.3.2\eskolaproiektua\bistaratu.h(7): error C2059: error de sintaxis : ')'
     1>g:\eskolaproiektua 1.3.2\eskolaproiektua\bistaratu.h(8): error C2143: error de sintaxis : falta ')' delante de '*'
     1>g:\eskolaproiektua 1.3.2\eskolaproiektua\bistaratu.h(8): error C2143: error de sintaxis : falta '{' delante de '*'
     1>g:\eskolaproiektua 1.3.2\eskolaproiektua\bistaratu.h(8): error C2143: error de sintaxis : falta ';' delante de '*'
     1>g:\eskolaproiektua 1.3.2\eskolaproiektua\bistaratu.h(8): error C2059: error de sintaxis : ')'
     1>g:\eskolaproiektua 1.3.2\eskolaproiektua\bistaratu.h(9): error C2143: error de sintaxis : falta ')' delante de '*'
     1>g:\eskolaproiektua 1.3.2\eskolaproiektua\bistaratu.h(9): error C2143: error de sintaxis : falta '{' delante de '*'
     1>g:\eskolaproiektua 1.3.2\eskolaproiektua\bistaratu.h(9): error C2143: error de sintaxis : falta ';' delante de '*'
     1>g:\eskolaproiektua 1.3.2\eskolaproiektua\bistaratu.h(9): error C2059: error de sintaxis : ')'
     1>g:\eskolaproiektua 1.3.2\eskolaproiektua\bistaratu.h(10): error C2143: error de sintaxis : falta ')' delante de '*'
     1>g:\eskolaproiektua 1.3.2\eskolaproiektua\bistaratu.h(10): error C2143: error de sintaxis : falta '{' delante de '*'
     1>g:\eskolaproiektua 1.3.2\eskolaproiektua\bistaratu.h(10): error C2143: error de sintaxis : falta ';' delante de '*'
     1>g:\eskolaproiektua 1.3.2\eskolaproiektua\bistaratu.h(10): error C2059: error de sintaxis : ')'
     1>g:\eskolaproiektua 1.3.2\eskolaproiektua\bistaratu.h(11): error C2143: error de sintaxis : falta ')' delante de '*'
     1>g:\eskolaproiektua 1.3.2\eskolaproiektua\bistaratu.h(11): error C2143: error de sintaxis : falta '{' delante de '*'
     1>g:\eskolaproiektua 1.3.2\eskolaproiektua\bistaratu.h(11): error C2143: error de sintaxis : falta ';' delante de '*'
     1>g:\eskolaproiektua 1.3.2\eskolaproiektua\bistaratu.h(11): error C2059: error de sintaxis : ')'
     1>g:\eskolaproiektua 1.3.2\eskolaproiektua\bistaratu.h(12): error C2143: error de sintaxis : falta ')' delante de '*'
     1>g:\eskolaproiektua 1.3.2\eskolaproiektua\bistaratu.h(12): error C2143: error de sintaxis : falta '{' delante de '*'
     1>g:\eskolaproiektua 1.3.2\eskolaproiektua\bistaratu.h(12): error C2143: error de sintaxis : falta ';' delante de '*'
     1>g:\eskolaproiektua 1.3.2\eskolaproiektua\bistaratu.h(12): error C2059: error de sintaxis : ')'
     1>g:\eskolaproiektua 1.3.2\eskolaproiektua\bistaratu.h(13): error C2143: error de sintaxis : falta ')' delante de '*'
     1>g:\eskolaproiektua 1.3.2\eskolaproiektua\bistaratu.h(13): error C2143: error de sintaxis : falta '{' delante de '*'
     1>g:\eskolaproiektua 1.3.2\eskolaproiektua\bistaratu.h(13): error C2143: error de sintaxis : falta ';' delante de '*'
     1>g:\eskolaproiektua 1.3.2\eskolaproiektua\bistaratu.h(13): error C2059: error de sintaxis : ')'
     1>g:\eskolaproiektua 1.3.2\eskolaproiektua\datuenmodifikazioa.h(5): error C2143: error de sintaxis : falta ')' delante de '*'
     1>g:\eskolaproiektua 1.3.2\eskolaproiektua\datuenmodifikazioa.h(5): error C2143: error de sintaxis : falta '{' delante de '*'
     1>g:\eskolaproiektua 1.3.2\eskolaproiektua\datuenmodifikazioa.h(5): error C2143: error de sintaxis : falta ';' delante de '*'
     1>g:\eskolaproiektua 1.3.2\eskolaproiektua\datuenmodifikazioa.h(5): error C2059: error de sintaxis : ')'
     1>g:\eskolaproiektua 1.3.2\eskolaproiektua\datuenmodifikazioa.h(6): error C2143: error de sintaxis : falta ')' delante de '*'
     1>g:\eskolaproiektua 1.3.2\eskolaproiektua\datuenmodifikazioa.h(6): error C2143: error de sintaxis : falta '{' delante de '*'
     1>g:\eskolaproiektua 1.3.2\eskolaproiektua\datuenmodifikazioa.h(6): error C2143: error de sintaxis : falta ';' delante de '*'
     1>g:\eskolaproiektua 1.3.2\eskolaproiektua\datuenmodifikazioa.h(6): error C2059: error de sintaxis : ')'
     1>g:\eskolaproiektua 1.3.2\eskolaproiektua\datuenmodifikazioa.h(7): error C2143: error de sintaxis : falta ')' delante de '*'
     1>g:\eskolaproiektua 1.3.2\eskolaproiektua\datuenmodifikazioa.h(7): error C2143: error de sintaxis : falta '{' delante de '*'
     1>g:\eskolaproiektua 1.3.2\eskolaproiektua\datuenmodifikazioa.h(7): error C2061: error de sintaxis : identificador 'ESKOLA'
     1>g:\eskolaproiektua 1.3.2\eskolaproiektua\datuenmodifikazioa.h(7): error C2059: error de sintaxis : ';'
     1>g:\eskolaproiektua 1.3.2\eskolaproiektua\datuenmodifikazioa.h(7): error C2059: error de sintaxis : ')'
     1>g:\eskolaproiektua 1.3.2\eskolaproiektua\datuenmodifikazioa.h(8): error C2143: error de sintaxis : falta ')' delante de '*'
     1>g:\eskolaproiektua 1.3.2\eskolaproiektua\datuenmodifikazioa.h(8): error C2143: error de sintaxis : falta '{' delante de '*'
     1>g:\eskolaproiektua 1.3.2\eskolaproiektua\datuenmodifikazioa.h(8): error C2059: error de sintaxis : ')'
     1>g:\eskolaproiektua 1.3.2\eskolaproiektua\datuenmodifikazioa.h(9): error C2143: error de sintaxis : falta ')' delante de '*'
     1>g:\eskolaproiektua 1.3.2\eskolaproiektua\datuenmodifikazioa.h(9): error C2143: error de sintaxis : falta '{' delante de '*'
     1>g:\eskolaproiektua 1.3.2\eskolaproiektua\datuenmodifikazioa.h(9): error C2059: error de sintaxis : ')'
     1>g:\eskolaproiektua 1.3.2\eskolaproiektua\datuenmodifikazioa.h(10): error C2143: error de sintaxis : falta ')' delante de '*'
     1>g:\eskolaproiektua 1.3.2\eskolaproiektua\datuenmodifikazioa.h(10): error C2143: error de sintaxis : falta '{' delante de '*'
     1>g:\eskolaproiektua 1.3.2\eskolaproiektua\datuenmodifikazioa.h(10): error C2143: error de sintaxis : falta ';' delante de '*'
     1>g:\eskolaproiektua 1.3.2\eskolaproiektua\datuenmodifikazioa.h(10): error C2059: error de sintaxis : ')'
     1>g:\eskolaproiektua 1.3.2\eskolaproiektua\datuenmodifikazioa.h(11): error C2143: error de sintaxis : falta ')' delante de '*'
     1>g:\eskolaproiektua 1.3.2\eskolaproiektua\datuenmodifikazioa.h(11): error C2143: error de sintaxis : falta '{' delante de '*'
     1>g:\eskolaproiektua 1.3.2\eskolaproiektua\datuenmodifikazioa.h(11): error C2143: error de sintaxis : falta ';' delante de '*'
     1>g:\eskolaproiektua 1.3.2\eskolaproiektua\datuenmodifikazioa.h(11): error C2059: error de sintaxis : ')'
     1>g:\eskolaproiektua 1.3.2\eskolaproiektua\datuenmodifikazioa.h(12): error C2143: error de sintaxis : falta ')' delante de '*'
     1>g:\eskolaproiektua 1.3.2\eskolaproiektua\datuenmodifikazioa.h(12): error C2143: error de sintaxis : falta '{' delante de '*'
     1>g:\eskolaproiektua 1.3.2\eskolaproiektua\datuenmodifikazioa.h(12): error C2143: error de sintaxis : falta ';' delante de '*'
     1>g:\eskolaproiektua 1.3.2\eskolaproiektua\datuenmodifikazioa.h(12): error C2059: error de sintaxis : ')'
     1>g:\eskolaproiektua 1.3.2\eskolaproiektua\datuenmodifikazioa.h(13): error C2143: error de sintaxis : falta ')' delante de '*'
     1>g:\eskolaproiektua 1.3.2\eskolaproiektua\datuenmodifikazioa.h(13): error C2143: error de sintaxis : falta '{' delante de '*'
     1>g:\eskolaproiektua 1.3.2\eskolaproiektua\datuenmodifikazioa.h(13): error C2143: error de sintaxis : falta ';' delante de '*'
     1>g:\eskolaproiektua 1.3.2\eskolaproiektua\datuenmodifikazioa.h(13): error C2059: error de sintaxis : ')'
     1>g:\eskolaproiektua 1.3.2\eskolaproiektua\datuenmodifikazioa.h(14): error C2143: error de sintaxis : falta ')' delante de '*'
     1>g:\eskolaproiektua 1.3.2\eskolaproiektua\datuenmodifikazioa.h(14): error C2143: error de sintaxis : falta '{' delante de '*'
     1>g:\eskolaproiektua 1.3.2\eskolaproiektua\datuenmodifikazioa.h(14): error C2143: error de sintaxis : falta ';' delante de '*'
     1>g:\eskolaproiektua 1.3.2\eskolaproiektua\datuenmodifikazioa.h(14): error C2059: error de sintaxis : ')'
     1>g:\eskolaproiektua 1.3.2\eskolaproiektua\datuenmodifikazioa.h(15): error C2143: error de sintaxis : falta ')' delante de '*'
     1>g:\eskolaproiektua 1.3.2\eskolaproiektua\datuenmodifikazioa.h(15): error C2143: error de sintaxis : falta '{' delante de '*'
     1>g:\eskolaproiektua 1.3.2\eskolaproiektua\datuenmodifikazioa.h(15): fatal error C1003: el recuento de errores supera 100; se detiene la compilación
         datuenModifikazioa.c
     1>g:\eskolaproiektua 1.3.2\eskolaproiektua\bistaratu.h(5): error C2143: error de sintaxis : falta ')' delante de '*'
     1>g:\eskolaproiektua 1.3.2\eskolaproiektua\bistaratu.h(5): error C2143: error de sintaxis : falta '{' delante de '*'
     1>g:\eskolaproiektua 1.3.2\eskolaproiektua\bistaratu.h(5): error C2143: error de sintaxis : falta ';' delante de '*'
     1>g:\eskolaproiektua 1.3.2\eskolaproiektua\bistaratu.h(5): error C2059: error de sintaxis : ')'
     1>g:\eskolaproiektua 1.3.2\eskolaproiektua\bistaratu.h(6): error C2143: error de sintaxis : falta ')' delante de '*'
     1>g:\eskolaproiektua 1.3.2\eskolaproiektua\bistaratu.h(6): error C2143: error de sintaxis : falta '{' delante de '*'
     1>g:\eskolaproiektua 1.3.2\eskolaproiektua\bistaratu.h(6): error C2143: error de sintaxis : falta ';' delante de '*'
     1>g:\eskolaproiektua 1.3.2\eskolaproiektua\bistaratu.h(6): error C2059: error de sintaxis : ')'
     1>g:\eskolaproiektua 1.3.2\eskolaproiektua\bistaratu.h(7): error C2143: error de sintaxis : falta ')' delante de '*'
     1>g:\eskolaproiektua 1.3.2\eskolaproiektua\bistaratu.h(7): error C2143: error de sintaxis : falta '{' delante de '*'
     1>g:\eskolaproiektua 1.3.2\eskolaproiektua\bistaratu.h(7): error C2143: error de sintaxis : falta ';' delante de '*'
     1>g:\eskolaproiektua 1.3.2\eskolaproiektua\bistaratu.h(7): error C2059: error de sintaxis : ')'
     1>g:\eskolaproiektua 1.3.2\eskolaproiektua\bistaratu.h(8): error C2143: error de sintaxis : falta ')' delante de '*'
     1>g:\eskolaproiektua 1.3.2\eskolaproiektua\bistaratu.h(8): error C2143: error de sintaxis : falta '{' delante de '*'
     1>g:\eskolaproiektua 1.3.2\eskolaproiektua\bistaratu.h(8): error C2143: error de sintaxis : falta ';' delante de '*'
     1>g:\eskolaproiektua 1.3.2\eskolaproiektua\bistaratu.h(8): error C2059: error de sintaxis : ')'
     1>g:\eskolaproiektua 1.3.2\eskolaproiektua\bistaratu.h(9): error C2143: error de sintaxis : falta ')' delante de '*'
     1>g:\eskolaproiektua 1.3.2\eskolaproiektua\bistaratu.h(9): error C2143: error de sintaxis : falta '{' delante de '*'
     1>g:\eskolaproiektua 1.3.2\eskolaproiektua\bistaratu.h(9): error C2143: error de sintaxis : falta ';' delante de '*'
     1>g:\eskolaproiektua 1.3.2\eskolaproiektua\bistaratu.h(9): error C2059: error de sintaxis : ')'
     1>g:\eskolaproiektua 1.3.2\eskolaproiektua\bistaratu.h(10): error C2143: error de sintaxis : falta ')' delante de '*'
     1>g:\eskolaproiektua 1.3.2\eskolaproiektua\bistaratu.h(10): error C2143: error de sintaxis : falta '{' delante de '*'
     1>g:\eskolaproiektua 1.3.2\eskolaproiektua\bistaratu.h(10): error C2143: error de sintaxis : falta ';' delante de '*'
     1>g:\eskolaproiektua 1.3.2\eskolaproiektua\bistaratu.h(10): error C2059: error de sintaxis : ')'
     1>g:\eskolaproiektua 1.3.2\eskolaproiektua\bistaratu.h(11): error C2143: error de sintaxis : falta ')' delante de '*'
     1>g:\eskolaproiektua 1.3.2\eskolaproiektua\bistaratu.h(11): error C2143: error de sintaxis : falta '{' delante de '*'
     1>g:\eskolaproiektua 1.3.2\eskolaproiektua\bistaratu.h(11): error C2143: error de sintaxis : falta ';' delante de '*'
     1>g:\eskolaproiektua 1.3.2\eskolaproiektua\bistaratu.h(11): error C2059: error de sintaxis : ')'
     1>g:\eskolaproiektua 1.3.2\eskolaproiektua\bistaratu.h(12): error C2143: error de sintaxis : falta ')' delante de '*'
     1>g:\eskolaproiektua 1.3.2\eskolaproiektua\bistaratu.h(12): error C2143: error de sintaxis : falta '{' delante de '*'
     1>g:\eskolaproiektua 1.3.2\eskolaproiektua\bistaratu.h(12): error C2143: error de sintaxis : falta ';' delante de '*'
     1>g:\eskolaproiektua 1.3.2\eskolaproiektua\bistaratu.h(12): error C2059: error de sintaxis : ')'
     1>g:\eskolaproiektua 1.3.2\eskolaproiektua\bistaratu.h(13): error C2143: error de sintaxis : falta ')' delante de '*'
     1>g:\eskolaproiektua 1.3.2\eskolaproiektua\bistaratu.h(13): error C2143: error de sintaxis : falta '{' delante de '*'
     1>g:\eskolaproiektua 1.3.2\eskolaproiektua\bistaratu.h(13): error C2143: error de sintaxis : falta ';' delante de '*'
     1>g:\eskolaproiektua 1.3.2\eskolaproiektua\bistaratu.h(13): error C2059: error de sintaxis : ')'
     1>g:\eskolaproiektua 1.3.2\eskolaproiektua\datuenmodifikazioa.h(5): error C2143: error de sintaxis : falta ')' delante de '*'
     1>g:\eskolaproiektua 1.3.2\eskolaproiektua\datuenmodifikazioa.h(5): error C2143: error de sintaxis : falta '{' delante de '*'
     1>g:\eskolaproiektua 1.3.2\eskolaproiektua\datuenmodifikazioa.h(5): error C2143: error de sintaxis : falta ';' delante de '*'
     1>g:\eskolaproiektua 1.3.2\eskolaproiektua\datuenmodifikazioa.h(5): error C2059: error de sintaxis : ')'
     1>g:\eskolaproiektua 1.3.2\eskolaproiektua\datuenmodifikazioa.h(6): error C2143: error de sintaxis : falta ')' delante de '*'
     1>g:\eskolaproiektua 1.3.2\eskolaproiektua\datuenmodifikazioa.h(6): error C2143: error de sintaxis : falta '{' delante de '*'
     1>g:\eskolaproiektua 1.3.2\eskolaproiektua\datuenmodifikazioa.h(6): error C2143: error de sintaxis : falta ';' delante de '*'
     1>g:\eskolaproiektua 1.3.2\eskolaproiektua\datuenmodifikazioa.h(6): error C2059: error de sintaxis : ')'
     1>g:\eskolaproiektua 1.3.2\eskolaproiektua\datuenmodifikazioa.h(7): error C2143: error de sintaxis : falta ')' delante de '*'
     1>g:\eskolaproiektua 1.3.2\eskolaproiektua\datuenmodifikazioa.h(7): error C2143: error de sintaxis : falta '{' delante de '*'
     1>g:\eskolaproiektua 1.3.2\eskolaproiektua\datuenmodifikazioa.h(7): error C2061: error de sintaxis : identificador 'ESKOLA'
     1>g:\eskolaproiektua 1.3.2\eskolaproiektua\datuenmodifikazioa.h(7): error C2059: error de sintaxis : ';'
     1>g:\eskolaproiektua 1.3.2\eskolaproiektua\datuenmodifikazioa.h(7): error C2059: error de sintaxis : ')'
     1>g:\eskolaproiektua 1.3.2\eskolaproiektua\datuenmodifikazioa.h(8): error C2143: error de sintaxis : falta ')' delante de '*'
     1>g:\eskolaproiektua 1.3.2\eskolaproiektua\datuenmodifikazioa.h(8): error C2143: error de sintaxis : falta '{' delante de '*'
     1>g:\eskolaproiektua 1.3.2\eskolaproiektua\datuenmodifikazioa.h(8): error C2059: error de sintaxis : ')'
     1>g:\eskolaproiektua 1.3.2\eskolaproiektua\datuenmodifikazioa.h(9): error C2143: error de sintaxis : falta ')' delante de '*'
     1>g:\eskolaproiektua 1.3.2\eskolaproiektua\datuenmodifikazioa.h(9): error C2143: error de sintaxis : falta '{' delante de '*'
     1>g:\eskolaproiektua 1.3.2\eskolaproiektua\datuenmodifikazioa.h(9): error C2059: error de sintaxis : ')'
     1>g:\eskolaproiektua 1.3.2\eskolaproiektua\datuenmodifikazioa.h(10): error C2143: error de sintaxis : falta ')' delante de '*'
     1>g:\eskolaproiektua 1.3.2\eskolaproiektua\datuenmodifikazioa.h(10): error C2143: error de sintaxis : falta '{' delante de '*'
     1>g:\eskolaproiektua 1.3.2\eskolaproiektua\datuenmodifikazioa.h(10): error C2143: error de sintaxis : falta ';' delante de '*'
     1>g:\eskolaproiektua 1.3.2\eskolaproiektua\datuenmodifikazioa.h(10): error C2059: error de sintaxis : ')'
     1>g:\eskolaproiektua 1.3.2\eskolaproiektua\datuenmodifikazioa.h(11): error C2143: error de sintaxis : falta ')' delante de '*'
     1>g:\eskolaproiektua 1.3.2\eskolaproiektua\datuenmodifikazioa.h(11): error C2143: error de sintaxis : falta '{' delante de '*'
     1>g:\eskolaproiektua 1.3.2\eskolaproiektua\datuenmodifikazioa.h(11): error C2143: error de sintaxis : falta ';' delante de '*'
     1>g:\eskolaproiektua 1.3.2\eskolaproiektua\datuenmodifikazioa.h(11): error C2059: error de sintaxis : ')'
     1>g:\eskolaproiektua 1.3.2\eskolaproiektua\datuenmodifikazioa.h(12): error C2143: error de sintaxis : falta ')' delante de '*'
     1>g:\eskolaproiektua 1.3.2\eskolaproiektua\datuenmodifikazioa.h(12): error C2143: error de sintaxis : falta '{' delante de '*'
     1>g:\eskolaproiektua 1.3.2\eskolaproiektua\datuenmodifikazioa.h(12): error C2143: error de sintaxis : falta ';' delante de '*'
     1>g:\eskolaproiektua 1.3.2\eskolaproiektua\datuenmodifikazioa.h(12): error C2059: error de sintaxis : ')'
     1>g:\eskolaproiektua 1.3.2\eskolaproiektua\datuenmodifikazioa.h(13): error C2143: error de sintaxis : falta ')' delante de '*'
     1>g:\eskolaproiektua 1.3.2\eskolaproiektua\datuenmodifikazioa.h(13): error C2143: error de sintaxis : falta '{' delante de '*'
     1>g:\eskolaproiektua 1.3.2\eskolaproiektua\datuenmodifikazioa.h(13): error C2143: error de sintaxis : falta ';' delante de '*'
     1>g:\eskolaproiektua 1.3.2\eskolaproiektua\datuenmodifikazioa.h(13): error C2059: error de sintaxis : ')'
     1>g:\eskolaproiektua 1.3.2\eskolaproiektua\datuenmodifikazioa.h(14): error C2143: error de sintaxis : falta ')' delante de '*'
     1>g:\eskolaproiektua 1.3.2\eskolaproiektua\datuenmodifikazioa.h(14): error C2143: error de sintaxis : falta '{' delante de '*'
     1>g:\eskolaproiektua 1.3.2\eskolaproiektua\datuenmodifikazioa.h(14): error C2143: error de sintaxis : falta ';' delante de '*'
     1>g:\eskolaproiektua 1.3.2\eskolaproiektua\datuenmodifikazioa.h(14): error C2059: error de sintaxis : ')'
     1>g:\eskolaproiektua 1.3.2\eskolaproiektua\datuenmodifikazioa.h(15): error C2143: error de sintaxis : falta ')' delante de '*'
     1>g:\eskolaproiektua 1.3.2\eskolaproiektua\datuenmodifikazioa.h(15): error C2143: error de sintaxis : falta '{' delante de '*'
     1>g:\eskolaproiektua 1.3.2\eskolaproiektua\datuenmodifikazioa.h(15): error C2143: error de sintaxis : falta ';' delante de '*'
     1>g:\eskolaproiektua 1.3.2\eskolaproiektua\datuenmodifikazioa.h(15): error C2059: error de sintaxis : ')'
     1>g:\eskolaproiektua 1.3.2\eskolaproiektua\datuenmodifikazioa.h(16): error C2143: error de sintaxis : falta ')' delante de '*'
     1>g:\eskolaproiektua 1.3.2\eskolaproiektua\datuenmodifikazioa.h(16): error C2143: error de sintaxis : falta '{' delante de '*'
     1>g:\eskolaproiektua 1.3.2\eskolaproiektua\datuenmodifikazioa.h(16): error C2143: error de sintaxis : falta ';' delante de '*'
     1>g:\eskolaproiektua 1.3.2\eskolaproiektua\datuenmodifikazioa.h(16): error C2059: error de sintaxis : ')'
     1>g:\eskolaproiektua 1.3.2\eskolaproiektua\datuenmodifikazioa.h(17): error C2143: error de sintaxis : falta ')' delante de '*'
     1>g:\eskolaproiektua 1.3.2\eskolaproiektua\datuenmodifikazioa.h(17): error C2143: error de sintaxis : falta '{' delante de '*'
     1>g:\eskolaproiektua 1.3.2\eskolaproiektua\datuenmodifikazioa.h(17): error C2143: error de sintaxis : falta ';' delante de '*'
     1>g:\eskolaproiektua 1.3.2\eskolaproiektua\datuenmodifikazioa.h(17): error C2059: error de sintaxis : ')'
     1>g:\eskolaproiektua 1.3.2\eskolaproiektua\datuenmodifikazioa.h(18): error C2143: error de sintaxis : falta ')' delante de '*'
     1>g:\eskolaproiektua 1.3.2\eskolaproiektua\datuenmodifikazioa.h(18): error C2143: error de sintaxis : falta '{' delante de '*'
     1>g:\eskolaproiektua 1.3.2\eskolaproiektua\datuenmodifikazioa.h(18): error C2059: error de sintaxis : ')'
     1>g:\eskolaproiektua 1.3.2\eskolaproiektua\datuenmodifikazioa.h(19): error C2143: error de sintaxis : falta ')' delante de '*'
     1>g:\eskolaproiektua 1.3.2\eskolaproiektua\datuenmodifikazioa.h(19): error C2143: error de sintaxis : falta '{' delante de '*'
     1>g:\eskolaproiektua 1.3.2\eskolaproiektua\datuenmodifikazioa.h(19): error C2059: error de sintaxis : ')'
     1>g:\eskolaproiektua 1.3.2\eskolaproiektua\datuenmodifikazioa.h(20): error C2143: error de sintaxis : falta ')' delante de '*'
     1>g:\eskolaproiektua 1.3.2\eskolaproiektua\datuenmodifikazioa.h(20): error C2143: error de sintaxis : falta '{' delante de '*'
     1>g:\eskolaproiektua 1.3.2\eskolaproiektua\datuenmodifikazioa.h(20): error C2059: error de sintaxis : ')'
     1>g:\eskolaproiektua 1.3.2\eskolaproiektua\datuenmodifikazioa.h(21): error C2143: error de sintaxis : falta ')' delante de '*'
     1>g:\eskolaproiektua 1.3.2\eskolaproiektua\datuenmodifikazioa.h(21): error C2143: error de sintaxis : falta '{' delante de '*'
     1>g:\eskolaproiektua 1.3.2\eskolaproiektua\datuenmodifikazioa.h(21): error C2143: error de sintaxis : falta ';' delante de '*'
     1>g:\eskolaproiektua 1.3.2\eskolaproiektua\datuenmodifikazioa.h(21): error C2059: error de sintaxis : ')'
     1>g:\eskolaproiektua 1.3.2\eskolaproiektua\fitxeroetakodatuak.h(5): error C2061: error de sintaxis : identificador 'ikasleaDatuakIrakurri'
     1>g:\eskolaproiektua 1.3.2\eskolaproiektua\fitxeroetakodatuak.h(5): fatal error C1003: el recuento de errores supera 100; se detiene la compilación
         bistaratu.c
     1>g:\eskolaproiektua 1.3.2\eskolaproiektua\bistaratu.h(5): error C2143: error de sintaxis : falta ')' delante de '*'
     1>g:\eskolaproiektua 1.3.2\eskolaproiektua\bistaratu.h(5): error C2143: error de sintaxis : falta '{' delante de '*'
     1>g:\eskolaproiektua 1.3.2\eskolaproiektua\bistaratu.h(5): error C2143: error de sintaxis : falta ';' delante de '*'
     1>g:\eskolaproiektua 1.3.2\eskolaproiektua\bistaratu.h(5): error C2059: error de sintaxis : ')'
     1>g:\eskolaproiektua 1.3.2\eskolaproiektua\bistaratu.h(6): error C2143: error de sintaxis : falta ')' delante de '*'
     1>g:\eskolaproiektua 1.3.2\eskolaproiektua\bistaratu.h(6): error C2143: error de sintaxis : falta '{' delante de '*'
     1>g:\eskolaproiektua 1.3.2\eskolaproiektua\bistaratu.h(6): error C2143: error de sintaxis : falta ';' delante de '*'
     1>g:\eskolaproiektua 1.3.2\eskolaproiektua\bistaratu.h(6): error C2059: error de sintaxis : ')'
     1>g:\eskolaproiektua 1.3.2\eskolaproiektua\bistaratu.h(7): error C2143: error de sintaxis : falta ')' delante de '*'
     1>g:\eskolaproiektua 1.3.2\eskolaproiektua\bistaratu.h(7): error C2143: error de sintaxis : falta '{' delante de '*'
     1>g:\eskolaproiektua 1.3.2\eskolaproiektua\bistaratu.h(7): error C2143: error de sintaxis : falta ';' delante de '*'
     1>g:\eskolaproiektua 1.3.2\eskolaproiektua\bistaratu.h(7): error C2059: error de sintaxis : ')'
     1>g:\eskolaproiektua 1.3.2\eskolaproiektua\bistaratu.h(8): error C2143: error de sintaxis : falta ')' delante de '*'
     1>g:\eskolaproiektua 1.3.2\eskolaproiektua\bistaratu.h(8): error C2143: error de sintaxis : falta '{' delante de '*'
     1>g:\eskolaproiektua 1.3.2\eskolaproiektua\bistaratu.h(8): error C2143: error de sintaxis : falta ';' delante de '*'
     1>g:\eskolaproiektua 1.3.2\eskolaproiektua\bistaratu.h(8): error C2059: error de sintaxis : ')'
     1>g:\eskolaproiektua 1.3.2\eskolaproiektua\bistaratu.h(9): error C2143: error de sintaxis : falta ')' delante de '*'
     1>g:\eskolaproiektua 1.3.2\eskolaproiektua\bistaratu.h(9): error C2143: error de sintaxis : falta '{' delante de '*'
     1>g:\eskolaproiektua 1.3.2\eskolaproiektua\bistaratu.h(9): error C2143: error de sintaxis : falta ';' delante de '*'
     1>g:\eskolaproiektua 1.3.2\eskolaproiektua\bistaratu.h(9): error C2059: error de sintaxis : ')'
     1>g:\eskolaproiektua 1.3.2\eskolaproiektua\bistaratu.h(10): error C2143: error de sintaxis : falta ')' delante de '*'
     1>g:\eskolaproiektua 1.3.2\eskolaproiektua\bistaratu.h(10): error C2143: error de sintaxis : falta '{' delante de '*'
     1>g:\eskolaproiektua 1.3.2\eskolaproiektua\bistaratu.h(10): error C2143: error de sintaxis : falta ';' delante de '*'
     1>g:\eskolaproiektua 1.3.2\eskolaproiektua\bistaratu.h(10): error C2059: error de sintaxis : ')'
     1>g:\eskolaproiektua 1.3.2\eskolaproiektua\bistaratu.h(11): error C2143: error de sintaxis : falta ')' delante de '*'
     1>g:\eskolaproiektua 1.3.2\eskolaproiektua\bistaratu.h(11): error C2143: error de sintaxis : falta '{' delante de '*'
     1>g:\eskolaproiektua 1.3.2\eskolaproiektua\bistaratu.h(11): error C2143: error de sintaxis : falta ';' delante de '*'
     1>g:\eskolaproiektua 1.3.2\eskolaproiektua\bistaratu.h(11): error C2059: error de sintaxis : ')'
     1>g:\eskolaproiektua 1.3.2\eskolaproiektua\bistaratu.h(12): error C2143: error de sintaxis : falta ')' delante de '*'
     1>g:\eskolaproiektua 1.3.2\eskolaproiektua\bistaratu.h(12): error C2143: error de sintaxis : falta '{' delante de '*'
     1>g:\eskolaproiektua 1.3.2\eskolaproiektua\bistaratu.h(12): error C2143: error de sintaxis : falta ';' delante de '*'
     1>g:\eskolaproiektua 1.3.2\eskolaproiektua\bistaratu.h(12): error C2059: error de sintaxis : ')'
     1>g:\eskolaproiektua 1.3.2\eskolaproiektua\bistaratu.h(13): error C2143: error de sintaxis : falta ')' delante de '*'
     1>g:\eskolaproiektua 1.3.2\eskolaproiektua\bistaratu.h(13): error C2143: error de sintaxis : falta '{' delante de '*'
     1>g:\eskolaproiektua 1.3.2\eskolaproiektua\bistaratu.h(13): error C2143: error de sintaxis : falta ';' delante de '*'
     1>g:\eskolaproiektua 1.3.2\eskolaproiektua\bistaratu.h(13): error C2059: error de sintaxis : ')'
     1>g:\eskolaproiektua 1.3.2\eskolaproiektua\datuenmodifikazioa.h(5): error C2143: error de sintaxis : falta ')' delante de '*'
     1>g:\eskolaproiektua 1.3.2\eskolaproiektua\datuenmodifikazioa.h(5): error C2143: error de sintaxis : falta '{' delante de '*'
     1>g:\eskolaproiektua 1.3.2\eskolaproiektua\datuenmodifikazioa.h(5): error C2143: error de sintaxis : falta ';' delante de '*'
     1>g:\eskolaproiektua 1.3.2\eskolaproiektua\datuenmodifikazioa.h(5): error C2059: error de sintaxis : ')'
     1>g:\eskolaproiektua 1.3.2\eskolaproiektua\datuenmodifikazioa.h(6): error C2143: error de sintaxis : falta ')' delante de '*'
     1>g:\eskolaproiektua 1.3.2\eskolaproiektua\datuenmodifikazioa.h(6): error C2143: error de sintaxis : falta '{' delante de '*'
     1>g:\eskolaproiektua 1.3.2\eskolaproiektua\datuenmodifikazioa.h(6): error C2143: error de sintaxis : falta ';' delante de '*'
     1>g:\eskolaproiektua 1.3.2\eskolaproiektua\datuenmodifikazioa.h(6): error C2059: error de sintaxis : ')'
     1>g:\eskolaproiektua 1.3.2\eskolaproiektua\datuenmodifikazioa.h(7): error C2143: error de sintaxis : falta ')' delante de '*'
     1>g:\eskolaproiektua 1.3.2\eskolaproiektua\datuenmodifikazioa.h(7): error C2143: error de sintaxis : falta '{' delante de '*'
     1>g:\eskolaproiektua 1.3.2\eskolaproiektua\datuenmodifikazioa.h(7): error C2061: error de sintaxis : identificador 'ESKOLA'
     1>g:\eskolaproiektua 1.3.2\eskolaproiektua\datuenmodifikazioa.h(7): error C2059: error de sintaxis : ';'
     1>g:\eskolaproiektua 1.3.2\eskolaproiektua\datuenmodifikazioa.h(7): error C2059: error de sintaxis : ')'
     1>g:\eskolaproiektua 1.3.2\eskolaproiektua\datuenmodifikazioa.h(8): error C2143: error de sintaxis : falta ')' delante de '*'
     1>g:\eskolaproiektua 1.3.2\eskolaproiektua\datuenmodifikazioa.h(8): error C2143: error de sintaxis : falta '{' delante de '*'
     1>g:\eskolaproiektua 1.3.2\eskolaproiektua\datuenmodifikazioa.h(8): error C2059: error de sintaxis : ')'
     1>g:\eskolaproiektua 1.3.2\eskolaproiektua\datuenmodifikazioa.h(9): error C2143: error de sintaxis : falta ')' delante de '*'
     1>g:\eskolaproiektua 1.3.2\eskolaproiektua\datuenmodifikazioa.h(9): error C2143: error de sintaxis : falta '{' delante de '*'
     1>g:\eskolaproiektua 1.3.2\eskolaproiektua\datuenmodifikazioa.h(9): error C2059: error de sintaxis : ')'
     1>g:\eskolaproiektua 1.3.2\eskolaproiektua\datuenmodifikazioa.h(10): error C2143: error de sintaxis : falta ')' delante de '*'
     1>g:\eskolaproiektua 1.3.2\eskolaproiektua\datuenmodifikazioa.h(10): error C2143: error de sintaxis : falta '{' delante de '*'
     1>g:\eskolaproiektua 1.3.2\eskolaproiektua\datuenmodifikazioa.h(10): error C2143: error de sintaxis : falta ';' delante de '*'
     1>g:\eskolaproiektua 1.3.2\eskolaproiektua\datuenmodifikazioa.h(10): error C2059: error de sintaxis : ')'
     1>g:\eskolaproiektua 1.3.2\eskolaproiektua\datuenmodifikazioa.h(11): error C2143: error de sintaxis : falta ')' delante de '*'
     1>g:\eskolaproiektua 1.3.2\eskolaproiektua\datuenmodifikazioa.h(11): error C2143: error de sintaxis : falta '{' delante de '*'
     1>g:\eskolaproiektua 1.3.2\eskolaproiektua\datuenmodifikazioa.h(11): error C2143: error de sintaxis : falta ';' delante de '*'
     1>g:\eskolaproiektua 1.3.2\eskolaproiektua\datuenmodifikazioa.h(11): error C2059: error de sintaxis : ')'
     1>g:\eskolaproiektua 1.3.2\eskolaproiektua\datuenmodifikazioa.h(12): error C2143: error de sintaxis : falta ')' delante de '*'
     1>g:\eskolaproiektua 1.3.2\eskolaproiektua\datuenmodifikazioa.h(12): error C2143: error de sintaxis : falta '{' delante de '*'
     1>g:\eskolaproiektua 1.3.2\eskolaproiektua\datuenmodifikazioa.h(12): error C2143: error de sintaxis : falta ';' delante de '*'
     1>g:\eskolaproiektua 1.3.2\eskolaproiektua\datuenmodifikazioa.h(12): error C2059: error de sintaxis : ')'
     1>g:\eskolaproiektua 1.3.2\eskolaproiektua\datuenmodifikazioa.h(13): error C2143: error de sintaxis : falta ')' delante de '*'
     1>g:\eskolaproiektua 1.3.2\eskolaproiektua\datuenmodifikazioa.h(13): error C2143: error de sintaxis : falta '{' delante de '*'
     1>g:\eskolaproiektua 1.3.2\eskolaproiektua\datuenmodifikazioa.h(13): error C2143: error de sintaxis : falta ';' delante de '*'
     1>g:\eskolaproiektua 1.3.2\eskolaproiektua\datuenmodifikazioa.h(13): error C2059: error de sintaxis : ')'
     1>g:\eskolaproiektua 1.3.2\eskolaproiektua\datuenmodifikazioa.h(14): error C2143: error de sintaxis : falta ')' delante de '*'
     1>g:\eskolaproiektua 1.3.2\eskolaproiektua\datuenmodifikazioa.h(14): error C2143: error de sintaxis : falta '{' delante de '*'
     1>g:\eskolaproiektua 1.3.2\eskolaproiektua\datuenmodifikazioa.h(14): error C2143: error de sintaxis : falta ';' delante de '*'
     1>g:\eskolaproiektua 1.3.2\eskolaproiektua\datuenmodifikazioa.h(14): error C2059: error de sintaxis : ')'
     1>g:\eskolaproiektua 1.3.2\eskolaproiektua\datuenmodifikazioa.h(15): error C2143: error de sintaxis : falta ')' delante de '*'
     1>g:\eskolaproiektua 1.3.2\eskolaproiektua\datuenmodifikazioa.h(15): error C2143: error de sintaxis : falta '{' delante de '*'
     1>g:\eskolaproiektua 1.3.2\eskolaproiektua\datuenmodifikazioa.h(15): error C2143: error de sintaxis : falta ';' delante de '*'
     1>g:\eskolaproiektua 1.3.2\eskolaproiektua\datuenmodifikazioa.h(15): error C2059: error de sintaxis : ')'
     1>g:\eskolaproiektua 1.3.2\eskolaproiektua\datuenmodifikazioa.h(16): error C2143: error de sintaxis : falta ')' delante de '*'
     1>g:\eskolaproiektua 1.3.2\eskolaproiektua\datuenmodifikazioa.h(16): error C2143: error de sintaxis : falta '{' delante de '*'
     1>g:\eskolaproiektua 1.3.2\eskolaproiektua\datuenmodifikazioa.h(16): error C2143: error de sintaxis : falta ';' delante de '*'
     1>g:\eskolaproiektua 1.3.2\eskolaproiektua\datuenmodifikazioa.h(16): error C2059: error de sintaxis : ')'
     1>g:\eskolaproiektua 1.3.2\eskolaproiektua\datuenmodifikazioa.h(17): error C2143: error de sintaxis : falta ')' delante de '*'
     1>g:\eskolaproiektua 1.3.2\eskolaproiektua\datuenmodifikazioa.h(17): error C2143: error de sintaxis : falta '{' delante de '*'
     1>g:\eskolaproiektua 1.3.2\eskolaproiektua\datuenmodifikazioa.h(17): error C2143: error de sintaxis : falta ';' delante de '*'
     1>g:\eskolaproiektua 1.3.2\eskolaproiektua\datuenmodifikazioa.h(17): error C2059: error de sintaxis : ')'
     1>g:\eskolaproiektua 1.3.2\eskolaproiektua\datuenmodifikazioa.h(18): error C2143: error de sintaxis : falta ')' delante de '*'
     1>g:\eskolaproiektua 1.3.2\eskolaproiektua\datuenmodifikazioa.h(18): error C2143: error de sintaxis : falta '{' delante de '*'
     1>g:\eskolaproiektua 1.3.2\eskolaproiektua\datuenmodifikazioa.h(18): error C2059: error de sintaxis : ')'
     1>g:\eskolaproiektua 1.3.2\eskolaproiektua\datuenmodifikazioa.h(19): error C2143: error de sintaxis : falta ')' delante de '*'
     1>g:\eskolaproiektua 1.3.2\eskolaproiektua\datuenmodifikazioa.h(19): error C2143: error de sintaxis : falta '{' delante de '*'
     1>g:\eskolaproiektua 1.3.2\eskolaproiektua\datuenmodifikazioa.h(19): error C2059: error de sintaxis : ')'
     1>g:\eskolaproiektua 1.3.2\eskolaproiektua\datuenmodifikazioa.h(20): error C2143: error de sintaxis : falta ')' delante de '*'
     1>g:\eskolaproiektua 1.3.2\eskolaproiektua\datuenmodifikazioa.h(20): error C2143: error de sintaxis : falta '{' delante de '*'
     1>g:\eskolaproiektua 1.3.2\eskolaproiektua\datuenmodifikazioa.h(20): error C2059: error de sintaxis : ')'
     1>g:\eskolaproiektua 1.3.2\eskolaproiektua\datuenmodifikazioa.h(21): error C2143: error de sintaxis : falta ')' delante de '*'
     1>g:\eskolaproiektua 1.3.2\eskolaproiektua\datuenmodifikazioa.h(21): error C2143: error de sintaxis : falta '{' delante de '*'
     1>g:\eskolaproiektua 1.3.2\eskolaproiektua\datuenmodifikazioa.h(21): error C2143: error de sintaxis : falta ';' delante de '*'
     1>g:\eskolaproiektua 1.3.2\eskolaproiektua\datuenmodifikazioa.h(21): error C2059: error de sintaxis : ')'
     1>g:\eskolaproiektua 1.3.2\eskolaproiektua\fitxeroetakodatuak.h(5): error C2061: error de sintaxis : identificador 'ikasleaDatuakIrakurri'
     1>g:\eskolaproiektua 1.3.2\eskolaproiektua\fitxeroetakodatuak.h(5): fatal error C1003: el recuento de errores supera 100; se detiene la compilación
         Generando código...
     1>Compilación del proyecto terminada "G:\EskolaProiektua 1.3.2\EskolaProiektua\EskolaProiektua.vcxproj" (Build destinos) -- ERROR.

ERROR al compilar.

Tiempo transcurrido 00:00:01.33
