Compilación iniciada a las 16/05/2014 9:38:29.
     1>Proyecto "C:\Users\Aitor\SkyDrive\Documentos\MGEP\1\Programazioa II\src\EskolaProiektua\EskolaProiektua 1.3.2\EskolaProiektua\EskolaProiektua.vcxproj" en el nodo 2 (Build destinos).
     1>ClCompile:
         C:\Program Files (x86)\Microsoft Visual Studio 12.0\VC\bin\CL.exe /c /ZI /nologo /W3 /WX- /Od /Oy- /D WIN32 /D _DEBUG /D _CONSOLE /D _LIB /D _UNICODE /D UNICODE /Gm /EHsc /RTC1 /MDd /GS /fp:precise /Zc:wchar_t /Zc:forScope /Fo"Debug\\" /Fd"Debug\vc120.pdb" /Gd /TC /analyze- /errorReport:prompt bistaratu.c datuenModifikazioa.c fitxeroetakoDatuak.c main.c menua.c
         menua.c
     1>c:\users\aitor\skydrive\documentos\mgep\1\programazioa ii\src\eskolaproiektua\eskolaproiektua 1.3.2\eskolaproiektua\main.h(42): error C2061: error de sintaxis : identificador 'USUARIOA'
     1>c:\users\aitor\skydrive\documentos\mgep\1\programazioa ii\src\eskolaproiektua\eskolaproiektua 1.3.2\eskolaproiektua\main.h(43): error C2059: error de sintaxis : '}'
     1>c:\users\aitor\skydrive\documentos\mgep\1\programazioa ii\src\eskolaproiektua\eskolaproiektua 1.3.2\eskolaproiektua\main.h(53): error C2061: error de sintaxis : identificador 'ESKOLA'
     1>c:\users\aitor\skydrive\documentos\mgep\1\programazioa ii\src\eskolaproiektua\eskolaproiektua 1.3.2\eskolaproiektua\main.h(54): error C2059: error de sintaxis : '}'
     1>c:\users\aitor\skydrive\documentos\mgep\1\programazioa ii\src\eskolaproiektua\eskolaproiektua 1.3.2\eskolaproiektua\menua.h(5): error C2061: error de sintaxis : identificador 'MENUA_eskolaAukeratu'
     1>c:\users\aitor\skydrive\documentos\mgep\1\programazioa ii\src\eskolaproiektua\eskolaproiektua 1.3.2\eskolaproiektua\menua.h(5): error C2059: error de sintaxis : ';'
     1>c:\users\aitor\skydrive\documentos\mgep\1\programazioa ii\src\eskolaproiektua\eskolaproiektua 1.3.2\eskolaproiektua\menua.h(5): error C2059: error de sintaxis : ')'
     1>c:\users\aitor\skydrive\documentos\mgep\1\programazioa ii\src\eskolaproiektua\eskolaproiektua 1.3.2\eskolaproiektua\menua.h(9): error C2146: error de sintaxis : falta ')' delante del identificador 'eskola'
     1>c:\users\aitor\skydrive\documentos\mgep\1\programazioa ii\src\eskolaproiektua\eskolaproiektua 1.3.2\eskolaproiektua\menua.h(9): error C2061: error de sintaxis : identificador 'eskola'
     1>c:\users\aitor\skydrive\documentos\mgep\1\programazioa ii\src\eskolaproiektua\eskolaproiektua 1.3.2\eskolaproiektua\menua.h(9): error C2059: error de sintaxis : ';'
     1>c:\users\aitor\skydrive\documentos\mgep\1\programazioa ii\src\eskolaproiektua\eskolaproiektua 1.3.2\eskolaproiektua\menua.h(9): error C2059: error de sintaxis : ')'
     1>c:\users\aitor\skydrive\documentos\mgep\1\programazioa ii\src\eskolaproiektua\eskolaproiektua 1.3.2\eskolaproiektua\menua.h(13): error C2146: error de sintaxis : falta ')' delante del identificador 'eskola'
     1>c:\users\aitor\skydrive\documentos\mgep\1\programazioa ii\src\eskolaproiektua\eskolaproiektua 1.3.2\eskolaproiektua\menua.h(13): error C2061: error de sintaxis : identificador 'eskola'
     1>c:\users\aitor\skydrive\documentos\mgep\1\programazioa ii\src\eskolaproiektua\eskolaproiektua 1.3.2\eskolaproiektua\menua.h(13): error C2059: error de sintaxis : ';'
     1>c:\users\aitor\skydrive\documentos\mgep\1\programazioa ii\src\eskolaproiektua\eskolaproiektua 1.3.2\eskolaproiektua\menua.h(13): error C2059: error de sintaxis : ','
     1>c:\users\aitor\skydrive\documentos\mgep\1\programazioa ii\src\eskolaproiektua\eskolaproiektua 1.3.2\eskolaproiektua\menua.h(13): error C2059: error de sintaxis : ')'
     1>c:\users\aitor\skydrive\documentos\mgep\1\programazioa ii\src\eskolaproiektua\eskolaproiektua 1.3.2\eskolaproiektua\menua.h(15): error C2146: error de sintaxis : falta ')' delante del identificador 'eskola'
     1>c:\users\aitor\skydrive\documentos\mgep\1\programazioa ii\src\eskolaproiektua\eskolaproiektua 1.3.2\eskolaproiektua\menua.h(15): error C2061: error de sintaxis : identificador 'eskola'
     1>c:\users\aitor\skydrive\documentos\mgep\1\programazioa ii\src\eskolaproiektua\eskolaproiektua 1.3.2\eskolaproiektua\menua.h(15): error C2059: error de sintaxis : ';'
     1>c:\users\aitor\skydrive\documentos\mgep\1\programazioa ii\src\eskolaproiektua\eskolaproiektua 1.3.2\eskolaproiektua\menua.h(15): error C2059: error de sintaxis : ','
     1>c:\users\aitor\skydrive\documentos\mgep\1\programazioa ii\src\eskolaproiektua\eskolaproiektua 1.3.2\eskolaproiektua\menua.h(15): error C2059: error de sintaxis : ')'
     1>c:\users\aitor\skydrive\documentos\mgep\1\programazioa ii\src\eskolaproiektua\eskolaproiektua 1.3.2\eskolaproiektua\menua.h(17): error C2146: error de sintaxis : falta ')' delante del identificador 'eskola'
     1>c:\users\aitor\skydrive\documentos\mgep\1\programazioa ii\src\eskolaproiektua\eskolaproiektua 1.3.2\eskolaproiektua\menua.h(17): error C2061: error de sintaxis : identificador 'eskola'
     1>c:\users\aitor\skydrive\documentos\mgep\1\programazioa ii\src\eskolaproiektua\eskolaproiektua 1.3.2\eskolaproiektua\menua.h(17): error C2059: error de sintaxis : ';'
     1>c:\users\aitor\skydrive\documentos\mgep\1\programazioa ii\src\eskolaproiektua\eskolaproiektua 1.3.2\eskolaproiektua\menua.h(17): error C2059: error de sintaxis : ','
     1>c:\users\aitor\skydrive\documentos\mgep\1\programazioa ii\src\eskolaproiektua\eskolaproiektua 1.3.2\eskolaproiektua\menua.h(17): error C2059: error de sintaxis : ')'
     1>c:\users\aitor\skydrive\documentos\mgep\1\programazioa ii\src\eskolaproiektua\eskolaproiektua 1.3.2\eskolaproiektua\menua.h(23): error C2146: error de sintaxis : falta ')' delante del identificador 'eskola'
     1>c:\users\aitor\skydrive\documentos\mgep\1\programazioa ii\src\eskolaproiektua\eskolaproiektua 1.3.2\eskolaproiektua\menua.h(23): error C2061: error de sintaxis : identificador 'eskola'
     1>c:\users\aitor\skydrive\documentos\mgep\1\programazioa ii\src\eskolaproiektua\eskolaproiektua 1.3.2\eskolaproiektua\menua.h(23): error C2059: error de sintaxis : ';'
     1>c:\users\aitor\skydrive\documentos\mgep\1\programazioa ii\src\eskolaproiektua\eskolaproiektua 1.3.2\eskolaproiektua\menua.h(23): error C2059: error de sintaxis : ')'
     1>c:\users\aitor\skydrive\documentos\mgep\1\programazioa ii\src\eskolaproiektua\eskolaproiektua 1.3.2\eskolaproiektua\menua.c(4): error C2061: error de sintaxis : identificador 'MENUA_eskolaAukeratu'
     1>c:\users\aitor\skydrive\documentos\mgep\1\programazioa ii\src\eskolaproiektua\eskolaproiektua 1.3.2\eskolaproiektua\menua.c(4): error C2059: error de sintaxis : ';'
     1>c:\users\aitor\skydrive\documentos\mgep\1\programazioa ii\src\eskolaproiektua\eskolaproiektua 1.3.2\eskolaproiektua\menua.c(4): error C2059: error de sintaxis : ')'
     1>c:\users\aitor\skydrive\documentos\mgep\1\programazioa ii\src\eskolaproiektua\eskolaproiektua 1.3.2\eskolaproiektua\menua.c(36): error C2146: error de sintaxis : falta ')' delante del identificador 'eskola'
     1>c:\users\aitor\skydrive\documentos\mgep\1\programazioa ii\src\eskolaproiektua\eskolaproiektua 1.3.2\eskolaproiektua\menua.c(36): error C2061: error de sintaxis : identificador 'eskola'
     1>c:\users\aitor\skydrive\documentos\mgep\1\programazioa ii\src\eskolaproiektua\eskolaproiektua 1.3.2\eskolaproiektua\menua.c(36): error C2059: error de sintaxis : ';'
     1>c:\users\aitor\skydrive\documentos\mgep\1\programazioa ii\src\eskolaproiektua\eskolaproiektua 1.3.2\eskolaproiektua\menua.c(36): error C2059: error de sintaxis : ')'
     1>c:\users\aitor\skydrive\documentos\mgep\1\programazioa ii\src\eskolaproiektua\eskolaproiektua 1.3.2\eskolaproiektua\menua.c(36): error C2449: se encontró '{' en el ámbito de archivo (¿falta el encabezado de función?)
     1>c:\users\aitor\skydrive\documentos\mgep\1\programazioa ii\src\eskolaproiektua\eskolaproiektua 1.3.2\eskolaproiektua\menua.c(69): error C2059: error de sintaxis : '}'
     1>c:\users\aitor\skydrive\documentos\mgep\1\programazioa ii\src\eskolaproiektua\eskolaproiektua 1.3.2\eskolaproiektua\menua.c(108): error C2146: error de sintaxis : falta ')' delante del identificador 'eskola'
     1>c:\users\aitor\skydrive\documentos\mgep\1\programazioa ii\src\eskolaproiektua\eskolaproiektua 1.3.2\eskolaproiektua\menua.c(108): error C2061: error de sintaxis : identificador 'eskola'
     1>c:\users\aitor\skydrive\documentos\mgep\1\programazioa ii\src\eskolaproiektua\eskolaproiektua 1.3.2\eskolaproiektua\menua.c(108): error C2059: error de sintaxis : ';'
     1>c:\users\aitor\skydrive\documentos\mgep\1\programazioa ii\src\eskolaproiektua\eskolaproiektua 1.3.2\eskolaproiektua\menua.c(108): error C2059: error de sintaxis : ','
     1>c:\users\aitor\skydrive\documentos\mgep\1\programazioa ii\src\eskolaproiektua\eskolaproiektua 1.3.2\eskolaproiektua\menua.c(108): error C2059: error de sintaxis : ')'
     1>c:\users\aitor\skydrive\documentos\mgep\1\programazioa ii\src\eskolaproiektua\eskolaproiektua 1.3.2\eskolaproiektua\menua.c(146): error C2146: error de sintaxis : falta ')' delante del identificador 'eskola'
     1>c:\users\aitor\skydrive\documentos\mgep\1\programazioa ii\src\eskolaproiektua\eskolaproiektua 1.3.2\eskolaproiektua\menua.c(146): error C2061: error de sintaxis : identificador 'eskola'
     1>c:\users\aitor\skydrive\documentos\mgep\1\programazioa ii\src\eskolaproiektua\eskolaproiektua 1.3.2\eskolaproiektua\menua.c(146): error C2059: error de sintaxis : ';'
     1>c:\users\aitor\skydrive\documentos\mgep\1\programazioa ii\src\eskolaproiektua\eskolaproiektua 1.3.2\eskolaproiektua\menua.c(146): error C2059: error de sintaxis : ','
     1>c:\users\aitor\skydrive\documentos\mgep\1\programazioa ii\src\eskolaproiektua\eskolaproiektua 1.3.2\eskolaproiektua\menua.c(146): error C2059: error de sintaxis : ')'
     1>c:\users\aitor\skydrive\documentos\mgep\1\programazioa ii\src\eskolaproiektua\eskolaproiektua 1.3.2\eskolaproiektua\menua.c(171): error C2146: error de sintaxis : falta ')' delante del identificador 'eskola'
     1>c:\users\aitor\skydrive\documentos\mgep\1\programazioa ii\src\eskolaproiektua\eskolaproiektua 1.3.2\eskolaproiektua\menua.c(171): error C2061: error de sintaxis : identificador 'eskola'
     1>c:\users\aitor\skydrive\documentos\mgep\1\programazioa ii\src\eskolaproiektua\eskolaproiektua 1.3.2\eskolaproiektua\menua.c(171): error C2059: error de sintaxis : ';'
     1>c:\users\aitor\skydrive\documentos\mgep\1\programazioa ii\src\eskolaproiektua\eskolaproiektua 1.3.2\eskolaproiektua\menua.c(171): error C2059: error de sintaxis : ')'
     1>c:\users\aitor\skydrive\documentos\mgep\1\programazioa ii\src\eskolaproiektua\eskolaproiektua 1.3.2\eskolaproiektua\menua.c(171): error C2449: se encontró '{' en el ámbito de archivo (¿falta el encabezado de función?)
     1>c:\users\aitor\skydrive\documentos\mgep\1\programazioa ii\src\eskolaproiektua\eskolaproiektua 1.3.2\eskolaproiektua\menua.c(278): error C2059: error de sintaxis : '}'
         main.c
     1>c:\users\aitor\skydrive\documentos\mgep\1\programazioa ii\src\eskolaproiektua\eskolaproiektua 1.3.2\eskolaproiektua\main.h(42): error C2061: error de sintaxis : identificador 'USUARIOA'
     1>c:\users\aitor\skydrive\documentos\mgep\1\programazioa ii\src\eskolaproiektua\eskolaproiektua 1.3.2\eskolaproiektua\main.h(43): error C2059: error de sintaxis : '}'
     1>c:\users\aitor\skydrive\documentos\mgep\1\programazioa ii\src\eskolaproiektua\eskolaproiektua 1.3.2\eskolaproiektua\main.h(53): error C2061: error de sintaxis : identificador 'ESKOLA'
     1>c:\users\aitor\skydrive\documentos\mgep\1\programazioa ii\src\eskolaproiektua\eskolaproiektua 1.3.2\eskolaproiektua\main.h(54): error C2059: error de sintaxis : '}'
     1>c:\users\aitor\skydrive\documentos\mgep\1\programazioa ii\src\eskolaproiektua\eskolaproiektua 1.3.2\eskolaproiektua\menua.h(5): error C2061: error de sintaxis : identificador 'MENUA_eskolaAukeratu'
     1>c:\users\aitor\skydrive\documentos\mgep\1\programazioa ii\src\eskolaproiektua\eskolaproiektua 1.3.2\eskolaproiektua\menua.h(5): error C2059: error de sintaxis : ';'
     1>c:\users\aitor\skydrive\documentos\mgep\1\programazioa ii\src\eskolaproiektua\eskolaproiektua 1.3.2\eskolaproiektua\menua.h(5): error C2059: error de sintaxis : ')'
     1>c:\users\aitor\skydrive\documentos\mgep\1\programazioa ii\src\eskolaproiektua\eskolaproiektua 1.3.2\eskolaproiektua\menua.h(9): error C2146: error de sintaxis : falta ')' delante del identificador 'eskola'
     1>c:\users\aitor\skydrive\documentos\mgep\1\programazioa ii\src\eskolaproiektua\eskolaproiektua 1.3.2\eskolaproiektua\menua.h(9): error C2061: error de sintaxis : identificador 'eskola'
     1>c:\users\aitor\skydrive\documentos\mgep\1\programazioa ii\src\eskolaproiektua\eskolaproiektua 1.3.2\eskolaproiektua\menua.h(9): error C2059: error de sintaxis : ';'
     1>c:\users\aitor\skydrive\documentos\mgep\1\programazioa ii\src\eskolaproiektua\eskolaproiektua 1.3.2\eskolaproiektua\menua.h(9): error C2059: error de sintaxis : ')'
     1>c:\users\aitor\skydrive\documentos\mgep\1\programazioa ii\src\eskolaproiektua\eskolaproiektua 1.3.2\eskolaproiektua\menua.h(13): error C2146: error de sintaxis : falta ')' delante del identificador 'eskola'
     1>c:\users\aitor\skydrive\documentos\mgep\1\programazioa ii\src\eskolaproiektua\eskolaproiektua 1.3.2\eskolaproiektua\menua.h(13): error C2061: error de sintaxis : identificador 'eskola'
     1>c:\users\aitor\skydrive\documentos\mgep\1\programazioa ii\src\eskolaproiektua\eskolaproiektua 1.3.2\eskolaproiektua\menua.h(13): error C2059: error de sintaxis : ';'
     1>c:\users\aitor\skydrive\documentos\mgep\1\programazioa ii\src\eskolaproiektua\eskolaproiektua 1.3.2\eskolaproiektua\menua.h(13): error C2059: error de sintaxis : ','
     1>c:\users\aitor\skydrive\documentos\mgep\1\programazioa ii\src\eskolaproiektua\eskolaproiektua 1.3.2\eskolaproiektua\menua.h(13): error C2059: error de sintaxis : ')'
     1>c:\users\aitor\skydrive\documentos\mgep\1\programazioa ii\src\eskolaproiektua\eskolaproiektua 1.3.2\eskolaproiektua\menua.h(15): error C2146: error de sintaxis : falta ')' delante del identificador 'eskola'
     1>c:\users\aitor\skydrive\documentos\mgep\1\programazioa ii\src\eskolaproiektua\eskolaproiektua 1.3.2\eskolaproiektua\menua.h(15): error C2061: error de sintaxis : identificador 'eskola'
     1>c:\users\aitor\skydrive\documentos\mgep\1\programazioa ii\src\eskolaproiektua\eskolaproiektua 1.3.2\eskolaproiektua\menua.h(15): error C2059: error de sintaxis : ';'
     1>c:\users\aitor\skydrive\documentos\mgep\1\programazioa ii\src\eskolaproiektua\eskolaproiektua 1.3.2\eskolaproiektua\menua.h(15): error C2059: error de sintaxis : ','
     1>c:\users\aitor\skydrive\documentos\mgep\1\programazioa ii\src\eskolaproiektua\eskolaproiektua 1.3.2\eskolaproiektua\menua.h(15): error C2059: error de sintaxis : ')'
     1>c:\users\aitor\skydrive\documentos\mgep\1\programazioa ii\src\eskolaproiektua\eskolaproiektua 1.3.2\eskolaproiektua\menua.h(17): error C2146: error de sintaxis : falta ')' delante del identificador 'eskola'
     1>c:\users\aitor\skydrive\documentos\mgep\1\programazioa ii\src\eskolaproiektua\eskolaproiektua 1.3.2\eskolaproiektua\menua.h(17): error C2061: error de sintaxis : identificador 'eskola'
     1>c:\users\aitor\skydrive\documentos\mgep\1\programazioa ii\src\eskolaproiektua\eskolaproiektua 1.3.2\eskolaproiektua\menua.h(17): error C2059: error de sintaxis : ';'
     1>c:\users\aitor\skydrive\documentos\mgep\1\programazioa ii\src\eskolaproiektua\eskolaproiektua 1.3.2\eskolaproiektua\menua.h(17): error C2059: error de sintaxis : ','
     1>c:\users\aitor\skydrive\documentos\mgep\1\programazioa ii\src\eskolaproiektua\eskolaproiektua 1.3.2\eskolaproiektua\menua.h(17): error C2059: error de sintaxis : ')'
     1>c:\users\aitor\skydrive\documentos\mgep\1\programazioa ii\src\eskolaproiektua\eskolaproiektua 1.3.2\eskolaproiektua\menua.h(23): error C2146: error de sintaxis : falta ')' delante del identificador 'eskola'
     1>c:\users\aitor\skydrive\documentos\mgep\1\programazioa ii\src\eskolaproiektua\eskolaproiektua 1.3.2\eskolaproiektua\menua.h(23): error C2061: error de sintaxis : identificador 'eskola'
     1>c:\users\aitor\skydrive\documentos\mgep\1\programazioa ii\src\eskolaproiektua\eskolaproiektua 1.3.2\eskolaproiektua\menua.h(23): error C2059: error de sintaxis : ';'
     1>c:\users\aitor\skydrive\documentos\mgep\1\programazioa ii\src\eskolaproiektua\eskolaproiektua 1.3.2\eskolaproiektua\menua.h(23): error C2059: error de sintaxis : ')'
     1>c:\users\aitor\skydrive\documentos\mgep\1\programazioa ii\src\eskolaproiektua\eskolaproiektua 1.3.2\eskolaproiektua\main.c(30): error C2143: error de sintaxis : falta ')' delante de '*'
     1>c:\users\aitor\skydrive\documentos\mgep\1\programazioa ii\src\eskolaproiektua\eskolaproiektua 1.3.2\eskolaproiektua\main.c(30): error C2143: error de sintaxis : falta '{' delante de '*'
     1>c:\users\aitor\skydrive\documentos\mgep\1\programazioa ii\src\eskolaproiektua\eskolaproiektua 1.3.2\eskolaproiektua\main.c(30): error C2059: error de sintaxis : ')'
     1>c:\users\aitor\skydrive\documentos\mgep\1\programazioa ii\src\eskolaproiektua\eskolaproiektua 1.3.2\eskolaproiektua\main.c(30): error C2054: se esperaba '(' a continuación de 'eskola_ptr_ptr'
     1>c:\users\aitor\skydrive\documentos\mgep\1\programazioa ii\src\eskolaproiektua\eskolaproiektua 1.3.2\eskolaproiektua\main.c(49): error C2143: error de sintaxis : falta ')' delante de '*'
     1>c:\users\aitor\skydrive\documentos\mgep\1\programazioa ii\src\eskolaproiektua\eskolaproiektua 1.3.2\eskolaproiektua\main.c(49): error C2143: error de sintaxis : falta '{' delante de '*'
     1>c:\users\aitor\skydrive\documentos\mgep\1\programazioa ii\src\eskolaproiektua\eskolaproiektua 1.3.2\eskolaproiektua\main.c(49): error C2059: error de sintaxis : ')'
     1>c:\users\aitor\skydrive\documentos\mgep\1\programazioa ii\src\eskolaproiektua\eskolaproiektua 1.3.2\eskolaproiektua\main.c(49): error C2054: se esperaba '(' a continuación de 'eskola_ptr_ptr'
         fitxeroetakoDatuak.c
     1>c:\users\aitor\skydrive\documentos\mgep\1\programazioa ii\src\eskolaproiektua\eskolaproiektua 1.3.2\eskolaproiektua\fitxeroetakodatuak.h(5): error C2061: error de sintaxis : identificador 'ikasleaDatuakIrakurri'
     1>c:\users\aitor\skydrive\documentos\mgep\1\programazioa ii\src\eskolaproiektua\eskolaproiektua 1.3.2\eskolaproiektua\fitxeroetakodatuak.h(5): error C2059: error de sintaxis : ';'
     1>c:\users\aitor\skydrive\documentos\mgep\1\programazioa ii\src\eskolaproiektua\eskolaproiektua 1.3.2\eskolaproiektua\fitxeroetakodatuak.h(5): error C2059: error de sintaxis : 'tipo'
     1>c:\users\aitor\skydrive\documentos\mgep\1\programazioa ii\src\eskolaproiektua\eskolaproiektua 1.3.2\eskolaproiektua\fitxeroetakodatuak.h(6): error C2061: error de sintaxis : identificador 'irakasleaDatuakIrakurri'
     1>c:\users\aitor\skydrive\documentos\mgep\1\programazioa ii\src\eskolaproiektua\eskolaproiektua 1.3.2\eskolaproiektua\fitxeroetakodatuak.h(6): error C2059: error de sintaxis : ';'
     1>c:\users\aitor\skydrive\documentos\mgep\1\programazioa ii\src\eskolaproiektua\eskolaproiektua 1.3.2\eskolaproiektua\fitxeroetakodatuak.h(6): error C2059: error de sintaxis : 'tipo'
     1>c:\users\aitor\skydrive\documentos\mgep\1\programazioa ii\src\eskolaproiektua\eskolaproiektua 1.3.2\eskolaproiektua\fitxeroetakodatuak.h(7): error C2061: error de sintaxis : identificador 'administratzaileaDatuakIrakurri'
     1>c:\users\aitor\skydrive\documentos\mgep\1\programazioa ii\src\eskolaproiektua\eskolaproiektua 1.3.2\eskolaproiektua\fitxeroetakodatuak.h(7): error C2059: error de sintaxis : ';'
     1>c:\users\aitor\skydrive\documentos\mgep\1\programazioa ii\src\eskolaproiektua\eskolaproiektua 1.3.2\eskolaproiektua\fitxeroetakodatuak.h(7): error C2059: error de sintaxis : 'tipo'
     1>c:\users\aitor\skydrive\documentos\mgep\1\programazioa ii\src\eskolaproiektua\eskolaproiektua 1.3.2\eskolaproiektua\fitxeroetakodatuak.h(9): error C2146: error de sintaxis : falta ')' delante del identificador 'eskola'
     1>c:\users\aitor\skydrive\documentos\mgep\1\programazioa ii\src\eskolaproiektua\eskolaproiektua 1.3.2\eskolaproiektua\fitxeroetakodatuak.h(9): error C2061: error de sintaxis : identificador 'eskola'
     1>c:\users\aitor\skydrive\documentos\mgep\1\programazioa ii\src\eskolaproiektua\eskolaproiektua 1.3.2\eskolaproiektua\fitxeroetakodatuak.h(9): error C2059: error de sintaxis : ';'
     1>c:\users\aitor\skydrive\documentos\mgep\1\programazioa ii\src\eskolaproiektua\eskolaproiektua 1.3.2\eskolaproiektua\fitxeroetakodatuak.h(9): error C2059: error de sintaxis : ','
     1>c:\users\aitor\skydrive\documentos\mgep\1\programazioa ii\src\eskolaproiektua\eskolaproiektua 1.3.2\eskolaproiektua\fitxeroetakodatuak.h(9): error C2059: error de sintaxis : ')'
     1>c:\users\aitor\skydrive\documentos\mgep\1\programazioa ii\src\eskolaproiektua\eskolaproiektua 1.3.2\eskolaproiektua\fitxeroetakodatuak.h(10): error C2146: error de sintaxis : falta ')' delante del identificador 'eskola'
     1>c:\users\aitor\skydrive\documentos\mgep\1\programazioa ii\src\eskolaproiektua\eskolaproiektua 1.3.2\eskolaproiektua\fitxeroetakodatuak.h(10): error C2061: error de sintaxis : identificador 'eskola'
     1>c:\users\aitor\skydrive\documentos\mgep\1\programazioa ii\src\eskolaproiektua\eskolaproiektua 1.3.2\eskolaproiektua\fitxeroetakodatuak.h(10): error C2059: error de sintaxis : ';'
     1>c:\users\aitor\skydrive\documentos\mgep\1\programazioa ii\src\eskolaproiektua\eskolaproiektua 1.3.2\eskolaproiektua\fitxeroetakodatuak.h(10): error C2059: error de sintaxis : ','
     1>c:\users\aitor\skydrive\documentos\mgep\1\programazioa ii\src\eskolaproiektua\eskolaproiektua 1.3.2\eskolaproiektua\fitxeroetakodatuak.h(10): error C2059: error de sintaxis : ')'
     1>c:\users\aitor\skydrive\documentos\mgep\1\programazioa ii\src\eskolaproiektua\eskolaproiektua 1.3.2\eskolaproiektua\fitxeroetakodatuak.h(11): error C2146: error de sintaxis : falta ')' delante del identificador 'eskola'
     1>c:\users\aitor\skydrive\documentos\mgep\1\programazioa ii\src\eskolaproiektua\eskolaproiektua 1.3.2\eskolaproiektua\fitxeroetakodatuak.h(11): error C2061: error de sintaxis : identificador 'eskola'
     1>c:\users\aitor\skydrive\documentos\mgep\1\programazioa ii\src\eskolaproiektua\eskolaproiektua 1.3.2\eskolaproiektua\fitxeroetakodatuak.h(11): error C2059: error de sintaxis : ';'
     1>c:\users\aitor\skydrive\documentos\mgep\1\programazioa ii\src\eskolaproiektua\eskolaproiektua 1.3.2\eskolaproiektua\fitxeroetakodatuak.h(11): error C2059: error de sintaxis : ','
     1>c:\users\aitor\skydrive\documentos\mgep\1\programazioa ii\src\eskolaproiektua\eskolaproiektua 1.3.2\eskolaproiektua\fitxeroetakodatuak.h(11): error C2059: error de sintaxis : ')'
     1>c:\users\aitor\skydrive\documentos\mgep\1\programazioa ii\src\eskolaproiektua\eskolaproiektua 1.3.2\eskolaproiektua\main.h(42): error C2061: error de sintaxis : identificador 'USUARIOA'
     1>c:\users\aitor\skydrive\documentos\mgep\1\programazioa ii\src\eskolaproiektua\eskolaproiektua 1.3.2\eskolaproiektua\main.h(43): error C2059: error de sintaxis : '}'
     1>c:\users\aitor\skydrive\documentos\mgep\1\programazioa ii\src\eskolaproiektua\eskolaproiektua 1.3.2\eskolaproiektua\main.h(53): error C2061: error de sintaxis : identificador 'ESKOLA'
     1>c:\users\aitor\skydrive\documentos\mgep\1\programazioa ii\src\eskolaproiektua\eskolaproiektua 1.3.2\eskolaproiektua\main.h(54): error C2059: error de sintaxis : '}'
     1>c:\users\aitor\skydrive\documentos\mgep\1\programazioa ii\src\eskolaproiektua\eskolaproiektua 1.3.2\eskolaproiektua\fitxeroetakodatuak.c(5): error C2061: error de sintaxis : identificador 'ikasleaDatuakIrakurri'
     1>c:\users\aitor\skydrive\documentos\mgep\1\programazioa ii\src\eskolaproiektua\eskolaproiektua 1.3.2\eskolaproiektua\fitxeroetakodatuak.c(5): error C2059: error de sintaxis : ';'
     1>c:\users\aitor\skydrive\documentos\mgep\1\programazioa ii\src\eskolaproiektua\eskolaproiektua 1.3.2\eskolaproiektua\fitxeroetakodatuak.c(5): error C2059: error de sintaxis : 'tipo'
     1>c:\users\aitor\skydrive\documentos\mgep\1\programazioa ii\src\eskolaproiektua\eskolaproiektua 1.3.2\eskolaproiektua\fitxeroetakodatuak.c(26): error C2061: error de sintaxis : identificador 'irakasleaDatuakIrakurri'
     1>c:\users\aitor\skydrive\documentos\mgep\1\programazioa ii\src\eskolaproiektua\eskolaproiektua 1.3.2\eskolaproiektua\fitxeroetakodatuak.c(26): error C2059: error de sintaxis : ';'
     1>c:\users\aitor\skydrive\documentos\mgep\1\programazioa ii\src\eskolaproiektua\eskolaproiektua 1.3.2\eskolaproiektua\fitxeroetakodatuak.c(26): error C2059: error de sintaxis : 'tipo'
     1>c:\users\aitor\skydrive\documentos\mgep\1\programazioa ii\src\eskolaproiektua\eskolaproiektua 1.3.2\eskolaproiektua\fitxeroetakodatuak.c(47): error C2061: error de sintaxis : identificador 'administratzaileaDatuakIrakurri'
     1>c:\users\aitor\skydrive\documentos\mgep\1\programazioa ii\src\eskolaproiektua\eskolaproiektua 1.3.2\eskolaproiektua\fitxeroetakodatuak.c(47): error C2059: error de sintaxis : ';'
     1>c:\users\aitor\skydrive\documentos\mgep\1\programazioa ii\src\eskolaproiektua\eskolaproiektua 1.3.2\eskolaproiektua\fitxeroetakodatuak.c(47): error C2059: error de sintaxis : 'tipo'
     1>c:\users\aitor\skydrive\documentos\mgep\1\programazioa ii\src\eskolaproiektua\eskolaproiektua 1.3.2\eskolaproiektua\fitxeroetakodatuak.c(70): error C2146: error de sintaxis : falta ')' delante del identificador 'eskola'
     1>c:\users\aitor\skydrive\documentos\mgep\1\programazioa ii\src\eskolaproiektua\eskolaproiektua 1.3.2\eskolaproiektua\fitxeroetakodatuak.c(70): error C2061: error de sintaxis : identificador 'eskola'
     1>c:\users\aitor\skydrive\documentos\mgep\1\programazioa ii\src\eskolaproiektua\eskolaproiektua 1.3.2\eskolaproiektua\fitxeroetakodatuak.c(70): error C2059: error de sintaxis : ';'
     1>c:\users\aitor\skydrive\documentos\mgep\1\programazioa ii\src\eskolaproiektua\eskolaproiektua 1.3.2\eskolaproiektua\fitxeroetakodatuak.c(70): error C2059: error de sintaxis : ','
     1>c:\users\aitor\skydrive\documentos\mgep\1\programazioa ii\src\eskolaproiektua\eskolaproiektua 1.3.2\eskolaproiektua\fitxeroetakodatuak.c(70): error C2059: error de sintaxis : ')'
     1>c:\users\aitor\skydrive\documentos\mgep\1\programazioa ii\src\eskolaproiektua\eskolaproiektua 1.3.2\eskolaproiektua\fitxeroetakodatuak.c(89): error C2146: error de sintaxis : falta ')' delante del identificador 'eskola'
     1>c:\users\aitor\skydrive\documentos\mgep\1\programazioa ii\src\eskolaproiektua\eskolaproiektua 1.3.2\eskolaproiektua\fitxeroetakodatuak.c(89): error C2061: error de sintaxis : identificador 'eskola'
     1>c:\users\aitor\skydrive\documentos\mgep\1\programazioa ii\src\eskolaproiektua\eskolaproiektua 1.3.2\eskolaproiektua\fitxeroetakodatuak.c(89): error C2059: error de sintaxis : ';'
     1>c:\users\aitor\skydrive\documentos\mgep\1\programazioa ii\src\eskolaproiektua\eskolaproiektua 1.3.2\eskolaproiektua\fitxeroetakodatuak.c(89): error C2059: error de sintaxis : ','
     1>c:\users\aitor\skydrive\documentos\mgep\1\programazioa ii\src\eskolaproiektua\eskolaproiektua 1.3.2\eskolaproiektua\fitxeroetakodatuak.c(89): error C2059: error de sintaxis : ')'
     1>c:\users\aitor\skydrive\documentos\mgep\1\programazioa ii\src\eskolaproiektua\eskolaproiektua 1.3.2\eskolaproiektua\fitxeroetakodatuak.c(108): error C2146: error de sintaxis : falta ')' delante del identificador 'eskola'
     1>c:\users\aitor\skydrive\documentos\mgep\1\programazioa ii\src\eskolaproiektua\eskolaproiektua 1.3.2\eskolaproiektua\fitxeroetakodatuak.c(108): error C2061: error de sintaxis : identificador 'eskola'
     1>c:\users\aitor\skydrive\documentos\mgep\1\programazioa ii\src\eskolaproiektua\eskolaproiektua 1.3.2\eskolaproiektua\fitxeroetakodatuak.c(108): error C2059: error de sintaxis : ';'
     1>c:\users\aitor\skydrive\documentos\mgep\1\programazioa ii\src\eskolaproiektua\eskolaproiektua 1.3.2\eskolaproiektua\fitxeroetakodatuak.c(108): error C2059: error de sintaxis : ','
     1>c:\users\aitor\skydrive\documentos\mgep\1\programazioa ii\src\eskolaproiektua\eskolaproiektua 1.3.2\eskolaproiektua\fitxeroetakodatuak.c(108): error C2059: error de sintaxis : ')'
         datuenModifikazioa.c
     1>c:\users\aitor\skydrive\documentos\mgep\1\programazioa ii\src\eskolaproiektua\eskolaproiektua 1.3.2\eskolaproiektua\main.h(42): error C2061: error de sintaxis : identificador 'USUARIOA'
     1>c:\users\aitor\skydrive\documentos\mgep\1\programazioa ii\src\eskolaproiektua\eskolaproiektua 1.3.2\eskolaproiektua\main.h(43): error C2059: error de sintaxis : '}'
     1>c:\users\aitor\skydrive\documentos\mgep\1\programazioa ii\src\eskolaproiektua\eskolaproiektua 1.3.2\eskolaproiektua\main.h(53): error C2061: error de sintaxis : identificador 'ESKOLA'
     1>c:\users\aitor\skydrive\documentos\mgep\1\programazioa ii\src\eskolaproiektua\eskolaproiektua 1.3.2\eskolaproiektua\main.h(54): error C2059: error de sintaxis : '}'
     1>c:\users\aitor\skydrive\documentos\mgep\1\programazioa ii\src\eskolaproiektua\eskolaproiektua 1.3.2\eskolaproiektua\datuenmodifikazioa.h(5): error C2143: error de sintaxis : falta ')' delante de '*'
     1>c:\users\aitor\skydrive\documentos\mgep\1\programazioa ii\src\eskolaproiektua\eskolaproiektua 1.3.2\eskolaproiektua\datuenmodifikazioa.h(5): error C2143: error de sintaxis : falta '{' delante de '*'
     1>c:\users\aitor\skydrive\documentos\mgep\1\programazioa ii\src\eskolaproiektua\eskolaproiektua 1.3.2\eskolaproiektua\datuenmodifikazioa.h(5): error C2143: error de sintaxis : falta ';' delante de '*'
     1>c:\users\aitor\skydrive\documentos\mgep\1\programazioa ii\src\eskolaproiektua\eskolaproiektua 1.3.2\eskolaproiektua\datuenmodifikazioa.h(5): error C2059: error de sintaxis : ')'
     1>c:\users\aitor\skydrive\documentos\mgep\1\programazioa ii\src\eskolaproiektua\eskolaproiektua 1.3.2\eskolaproiektua\datuenmodifikazioa.h(6): error C2143: error de sintaxis : falta ')' delante de '*'
     1>c:\users\aitor\skydrive\documentos\mgep\1\programazioa ii\src\eskolaproiektua\eskolaproiektua 1.3.2\eskolaproiektua\datuenmodifikazioa.h(6): error C2143: error de sintaxis : falta '{' delante de '*'
     1>c:\users\aitor\skydrive\documentos\mgep\1\programazioa ii\src\eskolaproiektua\eskolaproiektua 1.3.2\eskolaproiektua\datuenmodifikazioa.h(6): error C2143: error de sintaxis : falta ';' delante de '*'
     1>c:\users\aitor\skydrive\documentos\mgep\1\programazioa ii\src\eskolaproiektua\eskolaproiektua 1.3.2\eskolaproiektua\datuenmodifikazioa.h(6): error C2059: error de sintaxis : ')'
     1>c:\users\aitor\skydrive\documentos\mgep\1\programazioa ii\src\eskolaproiektua\eskolaproiektua 1.3.2\eskolaproiektua\datuenmodifikazioa.h(7): error C2143: error de sintaxis : falta ')' delante de '*'
     1>c:\users\aitor\skydrive\documentos\mgep\1\programazioa ii\src\eskolaproiektua\eskolaproiektua 1.3.2\eskolaproiektua\datuenmodifikazioa.h(7): error C2143: error de sintaxis : falta '{' delante de '*'
     1>c:\users\aitor\skydrive\documentos\mgep\1\programazioa ii\src\eskolaproiektua\eskolaproiektua 1.3.2\eskolaproiektua\datuenmodifikazioa.h(7): error C2061: error de sintaxis : identificador 'ESKOLA'
     1>c:\users\aitor\skydrive\documentos\mgep\1\programazioa ii\src\eskolaproiektua\eskolaproiektua 1.3.2\eskolaproiektua\datuenmodifikazioa.h(7): error C2059: error de sintaxis : ';'
     1>c:\users\aitor\skydrive\documentos\mgep\1\programazioa ii\src\eskolaproiektua\eskolaproiektua 1.3.2\eskolaproiektua\datuenmodifikazioa.h(7): error C2059: error de sintaxis : ')'
     1>c:\users\aitor\skydrive\documentos\mgep\1\programazioa ii\src\eskolaproiektua\eskolaproiektua 1.3.2\eskolaproiektua\datuenmodifikazioa.h(8): error C2143: error de sintaxis : falta ')' delante de '*'
     1>c:\users\aitor\skydrive\documentos\mgep\1\programazioa ii\src\eskolaproiektua\eskolaproiektua 1.3.2\eskolaproiektua\datuenmodifikazioa.h(8): error C2143: error de sintaxis : falta '{' delante de '*'
     1>c:\users\aitor\skydrive\documentos\mgep\1\programazioa ii\src\eskolaproiektua\eskolaproiektua 1.3.2\eskolaproiektua\datuenmodifikazioa.h(8): error C2143: error de sintaxis : falta ';' delante de '*'
     1>c:\users\aitor\skydrive\documentos\mgep\1\programazioa ii\src\eskolaproiektua\eskolaproiektua 1.3.2\eskolaproiektua\datuenmodifikazioa.h(8): error C2059: error de sintaxis : ')'
     1>c:\users\aitor\skydrive\documentos\mgep\1\programazioa ii\src\eskolaproiektua\eskolaproiektua 1.3.2\eskolaproiektua\datuenmodifikazioa.h(9): error C2143: error de sintaxis : falta ')' delante de '*'
     1>c:\users\aitor\skydrive\documentos\mgep\1\programazioa ii\src\eskolaproiektua\eskolaproiektua 1.3.2\eskolaproiektua\datuenmodifikazioa.h(9): error C2143: error de sintaxis : falta '{' delante de '*'
     1>c:\users\aitor\skydrive\documentos\mgep\1\programazioa ii\src\eskolaproiektua\eskolaproiektua 1.3.2\eskolaproiektua\datuenmodifikazioa.h(9): error C2143: error de sintaxis : falta ';' delante de '*'
     1>c:\users\aitor\skydrive\documentos\mgep\1\programazioa ii\src\eskolaproiektua\eskolaproiektua 1.3.2\eskolaproiektua\datuenmodifikazioa.h(9): error C2059: error de sintaxis : ')'
     1>c:\users\aitor\skydrive\documentos\mgep\1\programazioa ii\src\eskolaproiektua\eskolaproiektua 1.3.2\eskolaproiektua\datuenmodifikazioa.h(10): error C2143: error de sintaxis : falta ')' delante de '*'
     1>c:\users\aitor\skydrive\documentos\mgep\1\programazioa ii\src\eskolaproiektua\eskolaproiektua 1.3.2\eskolaproiektua\datuenmodifikazioa.h(10): error C2143: error de sintaxis : falta '{' delante de '*'
     1>c:\users\aitor\skydrive\documentos\mgep\1\programazioa ii\src\eskolaproiektua\eskolaproiektua 1.3.2\eskolaproiektua\datuenmodifikazioa.h(10): error C2143: error de sintaxis : falta ';' delante de '*'
     1>c:\users\aitor\skydrive\documentos\mgep\1\programazioa ii\src\eskolaproiektua\eskolaproiektua 1.3.2\eskolaproiektua\datuenmodifikazioa.h(10): error C2059: error de sintaxis : ')'
     1>c:\users\aitor\skydrive\documentos\mgep\1\programazioa ii\src\eskolaproiektua\eskolaproiektua 1.3.2\eskolaproiektua\datuenmodifikazioa.h(11): error C2143: error de sintaxis : falta ')' delante de '*'
     1>c:\users\aitor\skydrive\documentos\mgep\1\programazioa ii\src\eskolaproiektua\eskolaproiektua 1.3.2\eskolaproiektua\datuenmodifikazioa.h(11): error C2143: error de sintaxis : falta '{' delante de '*'
     1>c:\users\aitor\skydrive\documentos\mgep\1\programazioa ii\src\eskolaproiektua\eskolaproiektua 1.3.2\eskolaproiektua\datuenmodifikazioa.h(11): error C2143: error de sintaxis : falta ';' delante de '*'
     1>c:\users\aitor\skydrive\documentos\mgep\1\programazioa ii\src\eskolaproiektua\eskolaproiektua 1.3.2\eskolaproiektua\datuenmodifikazioa.h(11): error C2059: error de sintaxis : ')'
     1>c:\users\aitor\skydrive\documentos\mgep\1\programazioa ii\src\eskolaproiektua\eskolaproiektua 1.3.2\eskolaproiektua\datuenmodifikazioa.h(12): error C2143: error de sintaxis : falta ')' delante de '*'
     1>c:\users\aitor\skydrive\documentos\mgep\1\programazioa ii\src\eskolaproiektua\eskolaproiektua 1.3.2\eskolaproiektua\datuenmodifikazioa.h(12): error C2143: error de sintaxis : falta '{' delante de '*'
     1>c:\users\aitor\skydrive\documentos\mgep\1\programazioa ii\src\eskolaproiektua\eskolaproiektua 1.3.2\eskolaproiektua\datuenmodifikazioa.h(12): error C2143: error de sintaxis : falta ';' delante de '*'
     1>c:\users\aitor\skydrive\documentos\mgep\1\programazioa ii\src\eskolaproiektua\eskolaproiektua 1.3.2\eskolaproiektua\datuenmodifikazioa.h(12): error C2059: error de sintaxis : ')'
     1>c:\users\aitor\skydrive\documentos\mgep\1\programazioa ii\src\eskolaproiektua\eskolaproiektua 1.3.2\eskolaproiektua\datuenmodifikazioa.h(13): error C2143: error de sintaxis : falta ')' delante de '*'
     1>c:\users\aitor\skydrive\documentos\mgep\1\programazioa ii\src\eskolaproiektua\eskolaproiektua 1.3.2\eskolaproiektua\datuenmodifikazioa.h(13): error C2143: error de sintaxis : falta '{' delante de '*'
     1>c:\users\aitor\skydrive\documentos\mgep\1\programazioa ii\src\eskolaproiektua\eskolaproiektua 1.3.2\eskolaproiektua\datuenmodifikazioa.h(13): error C2143: error de sintaxis : falta ';' delante de '*'
     1>c:\users\aitor\skydrive\documentos\mgep\1\programazioa ii\src\eskolaproiektua\eskolaproiektua 1.3.2\eskolaproiektua\datuenmodifikazioa.h(13): error C2059: error de sintaxis : ')'
     1>c:\users\aitor\skydrive\documentos\mgep\1\programazioa ii\src\eskolaproiektua\eskolaproiektua 1.3.2\eskolaproiektua\datuenmodifikazioa.h(14): error C2143: error de sintaxis : falta ')' delante de '*'
     1>c:\users\aitor\skydrive\documentos\mgep\1\programazioa ii\src\eskolaproiektua\eskolaproiektua 1.3.2\eskolaproiektua\datuenmodifikazioa.h(14): error C2143: error de sintaxis : falta '{' delante de '*'
     1>c:\users\aitor\skydrive\documentos\mgep\1\programazioa ii\src\eskolaproiektua\eskolaproiektua 1.3.2\eskolaproiektua\datuenmodifikazioa.h(14): error C2143: error de sintaxis : falta ';' delante de '*'
     1>c:\users\aitor\skydrive\documentos\mgep\1\programazioa ii\src\eskolaproiektua\eskolaproiektua 1.3.2\eskolaproiektua\datuenmodifikazioa.h(14): error C2059: error de sintaxis : ')'
     1>c:\users\aitor\skydrive\documentos\mgep\1\programazioa ii\src\eskolaproiektua\eskolaproiektua 1.3.2\eskolaproiektua\datuenmodifikazioa.h(15): error C2143: error de sintaxis : falta ')' delante de '*'
     1>c:\users\aitor\skydrive\documentos\mgep\1\programazioa ii\src\eskolaproiektua\eskolaproiektua 1.3.2\eskolaproiektua\datuenmodifikazioa.h(15): error C2143: error de sintaxis : falta '{' delante de '*'
     1>c:\users\aitor\skydrive\documentos\mgep\1\programazioa ii\src\eskolaproiektua\eskolaproiektua 1.3.2\eskolaproiektua\datuenmodifikazioa.h(15): error C2143: error de sintaxis : falta ';' delante de '*'
     1>c:\users\aitor\skydrive\documentos\mgep\1\programazioa ii\src\eskolaproiektua\eskolaproiektua 1.3.2\eskolaproiektua\datuenmodifikazioa.h(15): error C2059: error de sintaxis : ')'
     1>c:\users\aitor\skydrive\documentos\mgep\1\programazioa ii\src\eskolaproiektua\eskolaproiektua 1.3.2\eskolaproiektua\datuenmodifikazioa.h(16): error C2143: error de sintaxis : falta ')' delante de '*'
     1>c:\users\aitor\skydrive\documentos\mgep\1\programazioa ii\src\eskolaproiektua\eskolaproiektua 1.3.2\eskolaproiektua\datuenmodifikazioa.h(16): error C2143: error de sintaxis : falta '{' delante de '*'
     1>c:\users\aitor\skydrive\documentos\mgep\1\programazioa ii\src\eskolaproiektua\eskolaproiektua 1.3.2\eskolaproiektua\datuenmodifikazioa.h(16): error C2143: error de sintaxis : falta ';' delante de '*'
     1>c:\users\aitor\skydrive\documentos\mgep\1\programazioa ii\src\eskolaproiektua\eskolaproiektua 1.3.2\eskolaproiektua\datuenmodifikazioa.h(16): error C2059: error de sintaxis : ')'
     1>c:\users\aitor\skydrive\documentos\mgep\1\programazioa ii\src\eskolaproiektua\eskolaproiektua 1.3.2\eskolaproiektua\datuenmodifikazioa.h(17): error C2143: error de sintaxis : falta ')' delante de '*'
     1>c:\users\aitor\skydrive\documentos\mgep\1\programazioa ii\src\eskolaproiektua\eskolaproiektua 1.3.2\eskolaproiektua\datuenmodifikazioa.h(17): error C2143: error de sintaxis : falta '{' delante de '*'
     1>c:\users\aitor\skydrive\documentos\mgep\1\programazioa ii\src\eskolaproiektua\eskolaproiektua 1.3.2\eskolaproiektua\datuenmodifikazioa.h(17): error C2143: error de sintaxis : falta ';' delante de '*'
     1>c:\users\aitor\skydrive\documentos\mgep\1\programazioa ii\src\eskolaproiektua\eskolaproiektua 1.3.2\eskolaproiektua\datuenmodifikazioa.h(17): error C2059: error de sintaxis : ')'
     1>c:\users\aitor\skydrive\documentos\mgep\1\programazioa ii\src\eskolaproiektua\eskolaproiektua 1.3.2\eskolaproiektua\datuenmodifikazioa.h(18): error C2143: error de sintaxis : falta ')' delante de '*'
     1>c:\users\aitor\skydrive\documentos\mgep\1\programazioa ii\src\eskolaproiektua\eskolaproiektua 1.3.2\eskolaproiektua\datuenmodifikazioa.h(18): error C2143: error de sintaxis : falta '{' delante de '*'
     1>c:\users\aitor\skydrive\documentos\mgep\1\programazioa ii\src\eskolaproiektua\eskolaproiektua 1.3.2\eskolaproiektua\datuenmodifikazioa.h(18): error C2143: error de sintaxis : falta ';' delante de '*'
     1>c:\users\aitor\skydrive\documentos\mgep\1\programazioa ii\src\eskolaproiektua\eskolaproiektua 1.3.2\eskolaproiektua\datuenmodifikazioa.h(18): error C2059: error de sintaxis : ')'
     1>c:\users\aitor\skydrive\documentos\mgep\1\programazioa ii\src\eskolaproiektua\eskolaproiektua 1.3.2\eskolaproiektua\datuenmodifikazioa.h(19): error C2143: error de sintaxis : falta ')' delante de '*'
     1>c:\users\aitor\skydrive\documentos\mgep\1\programazioa ii\src\eskolaproiektua\eskolaproiektua 1.3.2\eskolaproiektua\datuenmodifikazioa.h(19): error C2143: error de sintaxis : falta '{' delante de '*'
     1>c:\users\aitor\skydrive\documentos\mgep\1\programazioa ii\src\eskolaproiektua\eskolaproiektua 1.3.2\eskolaproiektua\datuenmodifikazioa.h(19): error C2143: error de sintaxis : falta ';' delante de '*'
     1>c:\users\aitor\skydrive\documentos\mgep\1\programazioa ii\src\eskolaproiektua\eskolaproiektua 1.3.2\eskolaproiektua\datuenmodifikazioa.h(19): error C2059: error de sintaxis : ')'
     1>c:\users\aitor\skydrive\documentos\mgep\1\programazioa ii\src\eskolaproiektua\eskolaproiektua 1.3.2\eskolaproiektua\datuenmodifikazioa.h(20): error C2143: error de sintaxis : falta ')' delante de '*'
     1>c:\users\aitor\skydrive\documentos\mgep\1\programazioa ii\src\eskolaproiektua\eskolaproiektua 1.3.2\eskolaproiektua\datuenmodifikazioa.h(20): error C2143: error de sintaxis : falta '{' delante de '*'
     1>c:\users\aitor\skydrive\documentos\mgep\1\programazioa ii\src\eskolaproiektua\eskolaproiektua 1.3.2\eskolaproiektua\datuenmodifikazioa.h(20): error C2143: error de sintaxis : falta ';' delante de '*'
     1>c:\users\aitor\skydrive\documentos\mgep\1\programazioa ii\src\eskolaproiektua\eskolaproiektua 1.3.2\eskolaproiektua\datuenmodifikazioa.h(20): error C2059: error de sintaxis : ')'
     1>c:\users\aitor\skydrive\documentos\mgep\1\programazioa ii\src\eskolaproiektua\eskolaproiektua 1.3.2\eskolaproiektua\datuenmodifikazioa.h(21): error C2143: error de sintaxis : falta ')' delante de '*'
     1>c:\users\aitor\skydrive\documentos\mgep\1\programazioa ii\src\eskolaproiektua\eskolaproiektua 1.3.2\eskolaproiektua\datuenmodifikazioa.h(21): error C2143: error de sintaxis : falta '{' delante de '*'
     1>c:\users\aitor\skydrive\documentos\mgep\1\programazioa ii\src\eskolaproiektua\eskolaproiektua 1.3.2\eskolaproiektua\datuenmodifikazioa.h(21): error C2143: error de sintaxis : falta ';' delante de '*'
     1>c:\users\aitor\skydrive\documentos\mgep\1\programazioa ii\src\eskolaproiektua\eskolaproiektua 1.3.2\eskolaproiektua\datuenmodifikazioa.h(21): error C2059: error de sintaxis : ')'
     1>c:\users\aitor\skydrive\documentos\mgep\1\programazioa ii\src\eskolaproiektua\eskolaproiektua 1.3.2\eskolaproiektua\datuenmodifikazioa.c(4): error C2143: error de sintaxis : falta ')' delante de '*'
     1>c:\users\aitor\skydrive\documentos\mgep\1\programazioa ii\src\eskolaproiektua\eskolaproiektua 1.3.2\eskolaproiektua\datuenmodifikazioa.c(4): error C2143: error de sintaxis : falta '{' delante de '*'
     1>c:\users\aitor\skydrive\documentos\mgep\1\programazioa ii\src\eskolaproiektua\eskolaproiektua 1.3.2\eskolaproiektua\datuenmodifikazioa.c(4): error C2143: error de sintaxis : falta ';' delante de '*'
     1>c:\users\aitor\skydrive\documentos\mgep\1\programazioa ii\src\eskolaproiektua\eskolaproiektua 1.3.2\eskolaproiektua\datuenmodifikazioa.c(4): error C2059: error de sintaxis : ')'
     1>c:\users\aitor\skydrive\documentos\mgep\1\programazioa ii\src\eskolaproiektua\eskolaproiektua 1.3.2\eskolaproiektua\datuenmodifikazioa.c(4): error C2054: se esperaba '(' a continuación de 'eskola_ptr_ptr'
     1>c:\users\aitor\skydrive\documentos\mgep\1\programazioa ii\src\eskolaproiektua\eskolaproiektua 1.3.2\eskolaproiektua\datuenmodifikazioa.c(17): error C2143: error de sintaxis : falta ')' delante de '*'
     1>c:\users\aitor\skydrive\documentos\mgep\1\programazioa ii\src\eskolaproiektua\eskolaproiektua 1.3.2\eskolaproiektua\datuenmodifikazioa.c(17): error C2143: error de sintaxis : falta '{' delante de '*'
     1>c:\users\aitor\skydrive\documentos\mgep\1\programazioa ii\src\eskolaproiektua\eskolaproiektua 1.3.2\eskolaproiektua\datuenmodifikazioa.c(17): error C2143: error de sintaxis : falta ';' delante de '*'
     1>c:\users\aitor\skydrive\documentos\mgep\1\programazioa ii\src\eskolaproiektua\eskolaproiektua 1.3.2\eskolaproiektua\datuenmodifikazioa.c(17): error C2059: error de sintaxis : ')'
     1>c:\users\aitor\skydrive\documentos\mgep\1\programazioa ii\src\eskolaproiektua\eskolaproiektua 1.3.2\eskolaproiektua\datuenmodifikazioa.c(17): error C2054: se esperaba '(' a continuación de 'eskola_ptr_ptr'
     1>c:\users\aitor\skydrive\documentos\mgep\1\programazioa ii\src\eskolaproiektua\eskolaproiektua 1.3.2\eskolaproiektua\datuenmodifikazioa.c(50): error C2143: error de sintaxis : falta ')' delante de '*'
     1>c:\users\aitor\skydrive\documentos\mgep\1\programazioa ii\src\eskolaproiektua\eskolaproiektua 1.3.2\eskolaproiektua\datuenmodifikazioa.c(50): error C2143: error de sintaxis : falta '{' delante de '*'
     1>c:\users\aitor\skydrive\documentos\mgep\1\programazioa ii\src\eskolaproiektua\eskolaproiektua 1.3.2\eskolaproiektua\datuenmodifikazioa.c(50): error C2143: error de sintaxis : falta ';' delante de '*'
     1>c:\users\aitor\skydrive\documentos\mgep\1\programazioa ii\src\eskolaproiektua\eskolaproiektua 1.3.2\eskolaproiektua\datuenmodifikazioa.c(50): error C2059: error de sintaxis : ')'
     1>c:\users\aitor\skydrive\documentos\mgep\1\programazioa ii\src\eskolaproiektua\eskolaproiektua 1.3.2\eskolaproiektua\datuenmodifikazioa.c(50): error C2054: se esperaba '(' a continuación de 'eskola_ptr_ptr'
     1>c:\users\aitor\skydrive\documentos\mgep\1\programazioa ii\src\eskolaproiektua\eskolaproiektua 1.3.2\eskolaproiektua\datuenmodifikazioa.c(68): error C2143: error de sintaxis : falta ')' delante de '*'
     1>c:\users\aitor\skydrive\documentos\mgep\1\programazioa ii\src\eskolaproiektua\eskolaproiektua 1.3.2\eskolaproiektua\datuenmodifikazioa.c(68): error C2143: error de sintaxis : falta '{' delante de '*'
     1>c:\users\aitor\skydrive\documentos\mgep\1\programazioa ii\src\eskolaproiektua\eskolaproiektua 1.3.2\eskolaproiektua\datuenmodifikazioa.c(68): error C2143: error de sintaxis : falta ';' delante de '*'
     1>c:\users\aitor\skydrive\documentos\mgep\1\programazioa ii\src\eskolaproiektua\eskolaproiektua 1.3.2\eskolaproiektua\datuenmodifikazioa.c(68): error C2059: error de sintaxis : ')'
     1>c:\users\aitor\skydrive\documentos\mgep\1\programazioa ii\src\eskolaproiektua\eskolaproiektua 1.3.2\eskolaproiektua\datuenmodifikazioa.c(68): error C2054: se esperaba '(' a continuación de 'eskola_ptr_ptr'
     1>c:\users\aitor\skydrive\documentos\mgep\1\programazioa ii\src\eskolaproiektua\eskolaproiektua 1.3.2\eskolaproiektua\datuenmodifikazioa.c(98): error C2143: error de sintaxis : falta ')' delante de '*'
     1>c:\users\aitor\skydrive\documentos\mgep\1\programazioa ii\src\eskolaproiektua\eskolaproiektua 1.3.2\eskolaproiektua\datuenmodifikazioa.c(98): error C2143: error de sintaxis : falta '{' delante de '*'
     1>c:\users\aitor\skydrive\documentos\mgep\1\programazioa ii\src\eskolaproiektua\eskolaproiektua 1.3.2\eskolaproiektua\datuenmodifikazioa.c(98): error C2143: error de sintaxis : falta ';' delante de '*'
     1>c:\users\aitor\skydrive\documentos\mgep\1\programazioa ii\src\eskolaproiektua\eskolaproiektua 1.3.2\eskolaproiektua\datuenmodifikazioa.c(98): error C2059: error de sintaxis : ')'
     1>c:\users\aitor\skydrive\documentos\mgep\1\programazioa ii\src\eskolaproiektua\eskolaproiektua 1.3.2\eskolaproiektua\datuenmodifikazioa.c(98): error C2054: se esperaba '(' a continuación de 'eskola_ptr_ptr'
     1>c:\users\aitor\skydrive\documentos\mgep\1\programazioa ii\src\eskolaproiektua\eskolaproiektua 1.3.2\eskolaproiektua\datuenmodifikazioa.c(109): error C2065: 'GELAMAX' : identificador no declarado
     1>c:\users\aitor\skydrive\documentos\mgep\1\programazioa ii\src\eskolaproiektua\eskolaproiektua 1.3.2\eskolaproiektua\datuenmodifikazioa.c(110): error C2065: 'eskolak' : identificador no declarado
     1>c:\users\aitor\skydrive\documentos\mgep\1\programazioa ii\src\eskolaproiektua\eskolaproiektua 1.3.2\eskolaproiektua\datuenmodifikazioa.c(110): error C2109: el subíndice requiere una matriz o tipo de puntero
     1>c:\users\aitor\skydrive\documentos\mgep\1\programazioa ii\src\eskolaproiektua\eskolaproiektua 1.3.2\eskolaproiektua\datuenmodifikazioa.c(110): fatal error C1003: el recuento de errores supera 100; se detiene la compilación
         bistaratu.c
     1>c:\users\aitor\skydrive\documentos\mgep\1\programazioa ii\src\eskolaproiektua\eskolaproiektua 1.3.2\eskolaproiektua\main.h(42): error C2061: error de sintaxis : identificador 'USUARIOA'
     1>c:\users\aitor\skydrive\documentos\mgep\1\programazioa ii\src\eskolaproiektua\eskolaproiektua 1.3.2\eskolaproiektua\main.h(43): error C2059: error de sintaxis : '}'
     1>c:\users\aitor\skydrive\documentos\mgep\1\programazioa ii\src\eskolaproiektua\eskolaproiektua 1.3.2\eskolaproiektua\main.h(53): error C2061: error de sintaxis : identificador 'ESKOLA'
     1>c:\users\aitor\skydrive\documentos\mgep\1\programazioa ii\src\eskolaproiektua\eskolaproiektua 1.3.2\eskolaproiektua\main.h(54): error C2059: error de sintaxis : '}'
     1>c:\users\aitor\skydrive\documentos\mgep\1\programazioa ii\src\eskolaproiektua\eskolaproiektua 1.3.2\eskolaproiektua\bistaratu.h(5): error C2143: error de sintaxis : falta ')' delante de '*'
     1>c:\users\aitor\skydrive\documentos\mgep\1\programazioa ii\src\eskolaproiektua\eskolaproiektua 1.3.2\eskolaproiektua\bistaratu.h(5): error C2143: error de sintaxis : falta '{' delante de '*'
     1>c:\users\aitor\skydrive\documentos\mgep\1\programazioa ii\src\eskolaproiektua\eskolaproiektua 1.3.2\eskolaproiektua\bistaratu.h(5): error C2143: error de sintaxis : falta ';' delante de '*'
     1>c:\users\aitor\skydrive\documentos\mgep\1\programazioa ii\src\eskolaproiektua\eskolaproiektua 1.3.2\eskolaproiektua\bistaratu.h(5): error C2059: error de sintaxis : ')'
     1>c:\users\aitor\skydrive\documentos\mgep\1\programazioa ii\src\eskolaproiektua\eskolaproiektua 1.3.2\eskolaproiektua\bistaratu.h(6): error C2143: error de sintaxis : falta ')' delante de '*'
     1>c:\users\aitor\skydrive\documentos\mgep\1\programazioa ii\src\eskolaproiektua\eskolaproiektua 1.3.2\eskolaproiektua\bistaratu.h(6): error C2143: error de sintaxis : falta '{' delante de '*'
     1>c:\users\aitor\skydrive\documentos\mgep\1\programazioa ii\src\eskolaproiektua\eskolaproiektua 1.3.2\eskolaproiektua\bistaratu.h(6): error C2143: error de sintaxis : falta ';' delante de '*'
     1>c:\users\aitor\skydrive\documentos\mgep\1\programazioa ii\src\eskolaproiektua\eskolaproiektua 1.3.2\eskolaproiektua\bistaratu.h(6): error C2059: error de sintaxis : ')'
     1>c:\users\aitor\skydrive\documentos\mgep\1\programazioa ii\src\eskolaproiektua\eskolaproiektua 1.3.2\eskolaproiektua\bistaratu.h(7): error C2143: error de sintaxis : falta ')' delante de '*'
     1>c:\users\aitor\skydrive\documentos\mgep\1\programazioa ii\src\eskolaproiektua\eskolaproiektua 1.3.2\eskolaproiektua\bistaratu.h(7): error C2143: error de sintaxis : falta '{' delante de '*'
     1>c:\users\aitor\skydrive\documentos\mgep\1\programazioa ii\src\eskolaproiektua\eskolaproiektua 1.3.2\eskolaproiektua\bistaratu.h(7): error C2143: error de sintaxis : falta ';' delante de '*'
     1>c:\users\aitor\skydrive\documentos\mgep\1\programazioa ii\src\eskolaproiektua\eskolaproiektua 1.3.2\eskolaproiektua\bistaratu.h(7): error C2059: error de sintaxis : ')'
     1>c:\users\aitor\skydrive\documentos\mgep\1\programazioa ii\src\eskolaproiektua\eskolaproiektua 1.3.2\eskolaproiektua\bistaratu.h(8): error C2143: error de sintaxis : falta ')' delante de '*'
     1>c:\users\aitor\skydrive\documentos\mgep\1\programazioa ii\src\eskolaproiektua\eskolaproiektua 1.3.2\eskolaproiektua\bistaratu.h(8): error C2143: error de sintaxis : falta '{' delante de '*'
     1>c:\users\aitor\skydrive\documentos\mgep\1\programazioa ii\src\eskolaproiektua\eskolaproiektua 1.3.2\eskolaproiektua\bistaratu.h(8): error C2143: error de sintaxis : falta ';' delante de '*'
     1>c:\users\aitor\skydrive\documentos\mgep\1\programazioa ii\src\eskolaproiektua\eskolaproiektua 1.3.2\eskolaproiektua\bistaratu.h(8): error C2059: error de sintaxis : ')'
     1>c:\users\aitor\skydrive\documentos\mgep\1\programazioa ii\src\eskolaproiektua\eskolaproiektua 1.3.2\eskolaproiektua\bistaratu.h(9): error C2143: error de sintaxis : falta ')' delante de '*'
     1>c:\users\aitor\skydrive\documentos\mgep\1\programazioa ii\src\eskolaproiektua\eskolaproiektua 1.3.2\eskolaproiektua\bistaratu.h(9): error C2143: error de sintaxis : falta '{' delante de '*'
     1>c:\users\aitor\skydrive\documentos\mgep\1\programazioa ii\src\eskolaproiektua\eskolaproiektua 1.3.2\eskolaproiektua\bistaratu.h(9): error C2143: error de sintaxis : falta ';' delante de '*'
     1>c:\users\aitor\skydrive\documentos\mgep\1\programazioa ii\src\eskolaproiektua\eskolaproiektua 1.3.2\eskolaproiektua\bistaratu.h(9): error C2059: error de sintaxis : ')'
     1>c:\users\aitor\skydrive\documentos\mgep\1\programazioa ii\src\eskolaproiektua\eskolaproiektua 1.3.2\eskolaproiektua\bistaratu.h(10): error C2143: error de sintaxis : falta ')' delante de '*'
     1>c:\users\aitor\skydrive\documentos\mgep\1\programazioa ii\src\eskolaproiektua\eskolaproiektua 1.3.2\eskolaproiektua\bistaratu.h(10): error C2143: error de sintaxis : falta '{' delante de '*'
     1>c:\users\aitor\skydrive\documentos\mgep\1\programazioa ii\src\eskolaproiektua\eskolaproiektua 1.3.2\eskolaproiektua\bistaratu.h(10): error C2143: error de sintaxis : falta ';' delante de '*'
     1>c:\users\aitor\skydrive\documentos\mgep\1\programazioa ii\src\eskolaproiektua\eskolaproiektua 1.3.2\eskolaproiektua\bistaratu.h(10): error C2059: error de sintaxis : ')'
     1>c:\users\aitor\skydrive\documentos\mgep\1\programazioa ii\src\eskolaproiektua\eskolaproiektua 1.3.2\eskolaproiektua\bistaratu.h(11): error C2143: error de sintaxis : falta ')' delante de '*'
     1>c:\users\aitor\skydrive\documentos\mgep\1\programazioa ii\src\eskolaproiektua\eskolaproiektua 1.3.2\eskolaproiektua\bistaratu.h(11): error C2143: error de sintaxis : falta '{' delante de '*'
     1>c:\users\aitor\skydrive\documentos\mgep\1\programazioa ii\src\eskolaproiektua\eskolaproiektua 1.3.2\eskolaproiektua\bistaratu.h(11): error C2143: error de sintaxis : falta ';' delante de '*'
     1>c:\users\aitor\skydrive\documentos\mgep\1\programazioa ii\src\eskolaproiektua\eskolaproiektua 1.3.2\eskolaproiektua\bistaratu.h(11): error C2059: error de sintaxis : ')'
     1>c:\users\aitor\skydrive\documentos\mgep\1\programazioa ii\src\eskolaproiektua\eskolaproiektua 1.3.2\eskolaproiektua\bistaratu.h(12): error C2143: error de sintaxis : falta ')' delante de '*'
     1>c:\users\aitor\skydrive\documentos\mgep\1\programazioa ii\src\eskolaproiektua\eskolaproiektua 1.3.2\eskolaproiektua\bistaratu.h(12): error C2143: error de sintaxis : falta '{' delante de '*'
     1>c:\users\aitor\skydrive\documentos\mgep\1\programazioa ii\src\eskolaproiektua\eskolaproiektua 1.3.2\eskolaproiektua\bistaratu.h(12): error C2143: error de sintaxis : falta ';' delante de '*'
     1>c:\users\aitor\skydrive\documentos\mgep\1\programazioa ii\src\eskolaproiektua\eskolaproiektua 1.3.2\eskolaproiektua\bistaratu.h(12): error C2059: error de sintaxis : ')'
     1>c:\users\aitor\skydrive\documentos\mgep\1\programazioa ii\src\eskolaproiektua\eskolaproiektua 1.3.2\eskolaproiektua\bistaratu.h(13): error C2143: error de sintaxis : falta ')' delante de '*'
     1>c:\users\aitor\skydrive\documentos\mgep\1\programazioa ii\src\eskolaproiektua\eskolaproiektua 1.3.2\eskolaproiektua\bistaratu.h(13): error C2143: error de sintaxis : falta '{' delante de '*'
     1>c:\users\aitor\skydrive\documentos\mgep\1\programazioa ii\src\eskolaproiektua\eskolaproiektua 1.3.2\eskolaproiektua\bistaratu.h(13): error C2143: error de sintaxis : falta ';' delante de '*'
     1>c:\users\aitor\skydrive\documentos\mgep\1\programazioa ii\src\eskolaproiektua\eskolaproiektua 1.3.2\eskolaproiektua\bistaratu.h(13): error C2059: error de sintaxis : ')'
     1>c:\users\aitor\skydrive\documentos\mgep\1\programazioa ii\src\eskolaproiektua\eskolaproiektua 1.3.2\eskolaproiektua\bistaratu.c(6): error C2143: error de sintaxis : falta ')' delante de '*'
     1>c:\users\aitor\skydrive\documentos\mgep\1\programazioa ii\src\eskolaproiektua\eskolaproiektua 1.3.2\eskolaproiektua\bistaratu.c(6): error C2143: error de sintaxis : falta '{' delante de '*'
     1>c:\users\aitor\skydrive\documentos\mgep\1\programazioa ii\src\eskolaproiektua\eskolaproiektua 1.3.2\eskolaproiektua\bistaratu.c(6): error C2143: error de sintaxis : falta ';' delante de '*'
     1>c:\users\aitor\skydrive\documentos\mgep\1\programazioa ii\src\eskolaproiektua\eskolaproiektua 1.3.2\eskolaproiektua\bistaratu.c(6): error C2059: error de sintaxis : ')'
     1>c:\users\aitor\skydrive\documentos\mgep\1\programazioa ii\src\eskolaproiektua\eskolaproiektua 1.3.2\eskolaproiektua\bistaratu.c(6): error C2054: se esperaba '(' a continuación de 'eskola_ptr_ptr'
     1>c:\users\aitor\skydrive\documentos\mgep\1\programazioa ii\src\eskolaproiektua\eskolaproiektua 1.3.2\eskolaproiektua\bistaratu.c(25): error C2143: error de sintaxis : falta ')' delante de '*'
     1>c:\users\aitor\skydrive\documentos\mgep\1\programazioa ii\src\eskolaproiektua\eskolaproiektua 1.3.2\eskolaproiektua\bistaratu.c(25): error C2143: error de sintaxis : falta '{' delante de '*'
     1>c:\users\aitor\skydrive\documentos\mgep\1\programazioa ii\src\eskolaproiektua\eskolaproiektua 1.3.2\eskolaproiektua\bistaratu.c(25): error C2143: error de sintaxis : falta ';' delante de '*'
     1>c:\users\aitor\skydrive\documentos\mgep\1\programazioa ii\src\eskolaproiektua\eskolaproiektua 1.3.2\eskolaproiektua\bistaratu.c(25): error C2059: error de sintaxis : ')'
     1>c:\users\aitor\skydrive\documentos\mgep\1\programazioa ii\src\eskolaproiektua\eskolaproiektua 1.3.2\eskolaproiektua\bistaratu.c(25): error C2054: se esperaba '(' a continuación de 'eskola_ptr_ptr'
     1>c:\users\aitor\skydrive\documentos\mgep\1\programazioa ii\src\eskolaproiektua\eskolaproiektua 1.3.2\eskolaproiektua\bistaratu.c(49): error C2143: error de sintaxis : falta ')' delante de '*'
     1>c:\users\aitor\skydrive\documentos\mgep\1\programazioa ii\src\eskolaproiektua\eskolaproiektua 1.3.2\eskolaproiektua\bistaratu.c(49): error C2143: error de sintaxis : falta '{' delante de '*'
     1>c:\users\aitor\skydrive\documentos\mgep\1\programazioa ii\src\eskolaproiektua\eskolaproiektua 1.3.2\eskolaproiektua\bistaratu.c(49): error C2143: error de sintaxis : falta ';' delante de '*'
     1>c:\users\aitor\skydrive\documentos\mgep\1\programazioa ii\src\eskolaproiektua\eskolaproiektua 1.3.2\eskolaproiektua\bistaratu.c(49): error C2059: error de sintaxis : ')'
     1>c:\users\aitor\skydrive\documentos\mgep\1\programazioa ii\src\eskolaproiektua\eskolaproiektua 1.3.2\eskolaproiektua\bistaratu.c(49): error C2054: se esperaba '(' a continuación de 'eskola_ptr_ptr'
     1>c:\users\aitor\skydrive\documentos\mgep\1\programazioa ii\src\eskolaproiektua\eskolaproiektua 1.3.2\eskolaproiektua\bistaratu.c(74): error C2143: error de sintaxis : falta ')' delante de '*'
     1>c:\users\aitor\skydrive\documentos\mgep\1\programazioa ii\src\eskolaproiektua\eskolaproiektua 1.3.2\eskolaproiektua\bistaratu.c(74): error C2143: error de sintaxis : falta '{' delante de '*'
     1>c:\users\aitor\skydrive\documentos\mgep\1\programazioa ii\src\eskolaproiektua\eskolaproiektua 1.3.2\eskolaproiektua\bistaratu.c(74): error C2143: error de sintaxis : falta ';' delante de '*'
     1>c:\users\aitor\skydrive\documentos\mgep\1\programazioa ii\src\eskolaproiektua\eskolaproiektua 1.3.2\eskolaproiektua\bistaratu.c(74): error C2059: error de sintaxis : ')'
     1>c:\users\aitor\skydrive\documentos\mgep\1\programazioa ii\src\eskolaproiektua\eskolaproiektua 1.3.2\eskolaproiektua\bistaratu.c(74): error C2054: se esperaba '(' a continuación de 'eskola_ptr_ptr'
     1>c:\users\aitor\skydrive\documentos\mgep\1\programazioa ii\src\eskolaproiektua\eskolaproiektua 1.3.2\eskolaproiektua\bistaratu.c(97): error C2143: error de sintaxis : falta ')' delante de '*'
     1>c:\users\aitor\skydrive\documentos\mgep\1\programazioa ii\src\eskolaproiektua\eskolaproiektua 1.3.2\eskolaproiektua\bistaratu.c(97): error C2143: error de sintaxis : falta '{' delante de '*'
     1>c:\users\aitor\skydrive\documentos\mgep\1\programazioa ii\src\eskolaproiektua\eskolaproiektua 1.3.2\eskolaproiektua\bistaratu.c(97): error C2143: error de sintaxis : falta ';' delante de '*'
     1>c:\users\aitor\skydrive\documentos\mgep\1\programazioa ii\src\eskolaproiektua\eskolaproiektua 1.3.2\eskolaproiektua\bistaratu.c(97): error C2059: error de sintaxis : ')'
     1>c:\users\aitor\skydrive\documentos\mgep\1\programazioa ii\src\eskolaproiektua\eskolaproiektua 1.3.2\eskolaproiektua\bistaratu.c(97): error C2054: se esperaba '(' a continuación de 'eskola_ptr_ptr'
     1>c:\users\aitor\skydrive\documentos\mgep\1\programazioa ii\src\eskolaproiektua\eskolaproiektua 1.3.2\eskolaproiektua\bistaratu.c(125): error C2143: error de sintaxis : falta ')' delante de '*'
     1>c:\users\aitor\skydrive\documentos\mgep\1\programazioa ii\src\eskolaproiektua\eskolaproiektua 1.3.2\eskolaproiektua\bistaratu.c(125): error C2143: error de sintaxis : falta '{' delante de '*'
     1>c:\users\aitor\skydrive\documentos\mgep\1\programazioa ii\src\eskolaproiektua\eskolaproiektua 1.3.2\eskolaproiektua\bistaratu.c(125): error C2143: error de sintaxis : falta ';' delante de '*'
     1>c:\users\aitor\skydrive\documentos\mgep\1\programazioa ii\src\eskolaproiektua\eskolaproiektua 1.3.2\eskolaproiektua\bistaratu.c(125): error C2059: error de sintaxis : ')'
     1>c:\users\aitor\skydrive\documentos\mgep\1\programazioa ii\src\eskolaproiektua\eskolaproiektua 1.3.2\eskolaproiektua\bistaratu.c(125): error C2054: se esperaba '(' a continuación de 'eskola_ptr_ptr'
     1>c:\users\aitor\skydrive\documentos\mgep\1\programazioa ii\src\eskolaproiektua\eskolaproiektua 1.3.2\eskolaproiektua\bistaratu.c(146): error C2143: error de sintaxis : falta ')' delante de '*'
     1>c:\users\aitor\skydrive\documentos\mgep\1\programazioa ii\src\eskolaproiektua\eskolaproiektua 1.3.2\eskolaproiektua\bistaratu.c(146): error C2143: error de sintaxis : falta '{' delante de '*'
     1>c:\users\aitor\skydrive\documentos\mgep\1\programazioa ii\src\eskolaproiektua\eskolaproiektua 1.3.2\eskolaproiektua\bistaratu.c(146): error C2143: error de sintaxis : falta ';' delante de '*'
     1>c:\users\aitor\skydrive\documentos\mgep\1\programazioa ii\src\eskolaproiektua\eskolaproiektua 1.3.2\eskolaproiektua\bistaratu.c(146): error C2059: error de sintaxis : ')'
     1>c:\users\aitor\skydrive\documentos\mgep\1\programazioa ii\src\eskolaproiektua\eskolaproiektua 1.3.2\eskolaproiektua\bistaratu.c(146): error C2054: se esperaba '(' a continuación de 'eskola_ptr_ptr'
     1>c:\users\aitor\skydrive\documentos\mgep\1\programazioa ii\src\eskolaproiektua\eskolaproiektua 1.3.2\eskolaproiektua\bistaratu.c(158): error C2143: error de sintaxis : falta ')' delante de '*'
     1>c:\users\aitor\skydrive\documentos\mgep\1\programazioa ii\src\eskolaproiektua\eskolaproiektua 1.3.2\eskolaproiektua\bistaratu.c(158): error C2143: error de sintaxis : falta '{' delante de '*'
     1>c:\users\aitor\skydrive\documentos\mgep\1\programazioa ii\src\eskolaproiektua\eskolaproiektua 1.3.2\eskolaproiektua\bistaratu.c(158): error C2143: error de sintaxis : falta ';' delante de '*'
     1>c:\users\aitor\skydrive\documentos\mgep\1\programazioa ii\src\eskolaproiektua\eskolaproiektua 1.3.2\eskolaproiektua\bistaratu.c(158): error C2059: error de sintaxis : ')'
     1>c:\users\aitor\skydrive\documentos\mgep\1\programazioa ii\src\eskolaproiektua\eskolaproiektua 1.3.2\eskolaproiektua\bistaratu.c(158): error C2054: se esperaba '(' a continuación de 'eskola_ptr_ptr'
     1>c:\users\aitor\skydrive\documentos\mgep\1\programazioa ii\src\eskolaproiektua\eskolaproiektua 1.3.2\eskolaproiektua\bistaratu.c(174): error C2143: error de sintaxis : falta ')' delante de '*'
     1>c:\users\aitor\skydrive\documentos\mgep\1\programazioa ii\src\eskolaproiektua\eskolaproiektua 1.3.2\eskolaproiektua\bistaratu.c(174): error C2143: error de sintaxis : falta '{' delante de '*'
     1>c:\users\aitor\skydrive\documentos\mgep\1\programazioa ii\src\eskolaproiektua\eskolaproiektua 1.3.2\eskolaproiektua\bistaratu.c(174): error C2143: error de sintaxis : falta ';' delante de '*'
     1>c:\users\aitor\skydrive\documentos\mgep\1\programazioa ii\src\eskolaproiektua\eskolaproiektua 1.3.2\eskolaproiektua\bistaratu.c(174): error C2059: error de sintaxis : ')'
     1>c:\users\aitor\skydrive\documentos\mgep\1\programazioa ii\src\eskolaproiektua\eskolaproiektua 1.3.2\eskolaproiektua\bistaratu.c(174): error C2054: se esperaba '(' a continuación de 'eskola_ptr_ptr'
         Generando código...
     1>Compilación del proyecto terminada "C:\Users\Aitor\SkyDrive\Documentos\MGEP\1\Programazioa II\src\EskolaProiektua\EskolaProiektua 1.3.2\EskolaProiektua\EskolaProiektua.vcxproj" (Build destinos) -- ERROR.

ERROR al compilar.

Tiempo transcurrido 00:00:01.64
