Compilación iniciada a las 26/02/2014 15:25:27.
     1>Proyecto "C:\Users\Aitor\Documents\MGEP\1\Programazioa II\src\fitxeroak\ariketa_ae\ariketa_ae.vcxproj" en el nodo 2 (Build destinos).
     1>ClCompile:
         C:\Program Files (x86)\Microsoft Visual Studio 12.0\VC\bin\CL.exe /c /ZI /nologo /W3 /WX- /Od /Oy- /D WIN32 /D _DEBUG /D _CONSOLE /D _LIB /D _UNICODE /D UNICODE /Gm /EHsc /RTC1 /MDd /GS /fp:precise /Zc:wchar_t /Zc:forScope /Fo"Debug\\" /Fd"Debug\vc120.pdb" /Gd /TC /analyze- /errorReport:prompt ariketa_ae.c
         ariketa_ae.c
     1>c:\users\aitor\documents\mgep\1\programazioa ii\src\fitxeroak\ariketa_ae\ariketa_ae.c(31): warning C4098: 'ubikazioaLortu' : función 'void' que devuelve un valor
     1>c:\users\aitor\documents\mgep\1\programazioa ii\src\fitxeroak\ariketa_ae\ariketa_ae.c(39): warning C4996: 'scanf': This function or variable may be unsafe. Consider using scanf_s instead. To disable deprecation, use _CRT_SECURE_NO_WARNINGS. See online help for details.
                 c:\program files (x86)\microsoft visual studio 12.0\vc\include\stdio.h(283) : vea la declaración de 'scanf'
     1>c:\users\aitor\documents\mgep\1\programazioa ii\src\fitxeroak\ariketa_ae\ariketa_ae.c(54): warning C4996: 'fopen': This function or variable may be unsafe. Consider using fopen_s instead. To disable deprecation, use _CRT_SECURE_NO_WARNINGS. See online help for details.
                 c:\program files (x86)\microsoft visual studio 12.0\vc\include\stdio.h(211) : vea la declaración de 'fopen'
     1>c:\users\aitor\documents\mgep\1\programazioa ii\src\fitxeroak\ariketa_ae\ariketa_ae.c(55): warning C4996: 'fopen': This function or variable may be unsafe. Consider using fopen_s instead. To disable deprecation, use _CRT_SECURE_NO_WARNINGS. See online help for details.
                 c:\program files (x86)\microsoft visual studio 12.0\vc\include\stdio.h(211) : vea la declaración de 'fopen'
     1>c:\users\aitor\documents\mgep\1\programazioa ii\src\fitxeroak\ariketa_ae\ariketa_ae.c(57): warning C4996: 'fscanf': This function or variable may be unsafe. Consider using fscanf_s instead. To disable deprecation, use _CRT_SECURE_NO_WARNINGS. See online help for details.
                 c:\program files (x86)\microsoft visual studio 12.0\vc\include\stdio.h(230) : vea la declaración de 'fscanf'
     1>c:\users\aitor\documents\mgep\1\programazioa ii\src\fitxeroak\ariketa_ae\ariketa_ae.c(62): warning C4996: 'fopen': This function or variable may be unsafe. Consider using fopen_s instead. To disable deprecation, use _CRT_SECURE_NO_WARNINGS. See online help for details.
                 c:\program files (x86)\microsoft visual studio 12.0\vc\include\stdio.h(211) : vea la declaración de 'fopen'
       Link:
         C:\Program Files (x86)\Microsoft Visual Studio 12.0\VC\bin\link.exe /ERRORREPORT:PROMPT /OUT:"C:\Users\Aitor\Documents\MGEP\1\Programazioa II\src\fitxeroak\Debug\ariketa_ae.exe" /INCREMENTAL /NOLOGO kernel32.lib user32.lib gdi32.lib winspool.lib comdlg32.lib advapi32.lib shell32.lib ole32.lib oleaut32.lib uuid.lib odbc32.lib odbccp32.lib /MANIFEST /MANIFESTUAC:"level='asInvoker' uiAccess='false'" /manifest:embed /DEBUG /PDB:"C:\Users\Aitor\Documents\MGEP\1\Programazioa II\src\fitxeroak\Debug\ariketa_ae.pdb" /SUBSYSTEM:CONSOLE /TLBID:1 /DYNAMICBASE /NXCOMPAT /IMPLIB:"C:\Users\Aitor\Documents\MGEP\1\Programazioa II\src\fitxeroak\Debug\ariketa_ae.lib" /MACHINE:X86 Debug\ariketa_ae.obj
         ariketa_ae.vcxproj -> C:\Users\Aitor\Documents\MGEP\1\Programazioa II\src\fitxeroak\Debug\ariketa_ae.exe
     1>Compilación del proyecto terminada "C:\Users\Aitor\Documents\MGEP\1\Programazioa II\src\fitxeroak\ariketa_ae\ariketa_ae.vcxproj" (Build destinos).

Compilación correcta.

Tiempo transcurrido 00:00:02.47
